982
9218 11
24201 70639 23172 8590 89612 27311 50339 68963 41448 71906 35538
9265 10
33298 91487 82736 33897 53397 67953 68331 48707 24823 58858
1161 11
6615 47289 31630 24904 45754 50715 35684 83258 57095 41509 17614
6152 14
23049 3713 94538 71362 5991 24180 71306 33034 6315 14160 16806 6747 28053 75597
3050 15
17096 31709 50044 89911 57053 69020 41617 80440 63291 20139 14042 55851 77035 7507 20053
5020 12
97385 23908 71679 56306 61717 34753 28296 11335 70976 72364 84053 24078
1224 11
61704 16614 56486 7351 40119 45202 70152 23191 70091 625 46850
4193 12
16068 97482 29869 82470 34675 99564 51587 49397 52011 58278 8596 24403
1760 10
5901 46805 28953 22422 49620 40929 58487 82880 14830 39132
2904 10
91335 19713 42921 43181 31835 27446 60058 55723 94923 54135
6977 17
16614 71114 97203 34286 50143 99975 1942 17293 75975 32183 26326 70449 32393 99006 70124 48057 66128
6915 11
85197 29988 42644 74797 65488 39955 71522 94434 85422 5398 36036
2257 11
53545 92596 49709 26567 35380 97877 83071 8041 44184 24086 37279
2469 10
67973 1645 44522 57522 9735 87765 87022 27590 97430 60170
6054 10
69265 4824 4114 52082 61539 56202 19734 15284 63110 58795
2144 12
39234 18220 37470 83373 62673 59023 65933 2623 36485 40437 7776 8888
8178 10
9401 4923 53621 50677 50605 45833 40436 81080 40020 96730
2760 13
89490 93269 78645 26113 27297 57304 85851 78331 30126 64610 16929 36859 64077
6636 15
95361 97223 997 1816 34089 60066 47982 54092 42641 71874 75695 47875 5454 88953 32592
3394 13
81118 10938 95135 41598 98924 54203 39436 58482 93786 2863 64967 15939 10310
1226 14
64032 96907 233 95939 46361 62617 44968 75758 22973 77342 8998 94276 86281 44775
5065 19
9950 32542 77520 40458 6870 28703 99038 20130 71880 311 28614 71471 75917 3096 99758 62380 69453 89812 63892
4402 11
4185 77337 92752 59661 12941 56187 28026 94612 47813 15847 31459
9562 10
73374 17388 66324 90086 78801 6065 43028 82933 24074 54582
7511 14
59683 71537 33910 16503 60278 76480 8434 7833 86698 75046 31358 77109 56141 61640
5589 14
63705 99825 59009 93461 68026 8447 18607 7436 41680 16716 32515 59911 30920 28172
2882 12
24478 16292 130 34255 65860 7897 54090 78934 34082 6626 83698 48828
9692 17
10196 53196 12574 17138 59362 90107 6893 70740 89000 95232 38246 94674 45235 44492 991 4046 49181
906 12
75208 2770 51287 46263 73612 24241 60103 44052 28069 36627 87150 11604
8728 19
18116 56671 74374 71936 65433 81479 50050 33260 74978 32405 35203 10134 47730 87702 69082 35881 73194 15654 72584
4457 15
72866 48851 13166 39188 74825 90672 43625 29127 72070 29944 52833 87383 89928 89588 10762
4893 12
93129 28005 37160 77511 30105 4774 45773 56984 96674 75560 29853 30989
61 16
26401 30734 81777 91434 10448 74641 91850 17897 38128 4280 83635 78493 26630 270 99911 22628
9027 15
58873 32154 33279 87363 7881 65327 672 96865 7339 66363 30917 65839 16771 80014 57018
4606 11
20684 93551 34227 24020 40242 57936 45877 59143 93740 44605 78370
3318 13
69979 58059 61006 22250 15194 43084 1598 80271 45513 86023 76786 94732 32281
1028 10
88525 46773 4225 60552 6622 48004 92049 98360 77170 44539
8696 20
35619 5076 45104 78115 87902 44776 77630 66416 24855 17085 86267 2284 82092 38304 42488 3876 82577 89554 94634 65791
2440 12
273 95621 17250 29022 95859 51054 32503 38466 52280 48961 36019 44569
2110 14
51188 1347 39568 86964 21009 76856 26358 34012 89707 33033 61289 24868 59501 91268
8582 14
56004 41460 73331 60342 36499 83989 26310 78272 36362 90971 49047 91550 31680 95124
142 10
72905 23765 70926 29870 52504 44876 41397 69776 27708 25320
8149 10
79950 42728 11281 39297 87508 71560 16863 46288 59349 88199
1478 20
16541 29280 81910 40915 94114 94760 88154 59763 16091 11030 29736 44076 95287 70272 31959 21990 99281 3165 56764 89956
5311 19
76763 82953 5980 31674 73422 47594 71301 56186 41168 75001 52285 66267 40337 26765 27 81510 37385 88308 85283
3919 11
4461 90734 56056 1184 66590 69802 40245 94347 89941 15819 21917
5835 10
89745 78040 67862 93568 48697 30382 93577 73781 6703 24979
7285 13
26738 74374 73564 40018 69891 63576 89313 83724 11089 24772 65547 5389 81492
9160 10
8302 32719 3972 73769 86929 4618 97387 96777 89403 31683
5227 13
40790 33407 74622 62742 47732 83714 20469 93187 46717 7672 81167 56598 25082
3597 20
44464 59146 40462 90138 15572 37962 55285 73670 12667 43268 82493 26650 30212 76133 11413 84345 10118 95110 90342 43181
53 11
61098 27198 2478 60488 1061 19871 70968 67042 45897 42293 56156
6886 11
58564 27227 18228 63331 5969 31876 96184 98641 73537 9162 34128
9752 10
27738 51247 5944 27133 43989 55576 97353 19038 7306 3775
1033 10
80585 22592 54274 1227 59925 20678 35336 35570 32089 66969
141 10
84401 37098 11061 21027 52135 1616 33554 42032 27534 61373
1488 13
24347 97224 5672 14619 39288 37975 94939 22695 94462 1762 80258 33891 32887
7293 15
70986 12574 73884 14763 49312 44087 51647 57054 36429 78972 14667 49885 3704 39981 13465
5272 17
44610 49264 79790 8396 54677 6228 83652 50995 18631 26000 82744 37339 37519 52185 38740 37152 14946
7709 19
78733 56021 53259 9816 23021 71892 70512 99195 6194 91415 67654 80735 37972 88615 17174 28069 69407 58854 24499
1949 20
29512 75188 98832 96757 24096 18968 63589 2883 99686 41367 77607 82966 5658 99572 21318 52845 71256 1416 46254 7767
6739 10
32314 50698 56487 78605 49017 32677 60521 22177 12013 54695
3729 11
2650 25485 83971 45274 95081 52186 91787 11564 15581 92769 62809
5172 20
71104 863 32583 57587 6742 52564 67828 45727 8430 40985 78612 17102 5955 52269 22553 51447 70466 24432 57499 4624
661 20
44823 87312 77606 55860 25973 32402 83190 15297 46618 9112 5110 48941 86001 49350 15973 41272 66405 31489 50977 26557
3525 19
5122 89782 97816 53202 33222 22992 54655 28338 80204 60690 11729 99793 88124 39839 72796 4701 90138 9648 26248
7358 20
45114 30585 6016 65619 34271 51487 8226 67570 88944 34122 46729 65508 47834 81543 36550 59605 46203 41726 63957 81897
8449 14
80146 20646 88496 150 14558 6551 8130 39740 45138 79160 18333 63841 28274 1067
5091 17
31388 39856 79615 12683 10382 65945 28866 21570 44496 88734 28304 89906 69124 57384 25414 8330 38037
6550 19
49892 97138 33058 16395 65313 80912 12759 94970 63103 7958 11530 57527 31067 97857 10051 93066 35700 85050 57286
9540 10
76067 40796 3354 15348 69550 15073 99580 34381 22506 64100
805 13
72013 94485 44657 11921 47300 77582 97775 27115 87849 50852 75569 63022 50790
350 12
4757 8204 39345 10810 77936 28363 55647 2565 16689 34408 63551 43238
9061 10
42091 6623 97493 6237 40717 34454 47228 36314 14719 97758
4704 11
14343 53376 46492 88817 45187 96939 26048 79826 11965 66137 47679
3437 10
95139 68876 60974 40649 27826 28689 34182 4850 77581 33324
5438 14
89930 94553 60056 6373 41381 98 49632 12924 68452 87397 13272 44812 76256 527
6079 17
81771 51612 72673 10997 76709 16853 77000 15659 12844 61223 26665 49 22024 49798 97034 80276 36151
6464 18
73743 58880 37271 70117 7568 73781 7421 84763 19163 42483 71231 42093 8972 88610 66338 51166 78557 49221
9647 19
95318 35547 25354 77077 15121 3723 36307 24037 93830 36874 69201 25514 46419 6639 14951 22523 20992 29392 47109
5568 14
65855 45053 72568 11333 67294 86322 66563 70548 40116 17432 15721 83113 22644 11989
5724 19
24578 9003 12844 64761 4331 43701 3319 16663 53478 91251 13122 89956 72830 21401 93722 63547 19536 8025 83428
7120 13
78578 58277 32987 81466 49243 98211 52987 19466 92811 46518 84236 55580 86758
2595 20
6211 32210 37988 56102 53077 20237 43589 65394 85163 4574 7402 74434 24051 14294 89403 99774 58789 21527 68600 47277
349 20
55168 73350 92378 34171 93253 45706 17897 71808 20469 59352 64201 10212 39545 18167 99807 87536 56492 83215 49971 97265
9294 20
68640 37479 33522 72711 87581 96726 97076 57295 89243 48181 16973 54341 42080 37909 57516 747 23597 42870 59429 7009
9985 19
94829 27065 4521 81477 71651 81469 5474 352 43277 44342 46976 86708 13262 95315 31641 35989 39791 18118 57997
1137 15
53183 94733 49964 73122 38498 15617 75813 181 41013 89486 49198 86110 52467 23843 32799
9733 16
77857 48043 58337 25678 73503 55530 38374 58005 16989 46377 14939 52738 55543 39173 4715 90923
3726 14
98339 60925 28561 25619 64529 19778 28990 84645 32226 55052 36631 85115 4363 64035
1557 17
23157 3194 24504 5543 79620 13668 657 60485 11168 8127 2858 69284 23294 5566 64895 49134 85028
694 12
62376 50489 2487 42094 49859 56320 57748 44731 58055 95671 76704 55401
8659 12
36054 46930 33893 50837 70857 71598 28136 57540 79943 50421 74354 16263
1864 14
54703 52248 80808 46864 18625 35086 94551 34568 96511 43957 30623 78112 33943 22717
7302 13
95949 4551 37237 24210 18178 91896 53737 76795 98405 69412 74549 15124 90996
1432 16
43667 71266 39239 63003 4996 696 1554 87873 39998 74840 67751 35888 84417 92158 26297 44014
9017 14
19329 60619 91709 91072 65630 43329 80430 42812 95557 5712 91892 26768 14022 60058
5555 16
72557 3773 40617 53231 48511 21604 26780 43114 88406 41617 52666 5128 43089 44824 77368 15588
4059 10
86716 23918 19054 62569 95569 36425 3166 88056 50230 12229
122 10
13385 55902 89613 37843 78834 70053 12344 98090 22078 47800
8738 17
36519 46844 69069 33701 92795 68221 41936 2052 485 20614 10840 42857 1081 89237 47390 34438 88550
6960 15
69862 82588 14405 61486 10844 19748 71899 36781 67911 6247 50433 54459 72698 38352 99689
7491 18
69142 8221 60681 25513 70505 21049 29611 75423 39338 48935 32661 67568 14389 89044 6316 39743 43424 24104
6916 12
69602 70456 11809 72127 30454 41285 99970 50484 1234 28824 52775 73880
6340 13
46063 60749 56010 60207 53228 60536 13455 35977 8151 94994 4957 9906 83042
2161 13
11177 35535 77726 33316 79403 85231 54735 42313 8541 29731 90603 60933 27813
9934 14
42785 61475 76048 31611 62769 13865 40644 50954 26078 33290 85896 12599 74498 48939
751 18
74094 15713 59538 92605 51453 15535 18471 15151 59492 70627 41058 275 5449 94239 29854 33695 65399 91075
7010 13
76342 3374 88013 50049 6527 33506 73618 84419 76992 32844 9494 7866 36326
9538 10
5671 63939 35462 87417 46560 59350 38607 72941 5986 95449
498 15
4651 64733 75135 38688 95302 85390 90223 11241 80075 77897 55274 74383 72849 84687 14276
8093 18
97945 3141 34533 39976 53286 17236 18541 46747 89863 22993 70998 15847 93112 11320 35669 1934 5675 84931
6185 19
1550 49168 10957 43886 85140 80553 92901 47875 81670 94908 4259 53631 50605 13777 26521 64503 75533 39140 88182
4343 10
14267 98181 7638 27144 98499 6854 51840 30423 2801 63682
2346 11
38852 3616 22001 5214 62638 75265 2355 90784 90132 23022 33916
2331 12
86018 79548 35191 67429 95845 82730 99841 7728 47495 77431 99421 78051
7442 13
84007 2411 95694 43972 75666 51910 88066 60742 31144 18588 88608 7033 83475
8181 19
15098 37489 40430 74272 45999 82963 34337 80560 39996 52171 76450 23141 56597 83126 49564 59532 29408 56979 7259
8982 16
79323 5325 22153 39197 89082 61247 47826 86490 60915 76643 66278 59681 20310 64244 80064 87726
3342 11
96178 65979 72979 52081 9122 84123 39507 44990 4931 9498 49654
7259 16
72463 14752 40686 32807 40291 76191 70983 14943 76989 5724 28997 28376 44513 25195 28395 65832
8839 19
73517 4964 61444 48420 15830 62467 81713 25978 11548 30601 13780 76776 24954 93992 79479 17418 66404 80409 25692
29 18
69361 80532 50056 99675 23600 12708 69534 33336 80009 93750 77682 68449 68691 66311 97733 77350 33042 55674
6899 13
95073 85529 51050 14246 83721 94621 36977 66595 66671 10095 7382 56318 85338
7308 16
56598 78871 24598 40867 97823 21713 10896 24479 54440 11678 29482 31752 48460 67249 38808 75913
2470 12
63724 1465 39710 41697 55965 41551 56202 76510 90674 17111 84926 1537
4058 13
55020 46516 56871 29557 62267 53443 27207 17426 7826 46267 50042 84900 7336
706 17
20841 1804 28375 10130 68665 9322 15331 96598 13147 10091 33992 20981 21956 90300 2800 27067 2442
6715 18
75926 94724 95314 67956 35878 70288 34769 21077 96008 68116 92033 26822 49510 69349 9544 3598 98111 1147
969 15
11375 16352 7644 90538 3560 29407 4938 77890 94144 38137 36205 24281 51351 6800 64681
8618 12
43686 80547 84943 13828 55352 92996 98333 17819 21205 59270 26628 15525
9724 10
9593 90703 43882 52416 72055 89926 52985 50861 24199 18668
2402 11
27663 12370 56326 92810 22988 47570 2946 35838 26911 32211 17679
8279 11
73237 63029 43322 98543 82502 79437 24737 63624 11213 32039 96414
2664 19
47589 84514 80596 73448 30059 54995 57718 52093 96111 91693 57976 65434 39531 70202 73485 47150 31295 69525 60287
8591 18
60237 49613 31632 30074 84079 79328 58214 60267 4367 78446 10379 94483 92938 64419 31112 50910 2595 55863
4705 17
71928 66365 58350 37941 19051 26982 28939 46654 15961 92431 29112 24661 9691 95102 33664 51664 27498
4277 17
93834 15890 88908 87780 46843 34590 59812 76239 50526 21120 43436 41002 43504 1840 76576 5683 99806
8384 20
84313 76168 71023 27699 45614 69826 29310 79781 81966 15212 67329 4986 84933 34713 90223 24067 37923 54344 67804 89482
2890 11
55383 8520 59460 53382 60955 64427 58072 58257 87869 58129 4120
4592 16
62166 66520 2737 94241 99838 32609 50130 128 71248 56565 67041 22756 11984 73461 7033 22769
5654 18
26456 26060 59164 3479 47669 87670 58774 10907 89846 13720 3565 8560 80070 55252 94010 83268 49319 42559
416 17
58698 71411 34561 348 61397 10280 80870 97542 78548 84065 57140 85782 27052 96196 82929 1508 19674
7984 19
56008 97991 38861 60574 88120 40900 57279 98660 83098 78896 27980 59248 7690 55615 96995 57104 44930 6981 91557
2830 20
81508 74125 52506 2023 24754 43765 65030 69904 50999 11521 17347 2816 93477 3571 73779 27169 85802 22923 66058 62515
6213 19
72552 77424 63457 58212 51875 13393 82724 9811 95472 10865 29136 29045 64840 94635 32725 40932 63817 82901 46054
7838 17
41456 32256 59223 10875 67961 34832 23853 4101 80912 23441 11511 76370 81182 3645 44970 34154 44332
5426 16
48107 75702 8856 68419 45328 72459 80817 94840 89167 51907 19950 55517 28081 80783 72585 5925
6793 16
17817 77295 5382 93306 31062 79152 74394 6450 67385 57183 11329 33019 19311 42097 35889 28348
8792 12
64469 54239 70023 19539 22102 9735 20600 54232 89532 70303 38764 6357
165 19
81958 70232 56855 78531 77356 91426 88798 78600 29967 76135 82111 77458 28355 37089 57068 71402 33518 51720 6338
1133 20
67618 24559 35861 6023 48670 50898 23940 20708 80544 84375 87020 41188 22869 28103 20269 23045 4635 89093 41625 21741
5888 13
363 70538 82769 99563 79012 94808 27297 60794 9853 79815 86405 37781 98551
4072 14
72640 66899 20232 49199 68899 40813 45975 20136 79313 82737 27998 79547 82192 24964
5263 17
41725 32725 27573 73291 63602 83457 78398 34601 64389 15260 805 37405 36344 38744 90365 21385 35600
5184 10
50275 81290 7958 16570 84137 64904 49202 20590 52462 86390
7104 18
86511 11303 13281 72320 50761 26014 6640 87687 71194 31313 2984 61556 14464 92978 52594 54403 88759 80549
7096 13
74848 51471 21657 14081 37822 59961 74167 70558 98137 11788 3912 56709 7263
293 16
66807 35161 1378 23028 98159 32085 21757 87656 89089 88008 30919 74344 52805 46410 15322 19233
9676 14
16635 14940 24519 94138 43234 14601 92518 96170 70745 24654 93929 68280 89472 52718
2651 17
87639 87520 15485 51735 6709 34930 66504 90615 98402 7277 89695 69343 35995 84919 33345 40436 303
1420 19
88102 26410 11526 27803 24206 46426 76512 84686 24401 39276 20791 82035 74425 28783 1597 72371 18028 89894 80524
2457 11
36205 36987 74588 73007 58821 24780 91283 23508 55480 77001 8334
3454 19
19304 7321 31384 52330 65362 68136 79703 65309 32422 34871 19732 4898 65984 61351 9148 55062 84783 98346 65778
5730 16
67271 51948 21283 63395 99539 91283 97162 37474 69449 97370 17026 15805 34036 7350 24823 5509
8124 19
91445 47515 64953 60124 96909 42355 20796 74777 9262 73964 17381 43674 93906 69653 24203 92010 16017 63901 77569
4871 20
42134 68337 98377 2030 18945 55914 12492 58146 79041 17652 10014 11543 920 50357 83073 72701 17164 29616 52743 66996
6538 10
14933 70242 14029 46525 78623 11118 8287 63790 44112 80291
8818 14
39943 27965 42040 294 98773 36626 86782 2506 70211 40659 95488 62386 18827 94583
6871 20
36149 31515 74615 67662 59246 599 16615 80127 12282 13601 47629 21581 66013 59306 40071 42836 74736 39044 75548 87851
2824 13
46614 52131 7772 55607 97295 55254 14508 91273 97960 10632 72587 59793 87607
7078 18
13571 74044 83541 2187 64525 26141 73397 65959 94088 33797 29359 51012 64421 6535 61642 43578 37913 18627
1139 12
63126 1884 33173 51672 13159 59678 46215 41635 19263 24234 80578 20382
2497 15
11387 65230 89009 30941 33888 2357 90565 80191 10644 41298 81091 86828 17597 66535 95546
5857 16
65193 6504 40680 25390 67607 58643 7444 72811 85184 22716 86694 32808 76320 44471 94779 99699
2366 15
49331 39807 31925 15075 93864 65455 1659 1973 51078 78503 49368 90125 77114 60684 6938
1086 11
76487 35102 60512 67639 16383 33845 5810 42472 47250 45867 92886
7177 12
7818 79707 5660 91994 28825 41812 41307 98723 37924 92866 2230 3402
9203 12
24592 91060 8113 83264 87616 27088 81842 67814 38458 71731 8470 6905
4364 15
61301 34699 36672 21995 70129 34216 83347 94136 48440 24242 95358 30905 7404 33386 15208
9560 11
33354 81457 67873 24124 8613 82282 52476 384 46631 17699 41944
8917 14
38007 65614 10177 42526 6604 18745 32911 40941 22365 3456 60134 39083 14901 61097
9316 16
33100 83085 47309 75727 47249 19434 85069 23358 99852 5807 82906 42636 43322 78016 37623 70147
1348 17
90465 19371 10838 81953 13098 6111 65834 73329 27379 53262 58518 41574 9142 90943 39422 55706 56091
7601 14
83421 60839 30420 4908 77438 9712 89117 16892 44649 48744 46716 51149 31394 70028
7833 20
17284 65603 15040 25955 82706 77924 48921 6455 81100 76171 13335 13413 75439 28263 951 96292 27970 28929 80729 55296
1427 11
86916 75006 8827 16915 87619 7576 40047 98986 56741 36020 82504
5765 12
86956 6430 4691 89199 21176 37791 68457 88576 66855 15756 65957 54227
9671 11
68750 12328 76265 18246 55891 92380 32937 90304 77785 27758 78821
1181 11
5320 28899 74718 12567 4193 28042 78261 92124 29214 27377 83554
4951 20
47056 28703 60464 96872 94786 83976 81802 58531 99435 17051 17168 4648 9077 60946 68640 97325 80866 84586 54317 79988
8366 17
57116 92987 65423 85671 28568 6347 83744 87384 10967 48329 83581 53228 69000 90808 42380 42059 38146
1331 17
31281 82656 12924 72349 41770 86946 38127 72124 81015 59974 53581 59676 69820 69818 25333 3541 36055
399 12
5660 83483 5704 58319 92949 16700 55849 36203 86560 44405 72616 59660
8749 14
24714 12262 7714 96812 48870 61553 17543 65518 10037 2101 62911 301 13284 53059
2058 13
89966 20315 96608 37058 85397 58545 32764 9370 65925 80998 51763 36073 19708
177 18
41033 56212 722 58838 56541 58466 45612 86060 79625 95196 74013 32108 24856 68856 63728 859 38787 35086
3938 12
38662 75092 68684 43547 59885 20791 83826 16110 37595 92820 12180 70893
1899 17
38591 57857 25893 1716 3380 58204 60303 18414 42150 62989 9339 23284 93748 32672 54589 20237 27669
3352 12
94089 86334 16546 86456 6699 61459 94067 8964 70537 60306 88278 51576
1029 10
52505 79024 25966 15258 90196 55391 7468 64097 19794 2582
8887 18
42539 41297 73556 6956 26988 69321 87881 63045 45450 67211 19482 89506 19827 12560 50060 80223 96383 74971
6338 18
28228 87196 50679 68607 87956 24605 97460 84191 14542 99700 95615 73241 45550 85867 12190 90076 3993 60792
417 20
47041 60189 35858 93582 95889 53611 24763 15324 96586 54617 42052 6910 23860 1989 67351 99685 66048 94957 10368 275
9543 10
33083 16737 61793 16300 82555 66348 79223 2995 44427 52330
2567 15
96368 30691 17752 72801 36475 47761 18612 63381 71812 96810 8448 15997 72348 48742 20741
6783 13
38845 44717 16383 51427 67583 82698 95095 2324 33737 48392 79679 57165 16770
5340 13
44919 20765 36370 99852 39074 32801 24410 13309 77868 79681 82085 32426 11811
1464 11
32197 70201 10968 6964 33607 90673 23162 31005 61212 32384 40376
2900 12
42158 47321 28661 314 15207 63775 5624 51805 64218 71673 21725 8159
1970 11
13325 17137 60864 60718 71777 35806 22341 30317 49785 80411 92429
1966 17
69105 14222 89946 83505 78308 8523 44201 57809 18759 22877 79121 42289 32503 51362 96754 83275 60672
1356 20
57786 77787 15920 66975 40507 83283 1718 70779 13975 89796 56979 74453 74656 52190 7850 49706 63860 73445 98328 61543
8981 10
52999 68881 53912 73258 36381 87611 11981 15079 92873 89217
54 16
81349 24468 1443 66803 49211 30585 67037 13920 42403 16396 25896 84312 97254 72890 50638 52778
7804 14
3827 30002 90637 42228 79845 51995 55552 71461 40986 30785 72232 50894 65230 10549
2394 19
34607 36193 29201 9796 95029 63799 6758 40639 43263 73569 36757 12871 83514 25967 1998 96142 20575 47576 94214
9918 10
47523 61821 71772 49584 83949 27484 79933 14457 63551 31825
5853 17
45690 46472 52055 7334 26098 51319 74745 86337 74376 35992 98161 40237 95766 69503 15189 71022 78738
6588 20
42352 1988 75995 75758 47631 66794 7618 38766 50826 49067 36766 88210 82960 2159 48982 98341 19537 50809 37636 60125
1679 15
96725 68538 72933 20174 57066 44342 6282 19995 25432 91367 89694 90049 28976 51344 77193
5167 14
81952 36994 93693 38237 53574 34460 46379 62964 91696 73438 72007 48851 19003 93921
9243 12
58247 8337 21694 83845 76302 18699 27334 3924 37978 49558 83456 52460
1584 17
20516 87744 35610 67789 55911 11055 21771 41634 95584 39082 91937 75917 80641 92745 51502 30631 13976
2995 18
84242 52134 57138 43436 30202 5274 19261 9318 1247 21413 19577 74081 18246 63121 30414 52146 5441 34544
3837 17
9470 77605 81538 64117 62685 89564 77213 91342 27601 98230 76390 52789 64520 48163 22974 1730 25504
6313 12
43265 31659 55835 93797 71033 87162 82829 11942 28797 78987 67578 40845
9423 13
87100 12736 54992 49658 36085 73513 5340 90895 23440 45286 22882 29518 36838
2276 15
43859 88880 22235 60061 28198 39529 49600 75298 80809 40974 16594 50057 53887 83080 59168
3737 16
84845 49181 12565 70424 21489 85327 68991 12217 43515 88312 34756 59688 43158 59149 21407 47737
3868 16
35657 14853 88866 78867 79373 15235 20585 93556 8246 71860 45565 48204 36551 38492 15483 77797
3722 14
38383 8250 67561 17420 22645 81754 39803 77650 99809 68679 74617 92803 30831 86539
5175 13
57263 15654 81030 6659 62499 31419 74994 70139 34740 886 12890 29872 51604
4535 18
25667 58582 96236 60973 23752 17603 28322 69520 57008 77091 30949 7516 59703 66425 81877 4879 28816 36600
6897 19
14860 28038 95402 71074 56907 75602 83304 6564 48793 73295 3932 43423 10856 54263 87937 14925 16476 37550 54084
2138 13
5474 43595 49068 37049 4045 59528 15015 1663 76670 20154 25805 59919 70282
2819 16
37738 43177 75810 73219 43189 66875 84230 37410 3543 53398 11173 84131 49564 30728 94870 70051
4319 12
64662 61789 92950 31577 67521 83203 49885 88250 7365 5288 24612 28815
7841 19
34294 92195 40280 29602 18316 91832 51679 48987 73346 29245 13603 17413 59880 47100 38953 53855 72893 24318 32406
8530 20
88957 81373 96213 42760 82458 32631 99723 2304 27044 87719 59089 20859 11503 98024 5892 22968 26138 16064 53582 19448
5403 13
35235 27414 15278 6510 91840 5304 42005 7098 57799 15504 21780 51696 96194
8098 12
7982 48510 6241 35499 78523 32178 45918 52912 98316 20487 83543 86941
5219 16
22397 94762 4727 89641 27426 90846 48243 11650 86054 30980 15058 2318 65749 68110 50308 22188
3428 20
69864 97430 28439 39161 87468 63123 51354 71379 61709 36727 94797 44929 56796 88298 49358 612 49856 25787 53296 47401
8828 11
2725 20517 73633 32078 60793 3074 60340 8643 98048 54746 54634
7075 18
26973 91201 69741 88983 37195 86304 2387 92121 92755 66289 80133 52111 99835 753 17920 27107 71055 29624
2044 20
27066 73699 63471 2766 79761 71861 84863 92294 29958 63723 59429 69976 90947 7230 64546 34336 89068 39554 25945 69029
2046 11
54706 70810 66633 42330 2182 61705 14743 55057 12494 96894 61720
2783 18
14714 7560 95945 38236 42792 441 63986 86454 76368 71281 50528 59093 52842 17055 93047 23568 85089 56288
5532 16
99553 58431 4594 84803 70554 64219 76154 9624 56444 75618 77124 20449 36759 45150 8841 81458
6134 20
3 84770 17304 21341 15130 83989 16441 88845 28511 93362 14464 20223 46847 15983 59575 72197 54442 53746 8314 58272
2359 15
78319 12451 20678 52615 30503 98686 9508 14067 28632 55889 60259 19053 63497 85810 83803
7175 12
75263 28784 28230 4082 68888 23413 39305 55577 66907 96386 14897 17709
7755 11
41405 55723 8084 19806 33371 10059 64581 8982 60014 54764 36466
577 12
78649 87248 70531 33333 45770 2151 40761 15164 76519 598 48924 71558
9847 20
98774 25360 49572 51583 53569 96190 34886 37905 90236 85170 76930 81346 11764 86436 67470 83320 42249 83562 40102 31148
1923 14
9757 40123 85162 23612 51298 2883 71859 26537 33125 45187 58861 98448 99277 778
9353 10
93341 42507 70253 78811 31682 4698 37027 20075 53825 81804
1349 19
11511 63894 22375 82237 86640 50069 44508 45850 8164 17539 75381 75694 74174 32056 94002 19353 28366 42110 56202
3340 18
1489 7453 23964 31484 96673 54815 8177 46621 45755 89643 76201 66710 64382 37866 33191 77225 34884 82696
7822 13
86967 550 77976 68283 51399 70296 75535 15773 48849 45966 74828 20701 66124
5471 16
60059 69600 64136 31354 92558 62953 85226 67905 65498 14515 44193 24670 54303 33430 90653 70949
829 10
87347 55346 11202 57872 84083 2020 71741 26965 64598 79013
2446 14
70857 72180 30018 16820 31139 50706 665 91203 9049 57737 56570 9331 7088 16604
6285 15
62169 93151 96251 10521 86520 10892 14578 94245 83809 41241 50044 26159 24073 32485 86974
657 10
62073 35060 56560 28948 42847 27863 18766 39742 83887 7188
9772 17
12919 34725 41179 10161 1331 77264 18994 10639 45682 95372 39849 71956 63725 90925 20394 52743 70656
2250 15
46943 38008 52198 84817 68845 70257 19243 95542 87671 54812 87037 14779 10297 3417 3737
1448 14
88725 61385 97191 91418 92889 95566 89811 88507 14370 45990 53233 52876 45379 46160
4758 20
84347 26076 94218 47525 37923 99010 2686 63986 23928 92408 91216 41803 2051 24709 74497 54287 4552 71749 33654 61417
5187 12
27444 64840 80334 37357 59038 70961 47628 58399 97698 19920 72432 11230
5968 11
15547 19106 92878 17157 34276 45326 53808 24225 25980 52656 72515
1458 12
69893 35673 25034 18413 20711 26866 96190 84185 82976 57706 82004 9039
7296 14
11285 36981 77828 49203 12073 33372 54115 2547 32866 9476 23355 79028 41134 51538
9548 12
5328 65341 12593 79741 50610 2920 87321 49282 76966 90100 42365 33079
3080 15
87054 69934 20809 6733 31796 3671 54164 17256 81404 40481 74341 1883 31977 64673 78611
6396 12
14039 14995 80236 16288 72098 53076 68119 71240 49992 67310 28919 10810
4717 19
61563 28190 12998 65413 36568 43891 51880 81351 2654 56201 3319 49956 68665 61195 79767 29078 67252 26828 86264
3792 13
47166 52065 66718 32753 92435 9826 75482 8578 98249 52854 82939 1767 1063
2610 20
25060 89240 65479 74761 7820 71113 49113 48745 4174 53356 66708 30494 61304 77032 10458 11071 1382 48043 39325 52297
5569 13
59384 64850 3796 34230 83966 84254 49204 9565 42224 1429 17805 54440 62797
9810 10
33464 95564 1912 7955 53669 72649 8905 93754 53684 4726
9028 15
33839 90292 51723 151 85016 27682 70946 9170 18377 37017 69008 71195 75877 83450 1506
579 10
12219 42065 62224 45252 49017 66917 75165 40520 67171 71023
9610 16
73708 72458 15889 80133 82028 7226 8256 61799 10310 46899 94445 81281 51124 26024 59639 99410
5202 18
84690 86155 31782 62898 18250 70761 84619 24818 60356 58381 58369 34541 97824 65496 15311 19273 21096 87187
6441 16
68267 25434 85948 72742 34475 89384 74361 88836 48752 69323 2647 5683 30909 78139 9868 32392
1601 15
24960 40625 99629 21338 8350 44328 7951 77556 80302 48156 86336 97871 98568 39225 1408
9667 15
40011 43833 70655 20501 94791 36504 59887 56222 16180 50609 90180 66302 13401 54762 66630
8958 15
60861 406 12006 9150 55618 60567 56082 19992 55120 37144 68824 35279 37090 59386 63505
6772 13
23500 95671 24112 88834 95512 19919 62509 45113 86445 46842 90050 75938 68161
5948 13
21026 37934 73319 84791 57115 33742 28857 50950 62993 42117 80915 94212 4378
1878 12
33312 95668 44655 18070 28574 11468 48646 84076 55740 54475 98695 39007
5252 12
61595 39537 18168 72222 57648 83512 22191 13382 58442 93958 43213 69887
451 10
78636 15961 55199 15297 46950 55813 62222 94095 87307 66191
8616 11
38917 96194 68422 97818 65752 70430 38923 71062 78358 75987 82814
1737 18
24216 28258 74518 7610 11483 18610 7055 10209 35667 75599 96574 63090 41108 39513 1912 75184 38352 75169
9095 14
92928 86290 86613 18313 72812 17192 14246 12473 20395 49484 75822 93109 3621 37934
92 10
20672 76538 33545 87154 37274 73669 42710 9131 57354 23932
1561 18
5669 37006 71237 27889 9880 92091 16710 90433 18027 37612 58267 53032 30326 38789 16984 92126 87458 25619
3470 15
78132 23632 33836 46955 77800 44068 20222 83206 41087 88324 56067 73037 98740 72116 20558
3245 13
12848 25424 13640 53768 23154 16918 44312 16529 59501 34803 38197 17762 92454
7201 19
2668 71365 5891 23777 75421 33173 81726 46664 22662 7886 97303 17893 1870 38846 95419 71207 98275 76802 54759
2837 13
50798 50938 99704 70238 91512 57761 42141 60348 43769 94003 67662 35309 93926
6992 13
78207 76198 11808 93173 36392 57291 19916 18627 41507 22059 38949 19422 65452
336 13
20031 33376 95097 69547 14879 68306 35413 4018 4456 78480 45101 72530 708
1342 12
57895 63941 14075 34616 19315 86196 6330 46270 74766 88043 67961 56297
8008 18
38386 78634 61943 93520 69813 86370 23597 69382 37017 33914 35381 3839 50829 78600 47538 18070 765 71377
3883 15
24416 33589 45299 73083 51928 48709 42944 44369 60726 73176 52270 22713 81808 97903 99574
9761 12
74259 91084 54689 97684 28058 3750 87866 34675 61586 97918 55044 91986
4660 16
6364 39466 26081 49130 68486 50666 49197 82664 75421 72867 10404 8268 18015 62952 34629 53046
5687 18
71188 11163 20019 93903 40386 24711 56915 26971 16767 57895 77519 17174 99532 82885 12006 1309 80350 64527
8186 10
75246 20166 54686 75208 4106 45298 80745 38853 66406 78862
9060 19
30539 85768 39421 15588 91847 51498 49125 32288 58438 17460 73534 75184 28418 47744 3631 78524 82115 2832 21954
7881 12
30549 30489 8436 47235 12040 69356 29647 94115 50018 27882 95013 40758
5286 11
60639 4117 94415 27086 33603 47790 74002 53652 22812 84511 83647
5971 19
26586 74513 30555 29132 17058 33269 46878 22971 48281 36326 59170 89985 37400 66882 38344 70249 29902 22135 83747
7368 10
91433 14375 56298 15296 18208 67270 40763 11093 83691 10925
7045 14
70445 53886 20267 64734 50528 48410 17983 30104 40769 43027 67035 79991 46945 15855
6416 19
31915 74318 81253 20964 47968 92349 52550 5425 16620 95684 90005 99308 56390 15413 66830 10699 45119 10158 57172
8536 12
29653 37942 72420 48124 96280 24795 76757 46383 59880 22722 47251 69885
2943 20
56722 56395 89074 61497 44522 4916 14627 8051 34734 35038 38998 10040 42824 36728 90985 68857 48077 11954 68429 19155
667 15
65505 49708 42870 76211 4430 84084 92353 37390 6535 6328 1529 6330 28636 85898 42355
2541 18
25662 73929 79040 43459 96147 57554 12444 12038 41831 19302 54239 32094 29965 98796 23352 5197 59039 14967
8285 13
72167 77979 13554 45320 51240 80043 3807 34260 15191 96181 57228 93030 21592
6885 16
92336 37539 69466 82690 19537 6480 5015 51407 27088 85859 6488 66579 57256 55405 17732 63259
5771 19
72219 49265 75809 93974 66534 54432 33987 3612 24242 99914 33122 28069 1209 59863 86501 61655 64988 79899 93188
9948 13
90758 83858 4624 74943 23869 10231 7578 60007 24599 44866 15301 55894 78907
7197 19
37221 50884 79354 60373 29183 57881 32052 40527 45087 70548 85002 33752 57825 9789 17486 47711 35493 22905 23852
6468 20
15038 84678 5418 43956 12308 70998 6743 3664 38772 45359 93445 2730 52653 33024 60710 39842 68680 81275 29476 85490
7995 17
7514 47295 72285 28990 19974 74621 76518 78404 30852 96627 55364 5768 25285 38128 77993 95027 64041
9596 18
24317 83745 52255 58817 28257 51612 6407 46877 92897 36722 74803 350 83441 62020 70628 82845 68283 36022
273 10
5886 81132 26350 88489 89638 20523 54141 53297 43542 68337
6355 16
84084 44783 10185 70258 65387 56480 97645 50907 41965 20133 94618 17030 31177 33872 62766 91485
4626 16
43299 59185 93171 12639 47575 5799 40041 72668 41373 31619 76669 47208 61425 27547 55430 5871
5107 10
91670 42282 26124 90546 25261 71935 99782 89436 74495 16207
9255 14
17705 40739 69499 1875 12490 87929 82545 29485 54473 80757 33025 19731 14871 10121
7731 18
22107 70586 30295 71930 36559 52336 63158 74564 19993 54980 4279 89097 6507 32855 72130 31608 53230 3217
7363 10
15437 2912 41293 30267 47600 80638 16559 91931 2051 40816
8628 15
90841 44180 15373 70325 58598 25297 78777 72673 19720 92518 10086 31738 34688 63623 47784
7785 11
54677 59501 77242 46623 41614 35794 59837 4026 22157 72110 48557
9200 18
81025 95783 26733 86219 21877 90870 59635 72874 13319 40998 23611 94798 8628 75076 23736 15517 5786 49335
1401 20
36831 63672 99567 77727 89744 88283 650 85309 21662 4430 41249 40839 18325 63603 33765 25313 35776 59882 32087 10209
4265 10
19267 38289 88057 41108 61731 71532 92124 43685 54609 86119
6215 18
17113 4949 11421 2140 96662 29973 4744 94517 16553 23386 45216 56408 52762 67089 24129 14576 94148 49415
9053 17
99762 89802 85879 76721 22199 1638 55265 40703 60614 87880 16455 5280 5886 71014 47051 62941 21702
3854 19
84046 80787 34562 55034 36681 28893 23466 94929 69562 28622 23882 6534 76913 45850 20817 32246 92790 27739 2245
2590 20
34053 70859 5742 81087 97615 83513 45635 43951 24522 90452 59603 45069 29997 66541 42927 58315 37688 78111 54953 48875
7914 14
49133 1456 59744 97637 46977 66882 44292 74671 74167 57089 96940 21151 81934 16138
3415 15
61919 15130 9039 68213 51104 74564 11174 5836 68404 56476 55114 10811 57367 76940 67042
6025 18
57798 32999 7756 51664 79770 95640 22120 73040 60996 15234 30227 83520 10318 6027 69963 59016 22909 55115
6594 14
78452 87680 84968 83086 28837 54261 50315 56405 23273 62447 86297 23659 67175 31640
6552 11
19712 98327 5278 28312 15049 48108 24213 77714 85318 36610 29763
8791 19
89708 27407 40812 67079 32205 73654 68515 10195 5851 77912 86695 7772 7524 91907 95022 99958 55805 58323 70762
2235 19
75038 47269 31664 81026 4980 91372 34107 39343 95174 60651 19971 65586 91502 71171 56327 24426 90978 94805 18597
3546 10
29226 55536 92353 55898 84271 46114 76616 46370 83879 46983
3998 13
91337 88054 89508 94628 4051 53876 71934 19932 97779 30958 57688 50288 64979
8518 12
41806 1534 97315 48724 38231 85977 56852 11461 22438 92374 36836 97852
9392 16
95834 15826 35946 12125 14097 41583 38506 94867 16853 61886 92031 93839 60152 4218 50804 17618
4434 12
90926 54041 76501 50089 95613 66710 14462 22448 52445 61601 90285 26596
8583 14
83367 21766 30257 49025 54188 32317 94958 97288 38871 86018 28357 22901 7195 37866
1634 15
87092 18305 90605 48779 24468 36241 75776 69902 42058 15323 774 34392 2981 57740 5282
4038 13
46822 52765 49080 81515 42005 55901 75852 28298 42184 8676 53368 46611 95365
3548 11
40089 18494 49240 15037 62046 7620 43615 69461 72581 98495 85798
3684 13
36274 75138 66179 65974 81144 64184 13979 73767 50494 3879 38487 15994 52341
2631 20
41551 46628 53154 86463 72913 11334 91910 92325 98470 95646 51443 39248 30747 65968 63405 49839 27196 48846 28844 72613
8056 13
19817 31110 35890 17128 24457 28167 3561 75487 34361 96476 63827 87430 45770
7989 15
31099 86559 33147 4181 12877 6800 22925 34694 39418 92114 25304 80808 95793 46347 46874
317 10
35908 82751 62775 91989 87192 5507 14071 75006 47106 50601
1721 18
49144 45900 1271 6368 66601 92021 97360 12706 29998 12941 979 26762 13436 9681 1328 46182 96680 75648
3094 11
10417 26457 4876 19811 94442 70804 91141 96483 62188 72753 41836
917 10
38274 60729 3449 97211 44084 59516 33126 99771 29121 85545
1960 10
63258 67313 15752 13869 79988 35270 90691 30379 64186 71320
7954 11
88317 19268 82077 1340 66778 10657 44258 154 96374 91676 38185
4011 16
17556 62780 91367 93247 84344 25444 56544 91863 19886 45199 64750 71497 27377 27333 95834 37512
2147 16
79979 87523 69647 94883 76154 58874 46721 21848 70931 14417 39926 23635 70177 69524 88703 66472
3764 20
84960 85103 60792 69583 89748 69806 6181 60695 26712 4642 56429 95518 71135 33508 51167 76664 83190 6290 86064 75741
3156 17
17659 20300 68184 70022 41816 5883 48445 18056 43827 44433 94725 82727 50115 69169 60921 41314 93278
5291 16
80916 59522 57167 84620 70384 76501 84149 90668 38170 61936 86902 14817 65915 56315 28149 34906
7506 14
86524 59395 50423 8129 53271 16417 57125 70054 97004 75419 64897 13059 63738 38236
9775 18
7553 79094 77110 63160 75873 94834 4152 65172 58834 40064 63112 91818 96993 61448 10071 77427 51106 74620
8683 15
25176 15613 17992 70123 94313 44385 54414 76224 16759 5972 58644 94739 60422 87996 22774
5451 10
84441 79931 98744 97843 84604 43091 66624 24619 11394 96027
7038 17
3068 87874 61179 45102 80352 34793 95361 74706 19777 70019 22970 64379 16268 1508 11272 99644 43484
2380 12
11550 42369 29106 75099 6118 90457 11146 12664 83028 65802 96137 37395
7839 19
99997 60653 16484 94038 80364 74508 13704 67734 33645 24635 4628 26812 33866 25222 53652 99122 56161 25682 66130
6976 20
80822 89120 69510 92699 56081 64849 97336 81336 97119 34239 92586 66507 89056 11231 2163 32712 26150 74902 33516 60936
7281 18
39968 92440 26693 87511 33026 88047 12771 64213 27077 53518 3009 83800 15340 4425 35664 8971 20628 74003
1778 14
71627 51003 57572 97633 14180 37771 18685 44766 18335 98875 51298 68698 8363 7926
3289 15
50625 49749 93301 88478 36689 76704 37342 59597 6747 93236 10448 46612 26706 52384 72724
4275 20
32042 47970 99148 93416 70417 2809 80800 4338 60857 98905 92110 21220 86342 71821 46631 63686 95189 39744 80892 86091
5458 10
80526 54394 98 29942 4456 98801 76266 22777 75330 21729
8261 12
4281 4423 36050 52714 14258 52458 78430 69785 1120 13211 91973 93877
3679 17
64846 73820 39446 54193 20209 23169 15648 32628 8895 30290 77953 73279 49586 53944 43919 33897 91484
9092 14
59636 50047 70866 56179 14736 83350 61446 14305 43902 39395 27133 52279 33002 4727
5635 19
54205 50090 72732 86870 76916 43377 58156 25642 57236 37473 13394 60210 71504 32143 94606 61221 23086 85062 21248
9315 10
66798 2485 6 915 57019 45363 32713 13578 96890 85557
1538 11
42143 47429 65580 26690 58325 41813 18017 28339 89539 52573 68919
6218 16
97296 9772 78879 66609 71790 99660 36207 90010 28704 11167 21458 93996 26004 70536 18018 52549
9227 14
30542 66562 54980 98859 43939 14391 42200 75128 17766 38461 67461 18981 63726 27902
806 13
77280 82846 43442 59283 81762 61355 91541 43249 71891 68168 93536 25022 2074
1924 12
97887 14053 25447 43103 27490 51494 83603 96748 21520 84775 93873 18224
1682 11
4814 64179 95196 53116 21978 15285 78983 71806 3620 30759 67791
2006 13
42790 88446 96323 75657 36998 94498 16873 42447 3964 20664 27157 79411 96719
835 10
91543 17674 41540 37860 47344 80918 52667 50444 48122 1114
1045 20
41485 87873 49560 95978 43439 29992 44114 56316 63622 54028 90560 91949 17105 77344 21886 20566 38313 20595 39892 25087
6966 13
15390 31074 7993 39549 60597 94353 910 38473 16670 19073 60828 90600 5047
3174 11
46174 19332 23790 97211 76063 40849 99106 15100 51774 72204 55243
7801 14
46320 64401 64579 53143 66911 42360 67131 9805 92511 74929 34242 52343 8998 5417
8617 14
96366 65001 27070 24555 27336 58113 62826 12078 56222 53656 70208 80572 73616 89450
7218 20
88476 10604 7404 9385 45458 75619 21624 19101 68180 17868 51664 58235 32922 67526 41014 53763 46565 49821 91340 42873
1476 17
36162 80283 72019 67690 81097 57158 62389 19419 86219 71712 67602 97603 97715 75901 1961 96318 47921
5117 17
99375 12315 4056 6466 46548 3822 81352 47619 96074 84432 99343 94198 18535 23603 57577 24745 8709
8965 10
7337 22790 3308 9911 91862 99886 81920 16050 13636 20994
9833 11
33929 13060 69354 4580 63306 60218 74124 14706 29207 74638 42595
4083 12
71983 1959 50999 52309 67135 43990 23437 17715 16089 3262 20469 92141
156 11
36043 13469 73296 65197 54977 46885 42859 1251 47307 15885 20438
7515 11
32060 77803 32430 61005 35357 5656 1370 27885 85042 63763 13034
1046 11
32405 27894 82979 18801 51995 24836 89745 79786 90429 3777 46590
2798 19
28463 13972 3363 58337 5547 2298 39151 24639 46101 55073 36023 25320 90997 7485 74714 51701 96876 62930 79291
9168 12
81278 78390 96405 28484 5391 26275 643 22703 52598 34540 18334 5688
5889 15
67023 52847 53753 196 25503 41564 56880 24905 60145 50516 92496 46453 21957 53887 52052
4919 12
82160 89104 19554 24316 76319 74860 98753 6006 92830 60469 30015 97559
3698 11
8503 3504 24081 18098 64709 82055 68347 32312 91786 29770 32386
2297 17
32352 74118 54343 70960 6718 42504 20451 19238 72402 34902 98491 26037 44219 61759 48161 5511 67018
7645 15
80297 5565 91775 16202 28757 74489 10327 51951 11713 49720 7549 54916 38206 98631 33181
2770 13
31747 79297 70380 59207 71010 81100 82834 29312 90269 38940 26100 65761 39826
6979 19
40294 76206 71246 22906 18600 71799 25493 41412 41474 30325 3425 43631 32591 89839 93347 15498 57859 21211 8991
5668 11
64684 37264 66577 6203 51313 96666 50980 16157 41952 60769 78751
4160 11
55481 97979 87595 45332 2923 49384 52496 57938 97538 82157 33134
2119 16
59456 95209 47154 23288 10162 45675 84550 27592 39745 88212 4940 34485 12283 40627 93238 76818
7327 17
23059 91892 97546 62968 85856 69788 89861 80916 5377 72011 7209 91198 50738 2444 66385 10089 56397
6446 20
69387 98393 36923 68205 26401 78839 69144 58291 97353 99013 53448 10142 35871 83774 27618 66792 15900 46530 35735 68545
2047 19
37522 85450 94556 19298 28650 75223 10296 80520 75276 16869 5708 81296 44463 29083 7932 31450 65400 16253 956
9097 17
9544 85560 96626 68480 66826 70185 19818 30544 9902 69480 3683 79677 95707 94747 3785 16676 98423
6957 15
51669 89883 41944 32686 4446 69907 16211 97950 35443 23121 94880 8280 72670 93239 29776
2510 13
88952 410 58393 20151 70989 68356 51299 19813 94567 36151 39652 90510 58544
438 19
35054 11330 99274 15813 83889 80223 89610 79345 42082 32649 35391 69232 60434 38629 66175 63712 66969 27092 26861
5950 17
78148 30523 64882 91878 39675 42850 84196 63389 1357 3008 8827 25452 13810 79797 2055 14756 85222
7287 18
73935 75752 67875 53773 35538 84244 91452 35972 31373 47716 31985 41289 56179 51665 9724 18785 12943 70999
5138 16
39655 60787 2221 57020 20745 91315 10533 48386 50843 79360 56052 8507 52796 8238 58099 96137
201 14
37292 43702 10122 9003 59402 36432 55418 97865 22782 71461 41939 45238 16015 71506
2159 14
4601 7283 37790 99497 42551 73915 20067 11073 95876 5075 47592 26220 5738 3137
8931 20
44975 99045 19568 51296 14270 48430 78860 64479 5681 30542 9389 46470 95780 73278 14462 68618 85129 73422 79669 56908
6900 15
61143 26881 95188 84837 90465 17678 49873 65779 31425 33507 30226 9796 40778 56122 70957
1940 11
83694 8102 23551 71444 60753 9662 37971 90017 18210 1935 17064
2652 17
9734 65834 46407 63606 22805 48851 81516 63502 65446 15734 76209 67212 91425 44178 31093 89908 65701
5405 10
29074 52991 58490 30086 59687 23004 2510 18415 77257 69271
5006 20
64415 54828 54408 53649 91079 68314 25614 95257 21514 6050 30427 35815 12938 50106 57867 76702 43268 18289 46101 39830
5912 16
55233 99381 4145 13665 58401 35156 36075 56772 96622 15943 63121 7871 88435 77245 17694 14229
6618 11
45396 23316 25153 30986 69228 96378 5349 54774 30485 78488 43613
8095 18
90909 90214 22232 66163 92161 16669 73611 47435 93111 56953 4572 80424 59218 6228 17722 13218 55875 28981
7624 12
83452 6321 660 27731 48802 49741 36908 40917 45974 67049 90492 74820
8356 15
80143 61278 24481 58054 42471 99206 91403 85020 22097 8343 88018 3504 25656 53666 7053
3313 19
61534 27001 29810 76838 15087 54001 12670 39101 97791 16056 13500 69247 29372 27145 15393 21240 55400 86764 78315
4241 19
80956 65406 69432 64581 32512 87208 22983 11817 28901 39604 72229 16678 62174 5812 94093 57750 23074 66206 63342
8390 20
83316 60519 87760 9561 27709 56049 90497 17788 42303 70232 18962 49743 65036 32568 48266 52167 93150 44742 90866 1030
242 17
20744 36153 19002 10942 70018 98978 17280 395 43269 10820 23468 89742 189 45438 86949 78106 48235
2722 15
72772 98911 91586 91360 30535 63545 68648 63596 75932 75712 2495 89796 58239 85352 22626
521 16
35549 98259 4233 85149 7326 11261 57801 80393 84559 53166 88648 2254 61408 76673 82837 2059
7124 17
50099 95164 80820 15534 15911 43774 72194 33815 54052 84791 78852 66112 63152 84187 11559 76659 47497
3277 18
4816 60395 13431 32672 39549 94314 39191 18984 67204 39314 19826 23432 68496 15674 30216 18635 96648 29145
2481 10
97443 91495 18774 32350 59755 17475 92733 64259 91468 50236
6023 13
65630 94561 90994 7563 60407 61444 21768 92097 99298 27053 82460 33275 64872
2928 17
12157 97630 63149 31414 84448 15036 50115 16309 82132 57257 16159 67282 63521 77931 83392 47749 18109
5348 19
30289 43951 92159 60666 2519 42335 44592 21795 37958 44219 30371 22038 6144 16521 70428 75228 9820 27669 63951
8902 19
22675 32830 39516 60157 38268 45574 94621 42818 24014 31122 33301 51948 40132 63862 37332 45112 22065 96807 18407
7739 16
20740 93056 34932 17861 91052 67403 58625 14132 18705 96318 69544 42148 35185 19893 11215 43944
2926 15
766 58374 54429 43807 65807 71063 40328 1535 3508 73405 40243 38518 79790 64459 28810
8893 12
38000 90842 83218 41848 17105 94973 53488 1543 66601 49793 3751 40824
1789 12
84132 30775 69302 77289 13792 20399 88868 97752 77689 39740 20616 79708
570 12
43624 95930 48556 77538 19972 46901 33072 43671 41333 41613 64999 7533
918 13
67123 26806 26656 50606 86026 48558 92080 12247 76152 51025 49856 50540 3345
6929 10
33361 59689 48522 1246 41736 91054 74880 51237 27730 37857
2954 14
70287 8866 43645 99236 77838 18793 60427 16431 54611 50849 40455 15405 91776 6962
381 16
41769 40665 7 3837 8747 83622 23543 86835 78218 26995 75098 97925 64923 13349 2754 17315
9836 20
32046 32683 64956 65991 85288 72558 63244 54368 86374 10156 15151 37094 79991 93608 34747 92220 84746 78858 49563 46523
2588 14
10948 38710 6983 74145 50077 46129 15486 26096 19972 60582 17087 73187 31487 67425
8222 14
89187 4986 96763 74797 80975 52797 40631 32921 56920 5394 63316 82830 45179 98195
3593 16
43069 98014 63957 47659 25849 43298 28053 56321 97806 34994 54417 93767 63730 86790 4356 67321
4246 18
59780 66005 9858 44035 67222 21451 64689 4405 84822 75618 38259 53527 23821 8708 79660 81796 32000 42037
5551 20
30948 96884 61909 35382 53504 16393 69726 42531 2612 82686 2017 12935 25876 42489 40140 99068 2528 49872 46752 29773
3331 13
87848 65361 33693 10894 22790 54908 34050 13829 82845 69768 96228 47058 37966
7445 10
15917 19351 80625 34472 54006 80365 33977 15716 84320 85554
5966 16
13419 24337 71086 68638 32717 87237 19845 31161 54755 49097 83074 84774 37855 27856 52220 44632
3552 16
42 46670 4127 69434 58989 12167 64890 31819 43720 39157 77022 68779 53591 15879 89918 85967
9169 13
31518 78627 56712 94834 26658 84264 11520 11370 94001 73787 57665 20169 25298
3529 10
65857 71227 75927 1810 36293 25057 31928 92291 3068 80431
2990 13
91357 96168 92293 91454 55196 19416 86907 29099 59140 1694 18740 66032 21894
237 13
67478 80910 31849 73477 95786 86725 88352 62161 48154 82791 7343 91842 12804
2737 19
3325 43703 1780 25708 78710 3905 89450 31512 87118 77444 78758 46156 9560 35484 80130 33748 64827 13839 40330
8050 17
68239 24179 42059 70363 3975 93694 50751 18693 12728 88971 813 37194 78373 63265 63540 36105 39647
9517 15
65632 97254 52964 51558 58949 25943 36928 97001 88018 64422 24720 61144 76115 91100 41155
4713 20
20958 79089 4500 6256 70362 20393 42024 86903 76521 55232 2430 72070 15233 344 18798 47016 15110 97498 7840 16018
1283 18
18667 96458 30634 89194 45905 34956 38825 65797 61184 78912 87663 99157 50561 9751 43971 21454 18163 29280
4847 14
11089 28196 85766 43682 78893 43770 15764 81475 39814 49101 16173 86820 18218 2851
2881 11
80716 25536 90360 76033 20498 5967 43130 92110 13893 96993 17468
4735 11
85302 15065 42006 81961 20641 99664 48100 43634 2503 99949 76782
1307 18
54991 72959 46815 77218 30185 75297 48817 23465 60016 37105 40496 86902 82495 33850 76167 1529 24787 52535
360 10
19893 18869 31367 80851 9390 51762 80824 26241 30215 77074
645 13
3243 98599 6448 19778 34872 29121 35601 26267 41048 55001 18510 47155 84181
4074 20
92803 47160 99133 31062 87003 60749 15039 40629 87243 22232 71391 2184 66165 39999 75565 87114 95431 7282 95481 33235
9767 17
67431 95529 27427 20734 72338 51380 49889 87893 49839 84385 64491 25318 63897 87193 65146 18458 20073
8824 13
66680 4865 56839 86449 95888 42049 87239 20000 22004 65461 35200 10212 49785
4355 19
51294 1478 98644 62148 81916 45052 87950 73320 13807 62132 50139 57430 60822 55999 56024 28851 7753 47254 26051
6017 19
23138 44017 81823 36596 97607 24947 46107 76080 76518 908 47062 96869 90235 99079 90217 13927 80407 27909 99549
4506 14
5368 32001 48250 93152 9268 68459 39993 88297 63107 7121 98349 38358 69560 46480
4144 14
68020 39404 82676 62863 75399 22877 45036 53109 28661 25841 39049 37344 24065 61793
7407 17
41471 18397 19051 56070 75113 5091 46170 58136 64217 84012 17054 71967 90246 72956 65910 88573 99915
9616 11
17570 1364 1692 78190 26504 41559 86840 75156 16417 99815 7556
5789 17
30447 31614 62416 5401 50132 69491 16737 13429 54566 78124 89758 34964 87405 15119 97026 61402 347
4817 14
73641 69823 88560 42036 89661 54216 38858 86077 71596 15645 94199 11129 48229 30252
9496 16
1530 37815 58606 98391 57726 73873 13615 94658 91416 99645 62496 96840 18046 74179 48561 79773
9051 17
81217 94431 20347 36707 78732 1436 59432 28675 34089 90296 62255 49720 13356 29362 78181 13561 5714
4380 17
44273 46072 5229 66833 20565 20263 21474 42963 18963 38621 82752 61185 93492 52213 43103 45042 11324
1065 19
50281 73016 9015 91882 59899 93966 77947 39346 88148 87160 33295 95946 54970 76483 28543 56400 78289 9836 36080
1606 19
70957 92791 60313 95307 5223 22806 89988 87052 81083 93400 70712 443 73298 16695 70198 81745 82204 74681 14572
6236 20
89773 23755 6736 89011 74537 37495 43916 72514 88550 67257 71100 31748 21997 97316 89336 49075 46152 26472 95663 85494
2252 20
28909 12246 61904 68416 14864 37181 98116 94128 45591 20491 6297 45813 43402 98399 5275 66032 17897 75086 54837 48674
7280 15
6392 86327 38742 88372 24479 35778 35081 2535 80899 55355 1658 93565 5917 4380 5116
48 13
25194 35013 83383 22992 58936 54540 36919 20457 97064 60186 18532 67080 23765
9855 20
51479 2999 56073 18568 31629 14014 64392 94033 69233 55738 45533 84226 89198 74200 21342 34698 60258 83257 24583 79077
684 18
96289 3569 17968 6642 77143 76599 76404 59709 7471 47959 63941 29962 18534 89530 90353 62168 75396 78566
9913 16
93744 96531 26746 5896 73854 49953 11524 6464 74864 44924 34662 54421 79315 27883 86317 36752
8624 10
3347 61292 13968 16149 93028 81897 68596 43169 26914 95528
5292 15
89811 56218 6050 94883 55383 79406 8503 30212 63012 18357 47875 35718 68171 10177 70906
1316 18
31724 2024 40854 9602 53426 27652 8399 39821 42573 88579 91966 54062 11195 47191 76036 16199 67807 16101
5233 17
33531 55282 44879 1232 16523 55260 84401 97031 64931 25607 88677 59516 93476 78256 68560 47707 26521
7460 10
82758 27716 7904 59672 38039 89928 57650 74126 50899 41474
2687 12
10290 75463 26687 33440 18487 4658 74329 55575 30789 22525 53638 73845
7987 12
10682 25794 19943 54411 25691 83873 9875 22739 44951 77014 17843 7106
7072 19
96718 96889 90714 23931 95736 95521 52746 73842 3659 60880 72820 26289 80706 39286 17708 23190 14344 97556 28666
1249 10
70255 10207 60004 24923 81969 14370 87288 13016 43004 76800
5607 17
66512 35592 1411 86135 87884 59715 1577 47916 2953 49891 93808 25977 99744 52916 40859 13976 1237
5931 15
45909 49252 33896 96836 49678 44063 9728 71799 27522 65322 96216 99511 40080 17093 25042
9285 16
91577 97926 31449 31286 95510 47155 5962 22749 78262 29181 41747 65242 57207 8888 31541 5194
4501 14
61439 86580 86466 95217 80404 29999 6466 41123 94574 33119 47208 42837 13883 34800
731 10
29216 13686 16486 17039 81808 67675 81626 15307 18316 36245
9239 18
12123 24764 6754 6812 56230 35547 86429 65093 93009 78515 73807 75646 25718 95095 34855 52478 97260 55016
2339 18
95783 69216 48621 88562 676 93801 55998 13989 65811 16402 86162 82212 98479 31604 5851 73062 84827 63521
733 19
49094 74547 27665 76251 39705 92724 65928 83833 13284 79180 92955 10133 67770 66261 95415 5837 55817 80266 86454
1551 19
51535 8504 60973 21609 57225 44066 4790 97265 88606 34746 9404 37223 2684 97317 57630 56068 41567 12481 68416
4661 14
10589 17597 3276 13396 21867 24216 84872 429 81821 72713 81257 42756 51616 97597
9561 16
88051 30124 23252 12997 84165 73363 18515 1847 46612 79246 54970 82360 68025 68202 75539 84354
4367 16
87161 65627 16329 8973 21917 92503 27337 83811 62775 44992 72896 83027 17410 55056 17724 69318
2960 16
45342 45574 55584 12111 87793 43250 63754 57689 73536 36144 34976 81236 50442 51282 86783 93223
6197 11
16441 25777 60903 25916 6879 63095 442 19843 16497 25315 4942
383 15
67988 91316 94394 88866 92070 54707 32051 69734 4887 20909 928 82241 23838 94186 4838
5890 13
51014 86418 74252 6903 38068 45170 60359 21789 21303 87132 59698 54564 2906
9787 10
5200 4320 89953 10729 2616 7021 9694 22920 10500 15218
6754 12
54195 9716 64971 73946 6136 48874 38055 60674 69574 47046 57188 16462
1876 15
69212 32017 62546 47861 70547 73738 89753 42203 36623 64029 43177 46246 36846 59643 59688
1296 11
95991 28937 9005 80466 88340 84642 88752 26826 45191 19174 95303
8226 18
39877 97687 32778 1389 89734 67199 55921 62583 42020 63151 39729 32452 80110 64000 23282 94548 1636 91670
2329 12
26570 29778 15360 22363 61537 66853 32615 63990 39794 19110 41841 40712
984 18
99627 67207 3243 10131 98443 62866 38364 26821 43392 5364 73305 20155 78657 43599 55512 3149 29093 64584
8821 15
61006 40983 29246 13529 39946 18327 19272 20679 51076 41558 36554 73000 73360 61562 81453
5712 11
44794 77170 65409 23199 38714 57198 79116 26306 3449 5529 32655
6253 19
83025 77863 10342 71436 34810 43797 98355 9713 1822 98882 43682 51545 51496 25956 81202 96307 66108 51490 56995
4977 18
11548 36862 65947 67010 63297 67647 28157 16293 49185 50638 76211 37896 29970 90518 11224 25892 24860 28301
682 16
57490 47847 33000 6927 68424 90207 75338 45690 97980 3557 67458 84194 44613 88473 93357 32681
6517 14
54157 77181 68098 15326 56846 47637 99325 96553 94997 69713 48405 30237 82125 21435
490 12
104 44257 30696 53040 88188 60348 737 39605 10519 97000 24207 5411
3631 12
90539 66266 22869 86143 11774 12851 67343 59251 64207 34949 30548 40965
993 19
76936 3923 65658 1939 83276 62743 73163 5913 98506 81791 73605 93522 15551 82869 96099 98571 37640 61584 2896
7411 10
26406 55583 2570 1625 95591 23573 20950 6138 44795 28926
5523 19
33580 65454 44354 95018 37009 36834 48363 31078 64293 74547 17531 80571 89131 18711 31675 20012 40020 82572 67081
840 17
80058 13123 93694 36179 32726 11608 24554 31436 27925 7307 49731 40919 80803 4366 15538 56240 12625
6779 18
81514 64426 32041 55496 17379 47812 23458 26920 47364 64219 41851 80698 28854 42236 97360 2282 24773 96152
2269 20
68373 24443 60244 54550 96225 54049 27432 16400 83406 96431 77141 48995 79711 21349 13151 77337 25367 7341 37632 36013
3423 15
39192 25385 75475 58117 27132 88752 26412 33003 39312 84195 4815 82192 48157 76678 62122
4278 16
25418 71572 72711 95136 54399 1017 89993 71948 86558 84134 4872 67135 20348 99700 60842 25988
6387 13
16104 24505 10865 96160 65040 36080 85082 78762 96352 47331 15951 98934 29687
8951 10
9708 76806 84563 41158 14094 20901 6716 65174 42317 39877
3771 15
88728 61793 84474 91814 36790 25515 68262 50067 29084 76040 17287 52795 890 82940 37818
5547 12
50578 77659 49370 89992 71951 3379 5500 9153 79694 35887 83536 77720
3719 16
41713 37449 47367 74216 38987 81004 94938 90708 23489 26483 7953 34807 89283 98025 80832 97039
3678 17
21110 29646 82683 74726 63738 53732 62688 7032 59509 47403 10529 76329 89351 78677 85429 79816 61464
205 18
67607 81965 35266 48013 85922 64997 5036 59987 38482 54398 8895 36301 89409 22789 15899 28752 66489 17610
4473 20
50710 91984 4317 43064 26005 51623 6122 81713 53865 42415 18569 23389 71325 50259 80782 73746 62394 77021 49167 95684
9221 19
93774 19985 74554 76388 90500 57012 25306 86722 8245 84026 67088 88738 88825 70487 24514 52725 83297 26344 29873
6606 16
40500 92191 83662 47923 55231 5144 89288 27485 40239 1236 32002 53170 28087 4697 40103 63240
7974 13
46166 88310 46572 76647 74034 26314 59320 71379 27448 36882 20571 45484 26355
6766 11
51063 12322 13814 69993 21374 93761 75920 76208 7636 16929 75995
542 16
77627 53334 35954 56865 98687 33694 45750 98025 88830 85408 90563 15560 77058 12927 22135 60895
4924 18
56151 48782 92541 44645 93078 44115 59614 59889 71417 66609 99110 21951 66797 33792 87012 13354 66749 6532
4914 11
16410 98086 51134 78860 72650 64661 65108 89836 53581 26633 156
5891 11
45755 2756 9692 33983 48017 61238 36973 26637 89445 18676 25350
3220 18
82464 90438 37185 47995 54061 64952 8025 20613 27113 19603 50392 57394 54555 94160 24106 8620 54112 80587
5604 20
9206 26363 3229 75707 95456 26512 98019 88745 42354 83291 21085 19539 63423 63689 83808 89538 9978 60539 74267 98615
7400 16
89982 57596 69153 55175 63989 17790 34825 78907 7689 81389 8590 61739 69903 13517 29435 74848
5159 17
40507 53252 44456 68138 18426 96577 21122 48536 33771 189 66428 28051 35207 14772 91427 72289 60365
1036 16
52614 22638 48263 295 92931 96319 55088 42501 72525 68330 32080 46805 41086 73575 27438 39091
8409 17
36205 16772 69191 10599 86197 30021 38887 59291 19868 65606 38604 66290 56398 64630 98392 70955 82810
2162 18
34879 63614 49668 84861 31401 35593 54504 54155 93034 42376 17961 33165 31645 44531 66269 81610 54449 81932
7555 11
49271 9913 98853 80645 28735 59433 34991 62262 33388 31057 93960
18 14
73308 55842 52255 52395 74997 74125 56601 80302 35169 69057 64396 98878 29586 75224
3297 10
47433 6127 47166 846 44793 15174 90370 16592 1363 25841
1229 14
11142 52749 60936 63469 50904 11794 79141 89893 90096 76472 42863 8896 79616 69387
8392 15
99981 96946 95714 29951 80643 28228 96203 36885 2231 69215 41824 32513 6519 42060 20066
3965 12
5330 14839 91966 38261 51842 3106 87327 84885 21025 25041 78890 24647
5337 19
78638 44852 91595 89207 64741 25542 24497 672 73977 39789 76649 62762 21581 34927 64465 85424 89116 83241 35646
1830 16
38070 26905 36071 5094 84167 99555 11233 23345 20012 19379 35453 67032 87850 49157 11193 36419
1550 17
55633 33528 76247 32205 27391 3571 53781 40400 94711 46278 95024 96794 38858 68279 9830 39689 18735
820 19
82097 88971 44633 9376 66360 52153 26664 97361 30251 27479 81969 20672 54419 60338 17999 44370 8452 86250 83119
587 12
53810 43069 73207 56129 55872 80208 89899 5159 9451 14665 95174 79343
1549 11
5245 36648 25013 61854 98461 47431 39536 52239 78457 92602 52007
2942 15
81564 82493 19722 62440 39100 6497 69898 98932 86813 54930 73004 25245 90045 23015 5417
426 11
89569 98210 44266 48728 6427 47318 34598 63707 69733 5242 49744
4393 18
23274 7129 28106 83247 90953 77553 95520 45703 96102 56902 41944 45930 37998 1359 71227 92230 34591 61800
7843 20
9526 9698 17796 31352 77573 42817 74467 38684 99266 5667 75591 15016 13585 44404 20265 31208 45791 3970 40070 40884
9751 19
92385 67431 68269 94983 68977 6374 30671 81153 16176 40731 12414 97787 36902 15698 77396 86798 78043 83119 88494
1910 16
10968 38706 88359 48246 44994 83784 11762 17618 77121 75890 4959 90311 90245 40637 71281 32105
445 17
24482 47090 69678 64459 55148 18854 24640 32384 90346 14411 27036 36172 86612 2014 92413 59344 35349
5173 15
78571 45825 38728 86399 72990 24304 24828 32962 38361 55724 48565 28708 12320 46987 99749
2923 15
51640 19756 20732 9779 64384 9340 87323 89943 3340 49587 87908 54171 84721 17764 78873
9303 11
68758 2708 86952 32918 8528 2997 78736 34030 74115 29019 45713
4138 19
57207 68663 34073 57000 6958 74424 67693 97831 45495 55497 37046 17444 45568 92204 41421 59332 16048 7028 96595
3025 16
795 13068 16177 39219 10714 25569 14804 75910 78581 12837 2813 78860 33754 23992 62511 89152
1453 20
15385 1339 17714 49749 22832 28208 24651 54983 70749 12015 39332 51412 56190 25123 61255 74243 59341 68226 66733 38811
7726 18
52019 79952 51359 65491 61424 44524 84050 85737 27 43404 91734 88213 63936 9587 29087 26720 82992 44950
1746 10
13698 85863 87020 63222 97538 10129 56409 48698 46504 46817
8663 11
49876 6134 17711 8726 9850 60655 43539 56195 38608 97554 87246
456 17
7165 94108 41921 62416 37620 18127 66596 60387 53796 44679 55689 71859 9380 87689 65439 59989 18385
1985 20
36762 21711 17474 75766 53075 85728 52897 71188 46771 79703 77460 55034 12654 72046 21684 21898 61947 44967 50199 15175
1596 15
43430 15116 75356 5745 25014 19531 76098 60540 99733 79620 29111 66979 2125 11141 30880
2415 15
94287 4557 80257 95638 86608 53402 45738 17257 83554 46548 17962 74055 42484 36089 27490
1743 20
24247 80002 24269 11480 20821 87627 76602 29366 23621 12591 94296 50948 34912 89597 65475 68503 12481 9692 23004 50750
7956 16
23650 59305 19498 99270 91358 83790 34990 2365 86621 8361 25103 43098 11082 39793 89710 76310
9080 15
50566 22636 36678 61045 71727 27874 62624 82772 62283 65491 95328 25423 10837 34134 88381
1014 17
19587 67950 76791 62913 77146 65429 41197 74634 21950 37599 33578 30283 46274 27325 55274 7927 74625
1164 14
42917 73124 62806 97734 13120 20004 73021 80553 8251 12671 72200 99321 99830 29232
9401 11
87957 22043 61301 84900 57596 5440 15596 14635 72604 48729 93003
220 19
79410 15813 90127 37332 27476 53737 58268 51537 92984 48577 42679 813 69313 18369 33342 16920 80199 17440 19587
296 18
18353 68972 34006 70315 44461 34131 32470 95246 20885 80421 7083 13780 5286 9523 62489 53679 13112 18247
3852 16
40172 15380 78232 9965 48069 60599 83839 72242 58777 74830 187 38591 53683 77060 77869 30191
458 17
16259 80536 30142 28797 15900 128 45076 97306 52949 56783 62355 48823 28423 31129 43977 11323 50016
2181 12
41475 32199 66690 40055 88255 26882 52521 59218 37824 473 79324 45781
7737 17
99172 42927 17918 90138 46327 95552 77702 76706 62385 83212 41993 13038 73796 12538 91654 32276 14995
3981 14
47001 29157 29189 8408 51948 21890 28564 15513 34633 24824 53195 11556 4900 16378
1037 18
90410 90382 59650 97148 83452 89697 67113 59078 11076 23309 86998 38137 91667 61415 46511 36246 17608 43317
6370 20
427 46583 34253 37690 25601 48312 40362 84683 43840 93433 88380 18097 33734 32239 94898 93870 60385 91160 3501 32566
627 20
60962 92874 52170 75802 17668 18989 46427 76493 39432 38799 6016 41993 49106 47618 20137 61874 13907 60226 74570 94802
2738 10
60345 29926 90672 99070 80013 87867 11467 85669 51020 79375
3955 16
87897 63838 48803 20670 6022 77965 13169 48400 38251 96437 62354 21941 88248 9607 21980 76480
9773 11
95875 74155 83407 7003 37333 17563 4010 68891 55807 9758 27623
6380 14
80477 43186 39333 80460 94526 62129 90161 55784 22929 64808 96388 87093 20074 80653
4601 10
37446 1446 686 77892 43468 78867 78270 56663 32506 14303
8691 20
78477 55052 18437 78715 48126 50247 85175 80049 46058 59290 20152 15480 15371 11153 29434 87419 55714 35565 1012 33992
5974 11
64753 49233 75206 27183 98932 21201 84033 81565 99226 71643 38978
7438 20
43162 39760 1137 92491 50938 74677 86426 68645 89848 76815 59314 29776 7093 42865 35463 85581 82920 51686 50115 60101
196 10
21560 33435 22238 5115 49095 13141 89215 66180 90527 83139
3877 13
51413 78695 15317 63049 99109 71269 99715 73025 49300 56436 93138 96445 10917
6619 12
11694 99811 96439 46796 38534 5794 73595 31253 48818 21025 56857 33183
5266 14
32944 77302 69044 13900 22186 45651 46615 18244 17891 65305 26807 75799 97043 7779
3553 10
64438 34662 10148 5665 56077 85269 17902 50288 77845 18201
6572 12
59309 64810 37887 42542 43279 30560 58485 28378 79617 83249 75962 54443
907 10
36274 65743 41567 38694 45218 22820 47831 94303 74734 65891
3966 15
939 95149 99125 60619 69537 54761 74493 23171 62225 49803 51394 57430 16019 25622 11189
7512 20
2705 45226 64757 76456 93792 8122 64121 13473 35094 50060 25400 63912 32530 76140 90572 26310 74 88722 60390 50160
6745 16
61366 69744 47585 44584 60746 52174 88542 49435 35824 26657 780 52664 42366 69730 62429 85155
2200 12
9436 65165 46567 48075 98647 20587 85916 15714 99833 71186 57766 88829
6241 18
42960 54471 40462 40351 36531 86442 74814 88617 21600 66575 13562 66639 98014 12416 25240 61451 31889 48146
5285 15
26087 2419 17578 31780 84286 66260 88880 83059 669 67607 71759 39323 41032 64457 33018
1638 10
89528 68545 5091 97787 5087 10482 71993 52448 3724 84949
2548 19
27691 57484 4499 52917 47803 33891 32195 94111 55805 13294 28728 79523 86711 32726 74100 84796 45656 86674 75343
3623 13
2417 10805 18974 13622 23510 51326 75668 50416 53344 74106 54320 89642 56935
5873 20
97334 51111 34432 64148 11228 26816 10884 30683 52916 71845 49162 80581 45383 76811 42960 68214 54746 31494 72106 25664
1246 12
30500 25166 80211 80527 11177 51374 20097 93683 98774 4487 90353 54425
6609 19
40813 84281 64281 20546 15824 26726 34525 91760 78614 17782 73426 22173 69910 62769 6635 76612 80532 8037 44884
107 14
48205 79550 82899 52031 18315 11806 11429 92509 13672 33607 50847 321 2626 61850
9686 18
66874 92969 65300 18898 65441 1739 29417 19857 82545 91702 58585 89718 67202 4984 3052 98885 67539 12234
500 18
98148 91652 22260 58655 83347 71608 99206 94222 22226 57125 98225 53816 25274 23993 62468 66310 65414 78037
7360 10
99682 23450 3876 33085 48561 26904 11512 93449 42389 50678
26 11
55793 33647 28825 57812 18513 79353 89591 31193 38644 36834 21296
8109 13
52328 34450 42969 36052 75268 5407 59017 31540 66840 10811 52339 42782 23360
6913 18
64705 53882 46107 14559 39853 83790 90774 28372 47134 36458 15183 5856 77077 87433 46861 33046 16714 7138
1723 15
73071 70344 12887 33745 60342 34302 78751 78358 8285 40419 93635 95946 74243 87936 33651
7076 11
16937 90988 6424 18364 29780 38997 14181 18119 57314 56881 50088
3285 13
12234 2220 55959 39250 88608 96752 9018 21557 8692 54963 2508 27301 58183
2293 14
66863 56425 92725 88376 8227 73439 34447 89524 61567 9744 45466 43317 61028 98604
6386 10
9874 22813 49757 67054 11094 19711 2109 17594 71764 59511
5811 18
30850 72936 72787 13126 45346 74209 97719 25826 73954 17872 85320 27102 35642 6893 50897 74557 1668 99537
7071 11
67657 61317 28620 32802 54358 49768 72570 93910 40860 83688 83596
1820 12
71534 6588 78487 38829 99481 15017 4600 22788 31953 57435 46827 56607
3550 14
30761 67059 36462 59389 61815 25997 62814 77749 74796 48062 44797 60417 9428 38174
7594 14
72978 89472 84674 37384 70307 75342 85279 74153 48297 10648 18157 66250 29280 68793
9638 13
45336 937 62090 84531 4281 15986 48586 55763 68397 53284 54948 61154 655
4556 18
64604 37414 15115 54089 43049 32157 64985 36222 87866 972 91644 76785 57800 45034 40510 74165 56560 33926
5030 20
19728 42899 57136 10444 53718 8186 63887 43874 1763 44278 52071 36814 90423 35724 36144 99897 66633 82133 30735 98456
9108 14
5784 14044 87785 67184 69876 21047 42463 10878 2947 45545 97664 44442 3767 85237
5484 16
72129 66854 34213 27715 50882 97383 57344 30386 65001 59674 43379 41165 13019 22448 34300 37417
5045 14
16030 81929 47278 59458 22951 5722 8168 69841 19538 15487 91510 96736 74295 45296
6665 15
88816 49364 31325 50515 94640 96148 78328 20270 60207 15422 67942 14148 21582 90309 35658
1110 14
82667 63840 17878 46345 79109 81924 52822 79216 31146 94775 46752 13971 76657 11124
5013 15
1295 99669 74804 94655 96735 8702 39938 67329 12961 74158 83357 33940 64550 83254 94442
9487 20
30970 62805 35812 98040 24335 64606 32525 75389 32426 6038 72923 42850 2958 32950 26750 9282 52169 75819 76083 54543
6418 19
7124 14997 22844 71901 99717 75744 36770 57577 81382 82879 55802 91998 96150 3708 55251 39035 4176 77682 79744
4859 14
86388 72169 27090 59151 16224 16957 3792 41671 33989 33235 97398 28797 71993 18766
2086 10
10082 71240 22534 21483 77395 69080 50175 10909 8855 64126
5542 12
57556 98926 8506 84741 10256 32188 4458 59631 47170 1351 51210 27598
5933 11
73147 7410 98996 52059 57640 80946 33213 67783 56989 95523 69265
8122 10
6121 62802 98957 22757 53274 55650 70857 93036 99042 93479
3730 10
77932 68549 40837 71144 53438 12766 86078 87049 69943 54628
6826 14
56931 41184 17486 98963 52131 45341 35453 75337 46958 18798 49952 31516 6581 44766
4986 16
44980 52927 22541 63605 40099 3255 40128 36753 6363 66917 1414 54419 20097 82988 99737 25224
7042 19
77640 79123 24343 42074 94727 64879 27467 69648 92896 18938 60582 38712 37687 10231 49221 72464 87349 1911 18110
5942 15
84071 38755 4449 28518 16285 7265 9609 75667 46122 13868 97150 71138 62284 36810 6297
6377 16
9806 51511 66152 87756 9703 27433 53190 27763 56798 19430 79352 59581 5993 67396 38727 8518
7191 14
39828 55622 84098 12118 97099 35312 55252 86154 33140 5609 60405 45325 20961 19977
4112 17
572 46917 68058 13957 8516 8967 30218 67144 7423 20577 95395 65305 88453 27645 49884 72854 35584
358 14
99987 82429 71018 80552 17648 24525 13196 92882 69733 25027 74558 72306 61764 26921
6492 10
15388 62025 66855 23251 49255 38826 47686 78408 86629 28525
72 19
17698 11162 4881 86298 12452 16099 89314 4102 63639 78903 60433 52737 38635 59615 91784 46450 54942 48253 91093
6202 14
47571 35878 69527 73534 70036 37978 87037 88430 92835 81666 26051 32439 18657 3489
9505 13
63090 25253 82550 31978 67620 32170 14852 3604 91610 89049 9010 61134 61376
4037 15
14868 84441 90516 57868 36940 81436 10238 47427 25943 98773 79528 37484 54646 15345 56820
703 17
36614 97238 45427 73064 86055 75982 66951 49338 73048 56745 10282 89033 49317 23091 79756 70286 39014
3459 20
87562 8575 75515 71217 12206 77920 53358 55157 28136 17120 24874 10876 57400 33307 65964 25755 97886 87515 22522 1678
7084 12
47433 55157 93825 29223 38219 50476 38327 39056 70667 25547 16320 25638
8005 19
69565 2171 66483 11769 22715 63729 7518 75201 50403 98798 54867 38757 58998 43568 71358 59779 80374 63014 44049
4891 19
4167 68083 42432 28857 28246 45691 4689 49811 38593 99788 23732 55497 28267 74078 35489 95816 81515 23737 4718
6763 17
41581 39160 47378 50751 31959 79299 84762 33409 65348 75245 91995 77733 34547 40343 91707 50338 36512
3186 18
5550 15814 60091 64921 63734 13938 11697 31037 68807 12170 96963 25812 9898 33520 37262 12675 4252 15050
8070 14
45026 29981 14443 28071 81476 39913 66976 93400 52774 96632 2615 9028 59182 56742
4766 12
69725 81859 71815 10654 85998 17282 17846 53045 54867 60239 3503 52953
5208 11
96064 42527 63638 51684 27832 26251 41571 71433 31584 42971 91691
9872 12
86685 85527 91580 47501 4537 42558 46559 51849 60493 32420 56111 22001
2017 17
23740 17264 57327 5622 75426 3036 14595 94563 29367 74179 97604 76967 59125 8443 67785 62087 20243
7630 15
7311 2334 64382 82939 23548 37838 20506 86198 60555 92006 47513 1471 58172 79061 70287
8328 18
86907 76330 70422 1788 42852 46690 86436 74458 9753 92596 22131 45518 63526 8882 3549 17414 45149 28629
9462 10
68769 72503 56908 15540 79665 59697 45433 89891 60482 28848
7294 17
92094 23108 14773 74403 87816 55349 83796 14520 9222 1412 21556 24763 64804 10973 79261 12787 83381
9809 12
41078 57612 76882 81683 36806 91995 14461 23340 23774 68260 7458 8225
9992 17
21906 65970 97315 18310 19245 12834 63811 50037 11896 2448 60898 94642 84675 28487 65697 54487 24118
2166 11
57078 19898 40136 62613 64805 90335 26738 28339 80786 8926 6135
5956 18
57377 66314 73217 83263 93419 7784 61150 92215 65480 1566 18497 62969 81811 89882 34372 51647 23111 33959
6736 10
33980 88797 62677 41002 63766 24377 7372 2769 97971 17570
2553 12
6312 38815 90128 88672 13629 42035 97637 90329 85917 77650 73659 35291
3775 11
51774 2655 44989 853 95886 26001 29432 61795 69614 70629 51345
7658 13
20970 25900 62112 25826 47815 16453 82620 31242 8891 55638 48988 40645 6353
2892 19
30672 85247 51425 74543 10531 50451 20815 55996 4658 56667 20135 15090 26190 72634 37513 53745 51820 9474 69949
892 16
29306 51822 75139 13088 94538 98953 69377 59479 87443 51096 83271 90487 5053 20037 42250 52872
1415 12
67311 60818 12331 89423 36581 59570 83073 77295 11057 18746 86353 35560
673 19
59134 58881 65306 96349 17215 73053 29444 72520 50079 92933 44256 93437 97092 37068 4694 42583 74144 46508 20178
3008 14
75415 8538 96975 84471 99357 11958 24130 96931 22516 18518 30813 30115 34054 31683
4544 12
11467 3786 18326 17865 98404 87227 28392 54207 16494 60387 58307 72805
4411 13
41736 8582 24141 92559 2758 63625 72159 40128 43652 26302 78071 17257 24844
79 13
15601 68010 81522 75224 95827 20294 9743 17409 34003 40712 3069 92238 5547
5281 15
30916 92374 14677 60825 85547 3255 33046 22276 29553 10224 85487 53940 99717 5775 86086
7786 18
28405 49193 95619 54098 98713 25158 79747 76788 58615 1248 39415 38905 53760 15505 30416 41312 35502 17896
8679 18
24578 69152 22541 11756 59905 95335 31354 32609 9977 72708 4751 53446 80286 72105 84389 80923 8456 91990
2375 18
7137 59676 81737 7000 72883 10711 15912 93719 50227 72134 20658 68368 29920 23324 11564 66067 34782 37447
7243 17
43122 91025 11852 41457 27950 77263 42008 60513 83823 57434 50394 30369 92712 36003 76394 24818 50324
3626 18
83171 36207 64512 18769 43673 48568 60051 44095 97070 71046 93048 88247 12872 93140 71871 51156 35013 47103
4252 19
26067 73659 6511 72729 58654 28200 48475 56397 73224 51077 73169 34069 86957 92372 41155 19213 62340 69466 87121
2350 12
44605 19798 60978 36697 36280 73379 70 31049 92186 79745 20453 18392
3130 18
79652 82904 74193 1414 31519 21113 71423 61595 88641 33482 59713 56914 74557 26726 51923 23567 16468 92289
1475 11
99146 27977 86472 73586 72781 90447 44559 65092 45883 4597 75612
3109 10
5398 50905 93747 84480 70931 90908 52392 89613 1094 77712
973 15
60779 92793 56535 91042 18062 6862 67173 92156 61097 94639 64268 46139 83999 34780 50798
180 20
72660 98128 84541 75870 97815 22770 862 87213 52970 57753 3243 56086 31588 54866 71005 35394 53633 79716 65750 20863
6229 10
75827 17584 8106 76302 14751 81657 28422 24198 61540 10817
6493 10
80393 24233 92547 75107 95151 82563 88148 17080 18975 56683
7650 11
3584 2927 77217 27528 24415 98014 93619 59307 62493 9657 98815
2977 13
1255 2309 15505 17198 26975 5806 51874 59016 93384 55942 12353 22277 3911
7205 11
43391 88876 83334 94841 14607 14711 84681 37738 94683 23637 52199
1109 10
74628 25962 14698 65141 61713 70282 78813 29735 38329 83089
7217 16
90888 96348 73827 50363 30053 10306 63234 6572 60144 52813 81395 39816 43719 29793 26071 28172
4676 13
90023 11921 58308 12589 52489 32880 50741 44846 59718 19836 51827 48092 52453
6378 12
49726 36286 77298 42644 63749 85709 2759 25257 73365 11653 97554 50575
2675 14
17293 87522 91568 50380 76632 82203 20321 928 61797 38806 6623 27564 20859 75092
9564 17
56167 78145 70424 47827 69604 38194 94564 4400 65091 89514 87438 39193 32607 77329 36491 3879 92259
6235 20
85956 33564 10813 21213 74048 89751 44347 98310 20599 2510 89434 43368 16201 54675 23126 27975 67868 14188 78483 51514
1927 15
57500 91736 25473 45031 23592 33481 86437 32340 23729 27236 77772 73243 37925 40567 3347
379 18
72588 47267 86948 58268 64684 39454 40299 83468 89172 49135 50125 32075 6458 48493 97853 97232 60701 93399
9153 13
2358 91461 34572 89006 22242 90720 12224 33731 30877 15634 18060 16077 81046
1387 14
1764 7146 1750 33690 83555 69293 82649 11485 87865 47004 33853 69901 47755 24782
2097 17
30639 59220 70408 99396 13950 72902 19472 71974 84576 12344 56512 35119 55915 95184 4479 36914 58614
9871 14
87836 29061 80393 58231 63085 15113 92079 70576 17117 15552 84703 21955 1601 47617
1244 18
9198 73099 58545 71727 30477 8718 4661 60745 98458 88658 75652 40847 15399 71236 60374 65878 69323 2194
7496 16
42372 65539 18581 1708 15189 32602 41918 72242 19343 83511 11057 42525 89302 28470 79063 31034
479 13
65438 9176 95650 4191 95716 90023 77731 13011 15992 31568 70053 15780 98692
1711 10
67380 15318 45685 27128 86544 87749 22263 77518 15797 81455
7985 16
13931 70264 16292 87738 53066 26172 16010 74395 2 80493 56341 92409 33118 55560 89738 45443
1773 15
13491 70494 61380 13988 16687 79356 33405 79246 56875 18163 68833 93441 23778 83220 73845
3632 13
42140 94062 46997 91017 55839 34962 64088 87037 31648 60329 23357 73286 56974
1023 15
55186 10828 51587 43370 97098 89160 27354 85591 99039 97587 83452 9084 94739 61112 30515
5849 19
2889 19152 45274 99523 80951 45652 45671 1608 89578 97553 15950 11766 13806 44926 15196 80858 75944 49834 79817
5400 12
88666 64213 25252 69093 26949 3783 26374 17307 92324 94870 43461 24341
6792 14
17248 3160 7163 2690 74662 52189 29429 71996 60785 18607 28459 5277 37289 56258
8543 12
8552 418 24849 40890 71101 26499 22740 48140 76542 13968 8409 8755
6237 15
14727 50591 57855 85750 65844 91042 99963 35897 47326 11327 96515 39697 59450 44804 10342
1544 15
16649 62433 37213 84168 67840 29314 47926 25713 91937 53034 8785 8966 50240 30370 39271
8587 19
4685 32612 67325 62910 47251 75555 89433 37892 76951 79082 39498 96446 61696 64378 44756 2274 56007 61852 35465
3586 13
66498 71835 15365 43105 57227 44102 74127 40780 69041 69328 5869 7837 86665
8975 15
2706 82501 35642 84051 63980 76905 39516 73332 76019 43384 92961 51053 69346 76395 88997
2115 20
40196 54155 99970 62652 70698 3811 72783 52372 67550 50089 631 28285 56731 56546 30329 99988 57393 44940 36470 82299
4073 17
53563 27832 42866 15207 46024 28100 74354 55069 80978 15461 63376 54761 68855 27061 26997 10082 2359
3368 12
3998 55175 32080 77095 81261 58290 24102 35402 2299 9128 13742 4853
9048 12
41335 24196 76152 76919 9139 81440 41045 69244 72848 87990 91713 51399
6342 19
78035 15146 56610 7859 72245 14438 82294 69395 92024 17891 92418 9810 55491 66637 83420 40639 21926 32670 54197
3126 14
78439 77864 75788 66138 45234 1899 91310 42096 65807 80516 44698 4943 45856 29032
2079 20
18985 49369 60294 96654 87837 87813 81842 9323 65350 10174 47464 72866 22275 24382 13037 3333 87657 58472 49627 82091
8540 15
8706 76142 18443 6855 79081 56709 72970 44182 96522 45067 22852 7705 244 81486 26265
9096 12
95825 91376 37455 35543 41134 83646 22767 56082 37806 85824 30748 38478
5193 15
32326 28848 57071 55715 74255 31968 69331 78706 78377 89721 60938 21798 36532 45002 84756
3201 11
54824 51060 62462 99450 30259 86729 69498 54403 14868 89925 8566
3172 13
8967 96240 71744 49452 47058 64521 9062 63434 79747 93592 43269 11291 60034
3192 12
2209 36237 96441 87211 93968 37464 18494 80379 30196 76950 48592 97915
2426 16
26876 6297 80268 47956 79815 51424 83455 41980 62386 29891 57164 32695 46011 15831 36818 20121
5269 19
5257 41417 79595 66959 84148 38405 7929 50139 24854 63780 27223 9236 34903 32970 26048 86823 39365 55893 61193
959 17
74325 29854 56496 21381 81585 66893 29825 14456 64001 75141 25028 48481 68767 78376 83445 11034 78555
1360 13
75510 84443 99570 74506 16401 55306 9139 66993 13682 34939 65475 48303 20601
5940 12
61017 50640 5032 53777 13984 9755 16471 12645 30027 12566 15112 71407
283 16
34533 42973 17523 2751 17747 53977 20758 41323 48462 69277 80348 97229 89784 37540 66568 97389
7450 10
42922 97960 15695 87177 33548 91580 22218 78642 23131 3796
8422 11
65703 49918 1290 17780 62578 70695 71702 27526 27225 73609 32319
6924 20
74130 79444 99091 71058 74778 63846 79063 321 11872 914 72342 72444 21608 52515 85194 17326 28224 26289 35243 437
1704 13
57725 369 92036 48512 84820 8043 8800 48890 35961 48050 95486 43079 61444
3970 14
90280 80384 1978 2949 88203 74394 58686 32750 84154 81727 37441 55053 3427 55513
6644 20
34688 32722 79918 39066 43182 59710 5281 47332 62465 73905 89990 91504 2164 60249 67532 87633 10816 34217 52990 35676
8283 17
93624 96375 84177 91275 52552 75797 93762 77395 75951 13885 69572 94482 81890 34666 21288 778 29584
5388 10
16596 2510 68884 6239 22454 56049 29262 47577 31625 48235
4970 17
22227 54697 66749 29620 25864 86094 16374 93042 23565 78106 92407 50590 64532 65783 57228 1884 78365
1617 15
47934 93865 2333 19774 91056 29324 90550 28758 3912 29606 91605 77589 26184 70432 59984
1390 18
36942 16117 42695 77440 52498 54901 21207 73468 93172 10923 34984 27045 35068 64952 16486 91844 77629 44031
9507 15
61625 84733 107 37861 82357 43700 38469 28393 46675 13243 50520 426 76685 22639 47750
6751 14
91002 97696 53100 92329 12447 9499 84948 82752 3186 6353 46146 53945 57764 78367
337 14
60537 92029 12478 60311 44595 36601 92183 21105 2378 42781 90248 54872 22544 14332
4537 11
63929 81936 61483 53134 76042 81808 1642 3289 86226 32402 89886
1265 15
12384 19613 43649 16146 72999 86827 63830 24675 23903 62157 68475 40536 6345 74434 15495
9275 19
73807 54384 5993 65439 10678 46024 24056 74937 52454 96342 96050 55292 84400 81883 27217 44588 20719 68647 34618
3281 12
62089 31111 25349 87524 51293 61555 72335 34566 32534 64347 57830 74446
5990 15
46525 24689 63765 70341 27750 27051 55817 24991 8844 17515 30267 72817 71709 57778 35951
1963 20
6107 60410 77314 53039 47421 65636 61203 21730 41579 41118 33341 85379 41207 41602 36653 22925 70641 27447 95370 36219
507 15
54674 8520 4857 63026 16830 83617 95167 36859 66589 46497 52892 53895 40391 75900 18443
7435 10
43857 98647 43289 94516 67874 81538 32657 68029 82334 16688
3301 20
89106 71697 4023 40547 96993 70229 38908 87044 31788 19561 16442 35755 17449 4947 8738 19556 2972 92476 1990 25109
1978 13
38207 26571 76064 98454 25345 37793 65957 46371 39689 89758 98923 14277 92074
3406 20
91345 2525 67680 2838 33196 36740 82917 53507 86708 86556 37390 66604 28551 39556 55139 82683 77535 84299 3749 22649
3164 12
49782 31190 32687 72596 97316 67484 31033 69313 61670 7633 77109 66562
3940 17
13590 30845 86701 99161 15831 37621 21728 31355 49524 97083 81194 58153 93821 46368 94706 95469 82599
8677 19
75934 95939 57476 36527 98603 86212 59762 63444 70719 69066 61954 65537 5765 54100 55736 84362 87787 11813 27075
7585 16
89855 52337 57304 15929 48431 68980 31492 20683 29629 56351 25213 89139 22583 47330 87122 1813
5209 12
84091 20286 61280 12680 75315 72848 49841 34368 46531 70287 20287 84635
7644 18
43396 7510 69898 97054 11830 79845 22370 59212 43063 14114 14944 71355 37473 62560 51970 86800 89347 26476
3871 16
38562 2283 52692 93465 60672 68647 67022 29774 93037 86380 6198 34264 67314 36057 83757 98821
5134 15
10421 77120 98153 68890 62796 97582 97031 41345 6727 73307 91032 93992 41570 79664 78271
5360 19
73095 33065 20246 18325 1845 22487 43051 31018 56937 54788 20416 66546 82605 55642 56856 76585 69020 59857 91915
2746 17
99148 70366 11870 27449 96044 84885 2760 17972 6172 86804 77302 81792 37813 92342 39339 61610 94130
9250 14
40283 81473 22362 44363 50572 36413 85035 401 47229 64333 26902 13243 91350 56990
7791 18
32187 81874 75810 54133 93181 27113 26638 49959 41427 87331 91641 35109 84014 83007 81321 23942 87958 48237
8534 13
80071 84302 37898 17498 29668 57696 84520 86509 77373 33987 74239 88065 93623
1201 20
63192 26759 16196 33482 91106 78818 28933 6471 34078 8585 4850 48464 93111 66837 58677 99899 99331 33588 84256 8851
9323 15
91919 64935 56860 56664 79555 83574 75862 94495 89145 48421 74911 59722 96985 58795 32041
3258 16
99284 40100 29180 88380 54329 4559 12543 71469 77319 63097 30095 57657 32506 48024 45434 95274
111 14
78382 97759 1559 20320 61427 1692 70445 40466 55457 79430 45472 38153 8792 15253
6939 12
51405 22972 36094 31143 35146 62718 84101 84569 87628 3723 51249 99366
8364 16
41327 81998 88838 12066 96410 57450 27425 4091 83689 61859 72560 11546 97319 24009 60410 97865
9971 16
49050 16829 5995 24796 29304 25659 39106 77332 94187 96296 183 43708 43009 49710 1694 35042
5200 16
66843 28276 3784 59035 60888 17045 98368 90506 73487 16919 60677 58521 38119 46191 60617 739
5397 17
78555 46379 73351 53613 94475 53554 25888 5699 71639 53189 90129 3816 77282 27789 54150 98963 15078
561 17
25871 58923 96955 62468 51002 85188 8987 97761 8806 95256 53763 74585 72772 97800 99897 51720 81332
4563 15
77153 4685 9803 89260 77888 98262 23443 50753 60440 90525 57610 33076 72835 34839 13028
8314 12
3608 8642 15104 49592 41045 26183 2974 41770 56962 68776 13404 63791
8128 11
78649 27904 2429 98960 95115 53094 19960 19901 6491 25117 260
2126 19
37437 79908 14772 46775 91307 24695 33272 75921 39045 80042 16653 2994 39158 5152 15433 92653 83515 18221 6266
2787 13
57208 88269 9806 39196 18277 48346 27314 30131 40733 41695 29539 42080 48839
9927 12
75180 25242 15046 79254 30544 62499 6495 62049 79480 6861 74206 87095
5023 19
8667 13803 50887 87136 31201 57179 75447 85676 73933 90649 54788 44869 72850 71227 82184 66078 5825 42712 32205
1967 15
33135 5236 73638 43534 40905 86026 58156 40595 92869 11981 82135 8369 26335 43927 44470
2908 11
82047 56549 84953 9530 41295 20969 46658 59140 56188 34005 50659
7219 17
79025 10232 65577 81402 56374 30095 8046 61498 99905 76261 95844 80035 83244 52610 6933 46688 10771
5345 19
11138 32964 17624 13629 94530 56301 62392 89116 90912 24450 31374 98257 97852 15602 36536 95436 30131 860 72349
6060 10
2388 38156 86675 44028 96346 93867 33014 58658 82043 9960
1915 12
15968 53905 41270 88549 22528 17522 28859 38654 24537 80609 76080 42436
2632 17
17173 33741 84222 45380 55553 41768 83070 15425 33928 58992 70290 58005 63572 41421 69919 32822 19336
3932 14
76902 64017 35609 77422 70752 80363 50601 40438 29211 82149 2929 49927 56522 59960
5820 15
86589 91019 87294 30951 51451 88831 72015 20213 48008 92884 82516 89636 5564 12817 23868
4813 20
40613 92336 53605 4381 44893 61968 48889 80961 33141 46409 4925 81110 94508 80023 1619 33887 56513 80938 70504 79227
4803 15
88501 10665 93237 38697 31486 25838 88996 42472 82890 64724 4008 73946 10540 81947 54173
5922 10
75144 20615 49107 70321 6071 16505 76302 92908 67479 73061
419 15
60744 38240 18565 36273 79506 65285 82453 99886 17054 38525 1346 83146 50235 4736 49040
7727 16
89355 29801 17593 91238 4853 92711 64528 68591 29875 87259 10655 55257 13749 65973 29373 56360
6189 20
72577 80523 74773 35704 73003 35114 55154 75602 27676 60912 55709 29089 38508 27544 77413 16253 84448 99320 57806 28025
6633 20
3560 91131 24522 97717 48990 66888 28747 23120 13722 7343 27148 4861 46796 71810 38820 69673 78792 12603 63971 50672
3766 11
89793 41609 72504 22781 23121 52837 98159 97610 53710 24788 96098
3795 10
16388 63779 7354 3783 28233 560 93681 72062 80409 73797
5375 10
13374 45291 62983 66440 17446 77236 88229 85931 93957 36742
1024 11
52032 38759 4972 32114 58408 24268 61721 82442 68426 20277 22368
4213 16
9895 20152 29636 77531 84254 46208 47974 79678 94145 26825 28342 94775 66911 16057 24738 30834
1973 18
24433 5102 50348 28670 65534 94800 96683 55929 14394 68673 81346 37676 27527 91268 94537 28074 89391 65802
427 11
77837 40282 98000 99282 97772 77656 44066 50193 92463 43303 75089
2708 20
83932 57484 96343 75651 34517 14779 46311 42940 74184 56282 28024 43114 37677 14008 64931 58419 39506 73774 82422 96552
599 19
12746 87674 11155 89722 86730 70241 84613 25834 23800 77874 87928 65840 2772 91700 78333 95277 77534 56373 20019
797 10
48403 82991 69510 97509 19789 3901 9020 39452 60036 62661
407 13
24876 80675 18420 43265 63462 89988 71500 97045 85883 6225 75547 586 67822
5143 14
97316 10096 53407 36913 26250 84398 69451 25367 69602 12125 59519 62203 5084 25487
6953 16
44169 71259 84887 2391 29728 52169 46501 4460 67642 13413 40597 66523 54548 45821 46259 6931
5437 19
58359 63416 29133 62156 36537 10326 78972 49865 19419 70941 46209 40517 90727 94845 99313 39244 37541 75118 84137
4395 20
84928 66605 90725 91034 82899 77725 19596 14023 93784 94303 91851 12772 69050 80554 9978 78663 97933 93942 48010 68609
3993 15
56292 50285 63237 92861 21837 90129 22861 47019 58199 57768 43520 89549 4313 80554 60365
3720 17
94835 11291 32015 63846 41114 85826 73304 19264 39381 47043 35343 31747 46806 48745 60814 84943 70147
9143 18
60772 45158 66006 67560 42356 57260 91287 48011 88337 88929 96999 13122 69322 25932 49178 52799 40948 85265
832 19
75680 53142 86392 3870 76482 12923 85275 29059 26078 54441 1489 98497 17213 4567 44419 42719 29746 89198 4118
1952 14
63474 90973 61733 12985 71355 43701 33240 31511 91043 57365 41925 96773 80224 42604
2265 15
26519 61153 79060 88338 91725 40925 67068 19445 2187 70665 79075 21588 81633 84763 46964
7408 12
7268 83295 62906 29267 30840 52255 17309 55750 63356 86432 86814 90957
7497 16
14803 71391 69808 9135 92768 7073 62274 90886 74228 57043 22867 53105 50765 36818 99083 27131
8722 14
47704 21854 75610 60231 17443 87862 72556 54726 24663 88070 44165 75693 81145 64086
1640 18
17916 45754 82408 80930 33249 57479 46517 18860 10173 230 28535 7256 61934 45617 91380 21242 5558 97768
83 15
13463 68141 80483 73003 43912 96069 20825 65409 85294 72666 41578 17989 28287 83179 31628
3347 16
73956 39798 56624 46296 24924 67037 63417 79488 88907 86885 63909 73455 58386 18047 27081 42963
8910 19
35807 92261 56663 81603 94724 83365 55435 32055 61520 43138 42750 97575 13132 87320 4878 26215 19559 19798 22611
576 12
16664 30843 35571 35371 27135 22253 68442 96841 58222 39389 61498 47697
8831 12
8173 8156 60767 92109 9652 21173 935 54090 28394 83003 73255 90428
3370 10
70702 63608 42678 89549 11541 22251 26142 55538 11899 84713
6470 17
1969 50052 20950 90831 52709 97803 22269 52430 28558 64147 95501 97384 81962 1076 18006 55265 35795
7946 10
36226 74419 45497 80630 36736 79434 58690 10678 4421 67998
6805 19
63182 49444 87313 51279 12103 6252 85071 20240 7080 12320 96088 72651 8175 59020 83178 21120 83935 4740 5852
678 12
68211 85487 17194 47386 94664 8939 33440 84236 36725 31520 14878 47622
1070 10
59081 60827 21838 30639 7092 69810 1264 34224 29068 48880
4084 12
22613 47224 684 80992 28011 63578 43610 41848 28414 7800 68634 37389
5634 10
95198 50298 83678 61670 32468 43723 13400 60989 63947 99710
8388 16
93683 55489 5630 65980 57484 73436 92996 93028 47698 7524 70556 60592 40309 693 25618 97776
1739 11
9555 18261 97610 44015 6282 15933 44037 32025 78132 72874 29370
2754 18
60594 86571 65303 51675 4700 70011 64036 47424 64840 71756 69218 64367 98693 81834 65435 63882 52108 35310
8876 12
14071 17359 22307 9214 68047 22160 64164 58226 42385 18218 22853 39515
9795 20
34002 6194 51869 43506 76529 20885 20434 65418 41804 66744 40005 76716 63213 21198 27957 21612 47305 91990 17117 82816
5616 10
83210 40986 5202 9568 94408 81337 11907 48716 75437 63050
8523 15
18658 63071 78475 90863 31887 6143 44307 60628 14552 38859 73506 67090 38913 55109 95623
4677 15
89654 43563 72469 71682 96475 28087 13292 12029 5862 53479 60333 98754 21688 86628 44563
3876 17
96222 41615 60734 48541 35264 80512 61376 82329 61517 30773 39365 39322 32338 8714 83254 74294 68830
3124 14
99456 88888 57835 45851 24803 31431 1683 4303 11593 42065 7441 89360 99244 79809
5390 20
41659 83944 1629 98409 6763 41223 80485 32506 75021 26973 41258 96555 61675 46059 37734 91957 76674 5053 9937 65140
1345 10
88362 31986 51800 91428 52360 59885 94509 82341 23559 42322
3348 14
63599 23166 77328 51194 57107 41564 93667 32468 49724 94202 49254 36089 9275 47454
1618 20
37148 59773 27330 59552 52505 30245 87687 2216 19733 36 81907 16210 41190 89628 39408 34808 30016 97250 43601 98289
9506 18
48747 28035 82657 73605 55571 91177 13325 61131 73120 32320 2253 64272 24168 53947 54080 33125 52150 95401
7736 16
17270 69643 32385 1616 51154 90159 85917 56439 77480 63164 94907 7897 13898 99773 16771 29918
3891 16
5875 21847 69713 70328 64916 42805 77393 45174 27807 17549 86807 92040 36064 46221 96200 47052
1002 17
64128 19564 75761 80553 53213 61038 9968 29363 43863 28160 38792 27661 51557 38278 45978 79194 49726
7653 14
67146 96204 72998 74280 61981 81156 72832 75607 63045 15142 87106 74535 7168 46959
2013 19
31217 58155 64668 23008 79480 53835 16225 22440 71968 9792 92691 41015 51244 95549 65444 25257 51428 44499 64823
3010 13
18798 74400 92637 84358 14804 32005 64683 94786 91177 8844 35918 7269 1375
1826 18
83776 21922 83330 9471 38060 90765 21512 83483 66497 5968 62632 55687 26070 79766 20399 17481 64048 18765
6208 14
84540 43797 8024 91385 60323 43177 35125 93682 87784 59455 23418 6373 5843 8188
7823 13
12201 45769 1341 61716 16731 13575 36717 54319 81343 71873 22647 61273 50974
9367 15
55924 90301 23025 82428 36361 69960 49525 32324 10106 31744 65640 19891 94991 49908 43507
3413 11
7166 46956 11789 14911 23259 93981 80404 44479 70750 56065 82597
9101 19
58552 64819 6785 81259 68857 21606 19066 45693 10730 72384 82354 75021 86821 50232 77147 37049 48757 53852 29575
9739 17
18494 1930 47914 50398 5857 59011 49512 52009 67310 65235 68408 83135 75047 62526 5553 94857 75752
5593 12
23069 81149 62158 4608 14137 19353 901 60278 42558 67240 94212 17700
4518 13
36700 62287 86071 72114 678 58567 81118 11641 18902 835 2404 20916 13817
198 13
64023 19029 42091 11316 46140 36870 79943 38878 86139 37953 9872 3333 40934
9829 19
88487 51779 56041 77453 67231 1070 83501 86822 32779 97558 47315 75869 11205 47730 20136 21391 70861 3990 64120
9963 19
9928 35723 23537 66242 13159 32448 3471 13534 55717 27003 11101 74257 34741 47722 54749 1914 51392 99824 43895
7050 20
66657 85014 35575 63853 39815 11958 13613 84806 37230 57452 21397 6540 53270 41269 34199 54619 45019 37315 79055 40683
8923 13
43674 60193 52393 62108 51239 18916 84962 58545 81985 19488 73575 59575 4086
3628 13
10089 1000 55607 15847 32745 32178 25626 33758 70186 28325 22327 44963 86633
8108 11
79593 50028 43037 95974 17390 42241 90571 27661 66980 40497 54584
4231 18
22830 96225 68464 33514 48429 7049 6070 93013 21764 83453 37715 52359 24035 81509 28 90565 26108 17548
7164 20
93598 22616 92743 11034 26683 88532 89788 15824 59655 11250 16300 32675 1126 11969 1665 51927 51026 4667 46932 43695
7344 17
77416 8712 12714 77088 66432 3380 81481 46076 90169 36586 61206 65945 22816 91488 48724 26817 10626
5339 19
11166 63380 56296 82022 97317 58639 8649 40789 74857 93773 57166 12125 57668 21895 58878 72427 42866 68007 61805
8490 14
1738 74268 5462 75442 50163 52199 6575 11887 72199 70466 12447 82276 48919 6067
6153 18
29233 66969 72700 16235 3584 9862 74845 60960 51064 84343 75433 99823 69519 21525 66858 42225 66107 26120
2611 19
55573 29626 97483 70329 20784 29310 30014 20379 35787 75980 2252 2013 42207 85641 52184 57813 46689 72537 71017
1048 17
73942 48944 35936 2777 46095 40363 9323 36777 98940 93924 26530 51088 42369 94677 2719 80509 87605
1920 12
8163 68831 80107 23506 92944 43813 8964 3934 72215 41403 16968 76614
555 17
26049 28172 67932 13054 29340 81758 22635 11256 83947 35007 52206 79265 47424 52560 57518 29929 37310
4775 19
27594 80663 78072 76773 3796 39341 51815 30257 18438 24571 40231 44376 75465 82844 56806 46064 63833 85930 22934
9115 11
66888 52158 30049 15537 58069 83362 70085 99066 23702 90641 73107
3892 18
86775 42265 62900 71082 32622 87941 92764 99035 36386 12462 67317 80893 94948 20053 98800 53692 730 22403
3243 16
91479 20909 88483 90145 23264 85091 95605 36187 85995 86477 22446 30365 36767 81520 87999 22565
8292 14
47616 82207 76710 15794 65744 58452 75822 33785 58975 5718 20775 58278 67701 22809
5761 20
82127 49440 59747 58793 77951 58848 13204 70757 22202 51586 90546 19707 83633 17367 82537 10195 7101 9465 90886 84117
5105 15
33920 5269 41571 63294 23803 86497 66158 24416 58870 43384 62790 72557 11408 25937 43200
3580 18
84211 26308 74033 43312 54485 7837 12403 68291 94672 24670 22381 33000 29107 58325 15914 88651 47553 93285
1176 14
35942 84570 46632 92171 38649 91541 58895 7382 80163 17553 57842 85015 91262 63336
5379 14
2764 64738 88736 81143 89115 44426 64056 53520 23465 31790 75619 76487 7914 94105
