982
9218 11
71906 23172 41448 8590 70639 27311 24201 68963 35538 89612 50339
9265 10
33298 24823 53397 91487 33897 68331 82736 67953 48707 58858
1161 11
41509 24904 17614 57095 31630 50715 45754 83258 35684 47289 6615
6152 14
28053 5991 71306 14160 6747 94538 6315 3713 75597 71362 23049 16806 24180 33034
3050 15
7507 17096 20053 89911 80440 31709 57053 55851 41617 50044 77035 63291 69020 14042 20139
5020 12
72364 56306 61717 28296 24078 84053 23908 97385 71679 34753 70976 11335
1224 11
40119 56486 45202 23191 61704 7351 70091 46850 16614 625 70152
4193 12
82470 16068 8596 51587 29869 52011 58278 97482 99564 34675 49397 24403
1760 10
5901 39132 49620 14830 22422 40929 58487 82880 46805 28953
2904 10
19713 55723 27446 60058 54135 43181 31835 94923 42921 91335
6977 16
66128 32183 70449 71114 50143 34286 75975 32393 26326 17293 1942 99975 97203 48057 70124 99006
6915 11
65488 39955 36036 74797 94434 5398 42644 29988 85197 71522 85422
2257 11
37279 92596 8041 97877 53545 49709 35380 24086 83071 26567 44184
2469 10
60170 1645 27590 87765 57522 9735 97430 44522 67973 87022
6054 10
4824 58795 69265 4114 19734 63110 15284 56202 52082 61539
2144 12
7776 62673 39234 65933 40437 18220 2623 37470 36485 59023 83373 8888
8178 10
9401 81080 40436 45833 4923 53621 40020 50605 50677 96730
2760 13
78645 36859 27297 57304 64077 93269 30126 89490 78331 64610 16929 26113 85851
6636 15
42641 997 71874 5454 54092 97223 34089 1816 60066 95361 75695 47875 47982 88953 32592
3394 13
39436 15939 54203 95135 81118 98924 10310 10938 58482 2863 41598 64967 93786
1226 14
77342 44775 86281 44968 233 62617 22973 94276 96907 8998 64032 95939 46361 75758
5065 19
32542 28614 40458 9950 71471 311 6870 20130 3096 69453 75917 99038 63892 77520 71880 28703 62380 89812 99758
4402 11
12941 59661 92752 56187 15847 94612 47813 28026 31459 77337 4185
9562 10
90086 17388 24074 78801 6065 43028 73374 54582 66324 82933
7511 14
16503 31358 7833 33910 61640 75046 76480 59683 60278 56141 8434 86698 71537 77109
5589 14
28172 30920 93461 16716 18607 63705 41680 8447 59911 7436 59009 68026 32515 99825
2882 12
16292 6626 34082 78934 24478 34255 48828 54090 7897 83698 130 65860
9692 17
991 12574 90107 94674 59362 89000 4046 53196 17138 49181 6893 38246 70740 10196 45235 44492 95232
906 12
60103 28069 51287 44052 11604 24241 36627 87150 2770 75208 73612 46263
8728 19
71936 35203 33260 69082 65433 50050 87702 32405 56671 10134 74374 73194 74978 35881 72584 47730 18116 81479 15654
4457 15
89928 29127 89588 48851 90672 72070 43625 29944 10762 39188 52833 87383 13166 72866 74825
4893 12
28005 30989 75560 30105 93129 56984 77511 45773 96674 37160 4774 29853
61 16
26401 83635 10448 17897 30734 22628 26630 270 91850 91434 4280 78493 81777 99911 74641 38128
9027 15
30917 80014 57018 65839 672 33279 66363 7339 7881 32154 87363 96865 58873 65327 16771
4606 11
34227 44605 93551 45877 24020 57936 40242 93740 20684 78370 59143
3318 13
76786 43084 69979 1598 61006 58059 15194 32281 86023 94732 45513 22250 80271
1028 10
48004 46773 88525 98360 77170 4225 92049 44539 60552 6622
8696 20
35619 45104 44776 86267 17085 89554 3876 87902 38304 24855 77630 82092 78115 2284 82577 94634 66416 42488 5076 65791
2440 12
36019 32503 17250 95621 29022 52280 48961 273 51054 38466 44569 95859
2110 14
24868 61289 1347 39568 34012 21009 59501 33033 89707 86964 76856 26358 51188 91268
8582 14
95124 26310 31680 60342 49047 36499 73331 83989 41460 90971 78272 56004 91550 36362
142 10
23765 27708 52504 70926 25320 72905 41397 44876 69776 29870
8149 10
16863 79950 87508 71560 59349 39297 11281 46288 42728 88199
1478 20
29736 81910 56764 95287 31959 59763 21990 29280 16091 11030 70272 40915 94114 89956 99281 44076 3165 94760 16541 88154
5311 19
88308 47594 27 73422 85283 52285 82953 37385 75001 71301 41168 81510 56186 66267 5980 26765 40337 31674 76763
3919 11
90734 1184 21917 40245 66590 94347 4461 89941 15819 56056 69802
5835 10
6703 24979 73781 30382 78040 89745 48697 93577 67862 93568
7285 12
40018 63576 89313 26738 11089 73564 5389 69891 83724 81492 65547 24772
9160 10
31683 3972 4618 73769 32719 89403 86929 96777 8302 97387
5227 13
47732 7672 83714 81167 46717 56598 62742 40790 20469 93187 33407 74622 25082
3597 19
40462 30212 95110 43268 15572 44464 11413 10118 37962 76133 90138 26650 84345 90342 82493 12667 73670 55285 59146
53 11
19871 45897 2478 60488 1061 70968 67042 56156 61098 42293 27198
6886 11
18228 31876 27227 34128 73537 58564 5969 63331 98641 9162 96184
9752 10
27133 97353 51247 3775 5944 43989 27738 55576 19038 7306
1033 10
22592 66969 1227 35570 59925 32089 54274 35336 20678 80585
141 10
61373 37098 52135 42032 33554 84401 11061 1616 27534 21027
1488 13
24347 5672 94462 22695 39288 94939 1762 80258 33891 32887 97224 14619 37975
7293 14
14667 70986 49312 39981 51647 3704 36429 49885 78972 14763 57054 73884 13465 44087
5272 17
37152 6228 26000 54677 14946 18631 83652 52185 49264 37339 38740 37519 79790 44610 8396 50995 82744
7709 18
99195 24499 69407 9816 71892 58854 6194 78733 23021 56021 67654 91415 53259 88615 70512 80735 37972 17174
1949 20
24096 18968 82966 71256 98832 52845 2883 63589 5658 7767 96757 99572 99686 77607 75188 21318 29512 46254 41367 1416
6739 10
78605 49017 32314 60521 54695 56487 32677 22177 12013 50698
3729 11
2650 91787 95081 15581 83971 25485 92769 62809 52186 11564 45274
5172 20
51447 57499 4624 78612 70466 52269 6742 17102 52564 57587 40985 22553 863 71104 45727 8430 24432 67828 5955 32583
661 20
48941 87312 32402 83190 46618 77606 50977 25973 15297 26557 49350 31489 55860 41272 44823 15973 86001 9112 5110 66405
3525 18
60690 22992 53202 39839 33222 88124 26248 28338 4701 9648 72796 5122 89782 54655 97816 80204 11729 99793
7358 20
8226 6016 41726 81897 46729 65508 65619 36550 63957 45114 59605 34271 81543 47834 46203 30585 67570 34122 51487 88944
8449 14
14558 20646 45138 28274 80146 39740 8130 1067 63841 79160 6551 88496 150 18333
5091 17
12683 88734 69124 8330 79615 89906 31388 10382 44496 25414 38037 57384 28866 21570 39856 28304 65945
6550 19
94970 97138 10051 35700 31067 49892 65313 11530 97857 7958 93066 63103 12759 33058 80912 57286 85050 57527 16395
9540 10
64100 76067 69550 40796 22506 34381 15348 3354 15073 99580
805 13
11921 94485 75569 77582 50790 63022 47300 72013 44657 97775 50852 87849 27115
350 12
63551 16689 4757 28363 2565 10810 43238 77936 8204 39345 55647 34408
9061 10
97758 6623 14719 47228 34454 40717 6237 97493 42091 36314
4704 11
88817 45187 66137 47679 26048 79826 96939 11965 53376 46492 14343
3437 10
33324 34182 77581 68876 28689 60974 40649 4850 27826 95139
5438 14
94553 87397 98 68452 13272 12924 41381 44812 6373 76256 89930 49632 60056 527
6079 17
81771 36151 15659 16853 80276 77000 76709 22024 12844 26665 61223 97034 72673 49 49798 51612 10997
6464 17
78557 58880 71231 73743 49221 42483 37271 70117 7568 84763 66338 51166 88610 42093 7421 19163 8972
9647 19
6639 93830 20992 36874 77077 22523 36307 29392 69201 25354 15121 35547 14951 3723 46419 25514 24037 95318 47109
5568 14
11989 65855 66563 40116 15721 70548 22644 72568 11333 86322 83113 17432 45053 67294
5724 17
83428 63547 24578 72830 21401 8025 43701 3319 16663 13122 53478 4331 91251 9003 93722 19536 64761
7120 13
92811 52987 81466 78578 55580 49243 86758 84236 98211 19466 32987 58277 46518
2595 19
68600 24051 74434 65394 6211 14294 53077 47277 7402 43589 20237 37988 99774 85163 21527 32210 58789 56102 4574
349 18
83215 64201 92378 45706 49971 10212 55168 56492 71808 87536 18167 97265 93253 39545 59352 73350 99807 34171
9294 20
42080 72711 16973 96726 23597 68640 97076 42870 89243 7009 57516 37909 747 37479 48181 54341 59429 87581 33522 57295
9985 19
5474 86708 18118 352 81477 35989 4521 95315 81469 46976 43277 39791 57997 13262 94829 27065 44342 31641 71651
1137 15
94733 49198 52467 23843 73122 32799 15617 53183 49964 181 41013 38498 89486 75813 86110
9733 16
39173 58005 38374 90923 48043 55543 58337 16989 55530 14939 77857 25678 52738 73503 46377 4715
3726 14
25619 60925 84645 55052 4363 64035 32226 36631 28561 19778 28990 85115 64529 98339
1557 17
3194 79620 23157 2858 11168 5566 64895 5543 85028 49134 8127 13668 60485 657 24504 69284 23294
694 12
58055 95671 57748 50489 56320 42094 55401 49859 62376 44731 76704 2487
8659 12
36054 50421 50837 71598 79943 57540 74354 16263 46930 33893 28136 70857
1864 14
30623 34568 78112 35086 80808 46864 18625 94551 54703 96511 52248 22717 43957 33943
7302 13
69412 98405 76795 91896 53737 74549 37237 18178 15124 95949 24210 90996 4551
1432 16
44014 43667 71266 696 74840 39239 92158 63003 84417 35888 4996 39998 26297 87873 67751 1554
9017 13
91709 14022 5712 19329 91892 26768 60619 43329 91072 80430 42812 65630 95557
5555 15
43114 26780 15588 5128 48511 40617 72557 77368 44824 52666 43089 53231 21604 3773 88406
4059 10
95569 62569 88056 12229 19054 3166 23918 50230 86716 36425
122 10
89613 22078 37843 98090 47800 78834 12344 70053 13385 55902
8738 17
34438 20614 68221 1081 46844 42857 89237 2052 92795 33701 88550 485 69069 47390 10840 36519 41936
6960 15
6247 71899 54459 19748 38352 10844 72698 99689 50433 14405 67911 82588 69862 36781 61486
7491 18
32661 60681 24104 14389 29611 21049 39743 67568 89044 70505 75423 25513 39338 6316 43424 48935 8221 69142
6916 12
11809 72127 99970 50484 73880 52775 69602 41285 30454 70456 28824 1234
6340 13
8151 60207 13455 46063 60749 94994 83042 4957 53228 9906 35977 60536 56010
2161 13
85231 60933 8541 77726 35535 42313 79403 33316 54735 11177 27813 90603 29731
9934 14
62769 40644 26078 85896 76048 33290 31611 48939 61475 13865 42785 12599 50954 74498
751 18
51453 15151 91075 275 29854 5449 33695 18471 15535 59538 92605 74094 70627 59492 94239 41058 65399 15713
7010 13
3374 50049 76342 73618 32844 36326 84419 76992 6527 88013 33506 7866 9494
9538 10
5986 87417 72941 46560 38607 63939 59350 35462 95449 5671
498 15
75135 77897 72849 38688 11241 90223 85390 4651 55274 80075 74383 14276 84687 95302 64733
8093 17
89863 53286 34533 70998 84931 1934 3141 17236 5675 11320 97945 22993 46747 93112 39976 35669 18541
6185 17
43886 10957 64503 26521 88182 94908 13777 85140 80553 39140 75533 1550 81670 53631 4259 92901 49168
4343 10
98181 6854 2801 51840 27144 14267 30423 98499 63682 7638
2346 11
90784 3616 22001 38852 62638 23022 5214 75265 33916 90132 2355
2331 12
99421 67429 47495 77431 7728 99841 78051 95845 35191 82730 79548 86018
7442 13
43972 88066 83475 51910 88608 2411 75666 7033 95694 18588 31144 60742 84007
8181 19
82963 39996 15098 76450 45999 80560 83126 49564 56979 34337 7259 52171 23141 74272 59532 29408 37489 56597 40430
8982 16
59681 66278 22153 5325 61247 20310 47826 76643 64244 86490 87726 39197 79323 80064 89082 60915
3342 11
72979 65979 39507 52081 84123 4931 49654 44990 9122 9498 96178
7259 16
28997 72463 70983 5724 14752 76191 32807 65832 25195 44513 28395 76989 40686 14943 40291 28376
8839 19
73517 13780 93992 11548 81713 62467 17418 61444 25692 80409 4964 15830 66404 30601 79479 48420 24954 25978 76776
29 18
93750 80532 77682 66311 68449 12708 33042 69361 80009 55674 33336 68691 77350 99675 97733 50056 23600 69534
6899 13
95073 51050 94621 10095 83721 85338 7382 66671 56318 85529 14246 36977 66595
7308 15
10896 21713 75913 48460 67249 11678 78871 24598 24479 38808 97823 29482 31752 54440 40867
2470 11
41551 1465 55965 63724 17111 84926 1537 76510 90674 41697 39710
4058 13
46516 84900 55020 29557 53443 46267 56871 62267 7826 17426 7336 50042 27207
706 17
20841 2800 13147 33992 15331 28375 2442 10091 9322 90300 1804 68665 20981 10130 96598 21956 27067
6715 18
35878 70288 49510 96008 9544 69349 94724 95314 3598 68116 34769 21077 98111 26822 67956 75926 92033 1147
969 15
11375 16352 3560 94144 29407 6800 51351 77890 36205 64681 38137 24281 90538 7644 4938
8618 12
15525 26628 17819 92996 13828 98333 59270 55352 21205 80547 84943 43686
9724 10
72055 9593 52416 18668 24199 52985 90703 50861 89926 43882
2402 11
2946 92810 22988 35838 47570 12370 27663 26911 56326 17679 32211
8279 11
63029 73237 11213 96414 98543 32039 43322 79437 63624 82502 24737
2664 19
52093 54995 84514 69525 70202 65434 57718 47150 73448 47589 80596 57976 96111 31295 73485 91693 60287 30059 39531
8591 18
31632 10379 50910 84079 55863 31112 79328 4367 30074 78446 94483 64419 92938 60267 60237 2595 49613 58214
4705 17
37941 9691 19051 51664 92431 71928 26982 33664 24661 95102 66365 29112 15961 28939 58350 46654 27498
4277 17
1840 87780 43436 34590 5683 50526 21120 59812 76239 41002 93834 43504 46843 76576 99806 88908 15890
8384 19
29310 76168 27699 71023 79781 84313 24067 67329 15212 84933 67804 45614 54344 4986 37923 69826 34713 81966 89482
2890 11
60955 55383 53382 58072 64427 8520 58129 58257 87869 4120 59460
4592 15
22756 11984 50130 2737 67041 94241 56565 66520 32609 62166 73461 71248 22769 99838 128
5654 18
58774 55252 49319 47669 3479 26060 89846 13720 26456 83268 59164 42559 80070 87670 3565 10907 8560 94010
416 17
27052 96196 71411 80870 58698 61397 57140 78548 10280 82929 19674 84065 97542 348 1508 34561 85782
7984 19
44930 27980 57104 6981 7690 38861 57279 91557 40900 55615 78896 88120 97991 96995 83098 98660 59248 60574 56008
2830 20
73779 43765 27169 2816 85802 50999 24754 93477 11521 52506 81508 66058 69904 17347 2023 22923 62515 74125 3571 65030
6213 19
63457 77424 10865 13393 29136 94635 72552 46054 82724 63817 51875 9811 64840 29045 32725 95472 58212 40932 82901
7838 16
41456 59223 32256 4101 76370 11511 81182 23853 67961 44332 34832 10875 44970 34154 3645 23441
5426 16
72585 5925 19950 48107 28081 75702 80817 89167 72459 51907 8856 68419 55517 80783 45328 94840
6793 16
5382 74394 79152 6450 33019 42097 67385 11329 35889 19311 77295 93306 57183 28348 17817 31062
8792 11
20600 70303 38764 70023 54232 54239 6357 22102 89532 19539 64469
165 19
70232 77458 56855 28355 37089 6338 82111 76135 81958 78600 57068 71402 78531 77356 91426 51720 33518 88798 29967
1133 20
89093 48670 67618 35861 41188 21741 20708 87020 41625 20269 4635 80544 50898 23940 6023 84375 23045 24559 22869 28103
5888 12
99563 94808 98551 60794 79815 82769 37781 79012 86405 363 70538 9853
4072 14
49199 82737 24964 82192 45975 79313 66899 20136 40813 72640 79547 20232 68899 27998
5263 16
73291 34601 15260 64389 38744 35600 83457 36344 21385 805 41725 37405 63602 78398 27573 90365
5184 9
52462 81290 84137 86390 20590 64904 16570 50275 49202
7104 18
6640 86511 88759 92978 52594 14464 11303 87687 54403 2984 50761 80549 31313 13281 61556 72320 71194 26014
7096 13
14081 74848 51471 3912 7263 56709 98137 59961 70558 21657 37822 74167 11788
293 16
89089 32085 1378 30919 15322 88008 35161 19233 74344 52805 98159 66807 21757 87656 46410 23028
9676 14
93929 92518 68280 43234 70745 14601 24519 24654 14940 52718 16635 94138 96170 89472
2651 16
87520 7277 69343 6709 84919 33345 15485 51735 90615 34930 303 66504 87639 35995 98402 89695
1420 19
76512 27803 26410 18028 72371 28783 88102 74425 89894 20791 11526 24206 24401 46426 80524 39276 82035 1597 84686
2457 10
73007 58821 8334 74588 24780 77001 23508 55480 91283 36987
3454 19
61351 98346 52330 32422 4898 19304 7321 79703 31384 65309 65984 65362 84783 19732 34871 9148 65778 55062 68136
5730 14
17026 97370 15805 99539 7350 37474 63395 21283 34036 97162 5509 67271 69449 51948
8124 19
24203 92010 91445 60124 17381 43674 16017 73964 63901 96909 47515 64953 77569 20796 74777 9262 42355 69653 93906
4871 20
920 12492 79041 29616 52743 42134 10014 2030 11543 55914 58146 68337 17652 50357 83073 98377 18945 17164 66996 72701
6538 10
63790 78623 14933 46525 80291 14029 11118 8287 70242 44112
8818 14
62386 42040 94583 98773 70211 39943 2506 95488 294 27965 86782 18827 36626 40659
6871 20
40071 599 47629 87851 67662 31515 12282 59306 42836 75548 36149 80127 74615 74736 16615 59246 66013 21581 39044 13601
2824 13
55254 97295 55607 72587 97960 52131 7772 46614 14508 10632 59793 87607 91273
7078 18
6535 33797 18627 83541 64421 29359 2187 26141 51012 73397 74044 43578 94088 37913 13571 61642 64525 65959
1139 12
20382 63126 46215 51672 1884 41635 13159 33173 24234 59678 80578 19263
2497 15
65230 17597 10644 80191 81091 90565 30941 41298 89009 2357 95546 66535 33888 86828 11387
5857 16
6504 40680 22716 72811 85184 94779 99699 7444 67607 86694 44471 65193 25390 58643 76320 32808
2366 15
77114 65455 49331 1973 51078 60684 39807 1659 49368 15075 93864 78503 31925 6938 90125
1086 11
45867 60512 16383 76487 47250 92886 67639 42472 33845 5810 35102
7177 12
92866 37924 5660 3402 79707 28825 2230 7818 98723 41812 41307 91994
9203 12
24592 81842 27088 71731 83264 8470 38458 6905 8113 67814 91060 87616
4364 15
21995 61301 70129 34699 24242 83347 15208 94136 36672 34216 95358 7404 30905 33386 48440
9560 11
46631 41944 67873 52476 24124 81457 8613 82282 17699 384 33354
8917 14
32911 3456 38007 42526 18745 65614 10177 14901 40941 61097 22365 60134 39083 6604
9316 15
5807 70147 99852 47309 82906 37623 47249 75727 83085 33100 78016 42636 19434 85069 23358
1348 17
19371 53262 13098 39422 90465 58518 6111 27379 41574 65834 10838 56091 90943 73329 9142 55706 81953
7601 14
70028 60839 77438 51149 9712 30420 46716 48744 44649 16892 31394 4908 83421 89117
7833 20
48921 80729 81100 15040 75439 28263 13413 27970 6455 13335 25955 76171 17284 55296 951 65603 77924 82706 28929 96292
1427 11
16915 98986 40047 8827 56741 82504 7576 36020 86916 75006 87619
5765 12
68457 4691 88576 21176 65957 54227 37791 66855 89199 15756 6430 86956
9671 11
32937 76265 18246 12328 55891 78821 68750 77785 92380 27758 90304
1181 11
5320 29214 27377 28042 4193 28899 83554 92124 12567 78261 74718
4951 18
60464 83976 54317 96872 60946 17168 17051 47056 80866 4648 94786 99435 84586 9077 81802 97325 58531 79988
8366 16
92987 85671 28568 42380 10967 83581 90808 83744 42059 48329 6347 69000 38146 65423 87384 57116
1331 16
69820 69818 38127 59676 25333 72124 53581 3541 86946 72349 81015 31281 36055 41770 59974 82656
399 11
5704 36203 59660 55849 58319 86560 72616 44405 92949 16700 83483
8749 14
2101 96812 48870 7714 10037 17543 24714 53059 301 61553 65518 13284 62911 12262
2058 13
32764 85397 9370 20315 58545 36073 80998 19708 37058 96608 89966 65925 51763
177 17
56212 95196 74013 79625 32108 58466 68856 24856 38787 859 58838 63728 41033 86060 56541 45612 722
3938 11
83826 75092 43547 68684 92820 70893 38662 16110 59885 37595 12180
1899 16
23284 60303 1716 62989 58204 38591 27669 57857 18414 54589 9339 3380 32672 93748 42150 25893
3352 12
70537 51576 88278 6699 94067 61459 94089 8964 16546 86334 86456 60306
1029 10
2582 19794 64097 79024 7468 15258 90196 25966 52505 55391
8887 18
19827 12560 89506 96383 42539 41297 74971 45450 67211 80223 73556 63045 69321 26988 19482 50060 87881 6956
6338 18
99700 12190 60792 87196 95615 14542 90076 24605 84191 50679 68607 73241 28228 45550 97460 85867 3993 87956
417 19
1989 6910 94957 53611 54617 35858 15324 96586 66048 10368 24763 99685 93582 60189 47041 23860 42052 67351 95889
9543 9
16300 44427 33083 79223 82555 61793 16737 2995 66348
2567 15
36475 71812 96810 20741 47761 8448 15997 18612 17752 63381 48742 72348 30691 72801 96368
6783 12
79679 38845 95095 33737 2324 57165 44717 67583 48392 51427 16770 82698
5340 12
32801 32426 13309 24410 11811 79681 77868 44919 36370 39074 20765 82085
1464 11
10968 70201 32197 31005 90673 6964 33607 61212 23162 32384 40376
2900 12
63775 64218 51805 28661 71673 15207 47321 5624 8159 314 21725 42158
1970 11
30317 80411 49785 13325 60718 92429 35806 71777 60864 22341 17137
1966 16
96754 69105 79121 89946 22877 83505 51362 78308 57809 14222 83275 18759 44201 8523 42289 60672
1356 19
83283 52190 15920 73445 49706 77787 89796 40507 61543 74453 1718 98328 70779 66975 63860 57786 7850 74656 13975
8981 10
73258 36381 15079 52999 53912 87611 11981 89217 68881 92873
54 15
67037 84312 25896 13920 66803 72890 42403 52778 1443 50638 97254 81349 16396 49211 24468
7804 13
10549 40986 42228 71461 30002 72232 90637 51995 50894 79845 30785 3827 55552
2394 19
47576 34607 94214 40639 96142 36757 83514 1998 63799 25967 43263 95029 73569 6758 20575 12871 36193 9796 29201
9918 9
71772 47523 14457 27484 83949 61821 79933 49584 31825
5853 17
45690 74745 69503 15189 86337 95766 35992 74376 46472 40237 98161 7334 52055 26098 78738 71022 51319
6588 19
60125 88210 19537 75995 48982 50826 49067 50809 7618 42352 66794 98341 1988 82960 38766 2159 47631 37636 36766
1679 14
51344 28976 19995 68538 25432 90049 91367 6282 57066 96725 77193 89694 72933 20174
5167 13
46379 34460 91696 36994 72007 38237 93921 73438 62964 19003 81952 93693 53574
9243 12
3924 76302 8337 18699 21694 83456 83845 58247 49558 37978 52460 27334
1584 16
80641 55911 51502 39082 13976 20516 67789 21771 11055 35610 87744 92745 95584 91937 41634 30631
2995 16
21413 74081 1247 34544 52146 9318 19261 57138 63121 30202 52134 19577 30414 5441 84242 5274
3837 17
77213 22974 98230 52789 9470 81538 27601 62685 1730 64520 91342 77605 89564 48163 64117 76390 25504
6313 12
93797 31659 43265 78987 82829 28797 67578 11942 40845 71033 55835 87162
9423 13
36085 22882 45286 49658 90895 87100 54992 5340 29518 73513 36838 23440 12736
2276 15
16594 88880 49600 40974 53887 39529 60061 28198 83080 75298 80809 50057 59168 43859 22235
3737 15
43158 47737 85327 59688 21489 88312 12565 21407 70424 43515 34756 68991 84845 12217 59149
3868 16
88866 35657 15235 78867 15483 8246 20585 93556 71860 77797 48204 36551 14853 79373 45565 38492
3722 14
74617 77650 17420 39803 30831 92803 67561 22645 68679 8250 38383 86539 99809 81754
5175 12
34740 886 70139 29872 12890 62499 81030 74994 51604 31419 57263 6659
4535 18
77091 28322 69520 66425 25667 36600 7516 58582 4879 96236 81877 60973 23752 57008 17603 59703 30949 28816
6897 19
56907 95402 83304 28038 71074 14860 10856 3932 87937 54263 6564 43423 14925 48793 75602 16476 73295 54084 37550
2138 12
20154 37049 4045 49068 59919 70282 59528 76670 1663 43595 15015 25805
2819 15
53398 37738 73219 94870 3543 84131 84230 70051 75810 11173 30728 37410 66875 43177 43189
4319 11
92950 88250 64662 24612 83203 61789 67521 5288 28815 31577 7365
7841 19
53855 51679 13603 47100 18316 24318 59880 91832 29602 29245 38953 73346 48987 34294 17413 32406 72893 40280 92195
8530 20
11503 81373 87719 5892 26138 53582 59089 88957 32631 2304 20859 16064 42760 19448 98024 99723 22968 96213 27044 82458
5403 13
6510 7098 35235 27414 91840 15504 5304 96194 57799 51696 42005 21780 15278
8098 12
20487 52912 86941 35499 83543 6241 32178 78523 48510 45918 7982 98316
5219 16
22188 22397 30980 48243 90846 11650 65749 94762 15058 27426 2318 89641 4727 50308 86054 68110
3428 19
612 47401 28439 69864 36727 51354 44929 88298 49856 49358 71379 56796 53296 25787 94797 87468 63123 39161 61709
8828 11
20517 8643 98048 60793 60340 54634 54746 73633 2725 32078 3074
7075 18
26973 99835 92121 86304 80133 37195 2387 66289 27107 91201 71055 29624 88983 17920 52111 92755 69741 753
2044 19
29958 39554 69029 71861 27066 89068 25945 63471 64546 92294 79761 7230 69976 90947 34336 2766 73699 63723 84863
2046 11
96894 2182 12494 66633 42330 61705 70810 14743 55057 54706 61720
2783 18
38236 52842 14714 42792 23568 63986 86454 85089 50528 71281 93047 56288 95945 59093 441 76368 17055 7560
5532 16
77124 9624 58431 75618 36759 45150 76154 64219 20449 84803 81458 4594 70554 56444 8841 99553
6134 18
88845 8314 20223 28511 59575 15130 15983 16441 46847 72197 54442 58272 21341 84770 53746 3 93362 17304
2359 14
9508 55889 14067 60259 78319 30503 98686 63497 83803 19053 28632 12451 52615 85810
7175 12
66907 75263 28784 39305 23413 28230 17709 96386 68888 4082 14897 55577
7755 10
54764 8084 41405 33371 19806 60014 64581 8982 36466 10059
577 12
70531 87248 76519 15164 48924 78649 2151 33333 45770 40761 71558 598
9847 20
40102 53569 49572 25360 83320 76930 96190 11764 81346 98774 83562 67470 90236 51583 34886 42249 31148 86436 37905 85170
1923 12
26537 71859 23612 98448 58861 85162 9757 51298 40123 778 33125 99277
9353 10
37027 31682 70253 81804 42507 20075 93341 78811 53825 4698
1349 17
28366 22375 94002 45850 19353 74174 82237 75381 17539 42110 32056 50069 8164 86640 63894 44508 75694
3340 18
89643 82696 96673 54815 23964 77225 8177 76201 37866 7453 31484 66710 34884 64382 45755 46621 33191 1489
7822 13
68283 74828 20701 66124 77976 550 51399 48849 70296 15773 45966 75535 86967
5471 16
65498 60059 92558 62953 69600 90653 31354 54303 85226 33430 64136 70949 24670 67905 14515 44193
829 10
55346 64598 2020 87347 79013 57872 84083 71741 11202 26965
2446 13
7088 9049 9331 16604 665 57737 30018 16820 72180 56570 31139 91203 50706
6285 14
10892 26159 96251 10521 41241 94245 93151 14578 86520 62169 24073 32485 86974 83809
657 10
39742 7188 35060 62073 18766 28948 27863 42847 83887 56560
9772 16
45682 10161 77264 41179 10639 18994 71956 39849 1331 12919 34725 70656 95372 90925 20394 63725
2250 15
38008 10297 87671 68845 14779 46943 19243 87037 52198 54812 3417 3737 95542 84817 70257
1448 14
89811 53233 91418 45379 95566 14370 97191 46160 88725 92889 88507 45990 61385 52876
4758 18
41803 61417 26076 4552 94218 71749 2686 74497 91216 47525 54287 2051 92408 33654 24709 23928 99010 84347
5187 11
58399 11230 27444 19920 97698 59038 47628 70961 72432 37357 80334
5968 11
34276 45326 15547 53808 17157 25980 92878 19106 52656 72515 24225
1458 11
20711 69893 25034 82004 9039 26866 84185 35673 82976 57706 18413
7296 14
49203 79028 9476 11285 77828 51538 41134 33372 23355 32866 2547 36981 54115 12073
9548 12
5328 33079 12593 79741 42365 49282 76966 2920 87321 90100 50610 65341
3080 15
81404 69934 20809 17256 74341 87054 3671 31796 64673 78611 40481 6733 31977 54164 1883
6396 11
71240 14995 28919 80236 68119 14039 49992 16288 67310 53076 72098
4717 17
56201 65413 2654 29078 36568 51880 86264 67252 43891 61195 61563 81351 28190 26828 49956 12998 79767
3792 13
75482 9826 52065 47166 8578 32753 82939 92435 66718 98249 1767 52854 1063
2610 19
1382 65479 61304 49113 77032 39325 89240 66708 4174 7820 74761 25060 53356 30494 52297 11071 10458 48745 71113
5569 12
64850 34230 84254 59384 3796 62797 42224 9565 17805 83966 1429 49204
9810 10
53684 72649 95564 4726 1912 53669 7955 33464 8905 93754
9028 15
33839 1506 85016 37017 90292 70946 18377 69008 75877 27682 83450 51723 71195 9170 151
579 8
66917 75165 45252 42065 62224 40520 12219 67171
9610 14
26024 15889 72458 73708 51124 99410 59639 7226 82028 46899 81281 94445 8256 61799
5202 18
18250 60356 31782 86155 19273 21096 65496 84690 58369 62898 97824 34541 24818 87187 84619 58381 70761 15311
6441 15
69323 30909 78139 89384 2647 32392 48752 68267 9868 88836 85948 74361 34475 25434 72742
1601 15
99629 1408 8350 24960 48156 44328 7951 80302 86336 97871 77556 40625 21338 39225 98568
9667 15
13401 59887 70655 54762 90180 36504 43833 16180 40011 66302 56222 94791 20501 66630 50609
8958 15
35279 63505 37144 60861 406 59386 19992 60567 55120 12006 9150 56082 37090 68824 55618
6772 12
19919 86445 24112 75938 62509 23500 45113 88834 90050 95512 46842 68161
5948 13
80915 42117 4378 62993 57115 37934 28857 21026 33742 84791 50950 94212 73319
1878 12
28574 48646 44655 84076 11468 55740 18070 98695 95668 54475 39007 33312
5252 12
22191 69887 57648 93958 43213 13382 58442 61595 39537 18168 83512 72222
451 8
55199 66191 78636 94095 46950 87307 62222 55813
8616 10
70430 97818 38923 82814 71062 75987 78358 68422 65752 38917
1737 16
11483 75184 75599 7055 24216 41108 35667 75169 18610 63090 10209 39513 96574 74518 28258 7610
9095 12
75822 3621 72812 18313 86290 12473 93109 49484 17192 86613 92928 20395
92 10
73669 87154 33545 20672 9131 37274 57354 42710 23932 76538
1561 17
30326 71237 38789 92091 18027 58267 92126 9880 16710 37006 87458 53032 16984 90433 5669 37612 27889
3470 15
20558 98740 83206 73037 46955 33836 78132 77800 56067 88324 41087 72116 20222 44068 23632
3245 12
16918 34803 16529 13640 17762 25424 44312 92454 53768 23154 38197 12848
7201 18
75421 1870 46664 97303 98275 95419 7886 71207 2668 71365 81726 17893 5891 54759 23777 22662 76802 38846
2837 12
35309 91512 94003 93926 70238 60348 50938 43769 50798 57761 99704 42141
6992 12
36392 11808 41507 76198 78207 57291 19916 93173 65452 19422 22059 38949
336 13
33376 95097 68306 69547 14879 35413 708 45101 4456 4018 20031 78480 72530
1342 11
57895 74766 19315 46270 86196 6330 14075 88043 56297 34616 63941
8008 14
71377 50829 61943 33914 35381 3839 38386 93520 86370 765 69382 47538 78634 69813
3883 15
81808 44369 73083 97903 33589 48709 52270 51928 42944 24416 73176 45299 99574 60726 22713
9761 11
91084 54689 97918 87866 97684 74259 28058 91986 61586 3750 55044
4660 15
39466 49130 50666 72867 62952 34629 82664 6364 10404 18015 49197 68486 26081 53046 8268
5687 15
80350 56915 24711 77519 93903 11163 16767 99532 26971 1309 71188 20019 40386 82885 64527
8186 9
4106 66406 20166 54686 80745 38853 78862 75246 45298
9060 17
17460 91847 85768 78524 58438 32288 49125 82115 73534 30539 2832 39421 51498 28418 47744 3631 21954
7881 12
30489 8436 94115 69356 47235 30549 40758 27882 50018 12040 95013 29647
5286 11
53652 84511 47790 22812 74002 33603 27086 4117 94415 60639 83647
5971 18
29132 22135 38344 22971 30555 74513 83747 37400 48281 66882 70249 29902 46878 26586 59170 89985 17058 33269
7368 10
56298 83691 14375 91433 40763 15296 10925 11093 18208 67270
7045 13
67035 70445 17983 79991 43027 15855 53886 46945 40769 30104 48410 20267 64734
6416 19
92349 45119 10158 52550 57172 15413 5425 10699 20964 99308 16620 31915 66830 95684 56390 81253 47968 90005 74318
8536 11
46383 24795 76757 48124 69885 37942 22722 72420 29653 47251 96280
2943 19
89074 42824 10040 34734 14627 36728 35038 19155 56395 38998 11954 4916 61497 68429 56722 68857 48077 8051 90985
667 11
49708 28636 65505 84084 1529 37390 92353 76211 6328 4430 85898
2541 17
23352 96147 57554 79040 25662 73929 12444 32094 41831 12038 98796 43459 29965 19302 59039 14967 5197
8285 13
57228 15191 77979 45320 34260 72167 80043 3807 13554 21592 93030 96181 51240
6885 14
17732 85859 63259 5015 92336 6488 51407 82690 55405 57256 37539 6480 66579 69466
5771 17
86501 33122 1209 99914 72219 64988 59863 66534 3612 93974 75809 79899 54432 93188 49265 33987 61655
9948 12
24599 90758 23869 74943 15301 10231 7578 78907 83858 60007 44866 55894
7197 18
33752 79354 40527 45087 9789 60373 57881 37221 35493 57825 50884 22905 29183 47711 32052 85002 23852 17486
6468 19
33024 45359 52653 12308 38772 39842 6743 5418 29476 93445 60710 84678 2730 85490 43956 3664 15038 81275 68680
7995 15
76518 7514 78404 25285 77993 19974 95027 30852 72285 47295 5768 64041 55364 74621 96627
9596 16
28257 92897 46877 36022 70628 62020 82845 350 83745 36722 52255 74803 24317 6407 58817 83441
273 9
54141 20523 43542 5886 26350 81132 89638 53297 88489
6355 15
97645 41965 33872 70258 20133 65387 94618 50907 17030 62766 56480 31177 44783 10185 91485
4626 16
40041 93171 5871 59185 72668 43299 47208 61425 5799 55430 41373 31619 76669 47575 12639 27547
5107 10
26124 16207 99782 91670 89436 71935 42282 90546 25261 74495
9255 14
80757 17705 54473 12490 14871 40739 1875 29485 19731 33025 69499 87929 10121 82545
7731 18
74564 70586 71930 54980 31608 22107 6507 32855 36559 30295 4279 72130 52336 19993 53230 3217 89097 63158
7363 9
40816 91931 47600 15437 30267 41293 16559 2912 80638
8628 13
10086 58598 90841 31738 19720 47784 78777 44180 70325 25297 63623 15373 34688
7785 9
4026 41614 48557 77242 35794 72110 59837 22157 46623
9200 18
95783 40998 49335 23736 5786 75076 72874 94798 26733 90870 81025 86219 59635 15517 8628 13319 23611 21877
1401 18
21662 36831 18325 32087 99567 40839 88283 25313 59882 89744 35776 650 63603 33765 85309 63672 77727 41249
4265 8
88057 54609 61731 19267 38289 86119 43685 71532
6215 18
17113 4949 29973 23386 11421 16553 94148 52762 4744 24129 2140 14576 56408 67089 94517 45216 49415 96662
9053 16
40703 71014 1638 87880 16455 62941 99762 85879 60614 5280 47051 76721 89802 21702 55265 22199
3854 18
2245 69562 55034 6534 36681 23466 80787 84046 23882 76913 94929 20817 92790 32246 28893 28622 27739 34562
2590 20
59603 58315 54953 97615 34053 43951 70859 83513 78111 45635 29997 37688 5742 48875 24522 45069 66541 90452 42927 81087
7914 12
57089 74671 81934 97637 1456 96940 44292 49133 46977 16138 59744 21151
3415 11
55114 76940 10811 51104 11174 61919 5836 68213 68404 57367 56476
6025 17
15234 6027 69963 10318 83520 30227 22909 95640 59016 55115 73040 7756 60996 79770 57798 32999 22120
6594 14
50315 54261 23659 31640 23273 87680 56405 86297 84968 83086 28837 78452 62447 67175
6552 11
98327 24213 48108 29763 36610 19712 28312 77714 85318 5278 15049
8791 18
77912 7524 86695 91907 68515 10195 70762 32205 58323 55805 40812 99958 73654 5851 95022 67079 27407 89708
2235 19
18597 56327 81026 65586 75038 95174 47269 39343 91372 60651 71171 90978 91502 94805 19971 4980 34107 31664 24426
3546 9
83879 46983 76616 55898 55536 84271 46114 29226 46370
3998 13
30958 50288 19932 94628 4051 57688 71934 88054 97779 64979 89508 91337 53876
8518 12
85977 38231 56852 92374 97852 41806 36836 11461 22438 97315 1534 48724
9392 15
41583 92031 60152 14097 93839 50804 17618 15826 4218 94867 61886 35946 95834 38506 12125
4434 11
52445 76501 95613 26596 90926 22448 54041 14462 50089 90285 61601
8583 12
83367 22901 21766 97288 30257 54188 28357 94958 7195 38871 49025 32317
1634 14
75776 5282 2981 36241 90605 69902 34392 18305 15323 87092 48779 774 57740 42058
4038 12
81515 75852 55901 46822 42184 52765 49080 8676 28298 46611 53368 95365
3548 11
40089 7620 43615 85798 98495 18494 15037 49240 69461 72581 62046
3684 13
36274 81144 73767 64184 52341 13979 3879 50494 66179 38487 15994 75138 65974
2631 19
28844 95646 53154 27196 48846 91910 65968 46628 98470 51443 72913 92325 86463 39248 49839 63405 11334 72613 30747
8056 12
31110 63827 35890 3561 75487 24457 19817 87430 34361 17128 96476 28167
7989 13
22925 31099 46874 12877 34694 46347 25304 39418 86559 92114 95793 33147 4181
317 9
87192 14071 82751 5507 50601 91989 35908 47106 62775
1721 17
96680 1328 66601 97360 92021 12706 26762 75648 9681 13436 1271 45900 29998 6368 979 46182 49144
3094 11
62188 10417 96483 41836 91141 19811 94442 70804 72753 26457 4876
917 10
97211 85545 29121 38274 99771 3449 59516 44084 33126 60729
1960 9
15752 64186 67313 63258 35270 71320 30379 90691 13869
7954 11
19268 66778 44258 38185 88317 154 1340 82077 10657 96374 91676
4011 13
56544 17556 93247 91863 62780 27333 45199 64750 19886 71497 25444 84344 37512
2147 15
14417 21848 23635 69647 58874 70931 87523 88703 69524 79979 39926 94883 66472 46721 70177
3764 18
51167 85103 69583 56429 71135 95518 6181 86064 75741 60695 26712 89748 84960 69806 33508 6290 76664 4642
3156 17
60921 70022 41816 44433 17659 48445 93278 41314 20300 18056 82727 50115 5883 69169 68184 43827 94725
5291 15
84149 34906 61936 57167 59522 84620 70384 38170 80916 28149 56315 90668 14817 86902 65915
7506 13
50423 57125 75419 8129 59395 53271 86524 64897 16417 97004 70054 13059 63738
9775 18
77110 63160 77427 96993 79094 63112 74620 61448 40064 94834 91818 58834 4152 7553 65172 75873 51106 10071
8683 15
94313 22774 76224 70123 94739 58644 87996 54414 15613 5972 16759 17992 44385 60422 25176
5451 10
24619 97843 43091 96027 11394 84604 84441 98744 66624 79931
7038 15
61179 99644 64379 87874 80352 22970 34793 74706 3068 11272 45102 70019 43484 16268 19777
2380 12
11146 42369 37395 29106 12664 65802 90457 11550 83028 6118 96137 75099
7839 18
80364 56161 24635 33866 99122 60653 74508 26812 94038 16484 25222 33645 66130 4628 13704 25682 99997 67734
6976 20
81336 89056 92586 97336 11231 2163 56081 92699 97119 69510 89120 74902 32712 66507 34239 26150 60936 80822 64849 33516
7281 18
4425 53518 35664 83800 8971 33026 20628 12771 39968 64213 88047 87511 27077 15340 74003 3009 92440 26693
1778 13
8363 18335 44766 98875 51003 37771 18685 68698 57572 7926 71627 14180 97633
3289 12
52384 59597 93301 46612 37342 72724 49749 93236 26706 50625 88478 36689
4275 19
60857 63686 80892 86342 47970 99148 21220 70417 71821 2809 4338 32042 39744 95189 86091 80800 93416 98905 92110
5458 8
21729 22777 75330 29942 80526 54394 76266 98801
8261 12
69785 52714 4281 1120 14258 4423 91973 78430 93877 36050 13211 52458
3679 16
43919 30290 53944 77953 73279 32628 49586 15648 91484 54193 20209 39446 8895 23169 73820 64846
9092 12
70866 56179 39395 52279 14736 59636 33002 43902 83350 61446 50047 14305
5635 19
71504 43377 86870 58156 54205 94606 61221 25642 60210 72732 32143 57236 21248 13394 85062 37473 76916 50090 23086
9315 10
13578 57019 96890 45363 66798 2485 915 6 85557 32713
1538 11
89539 52573 41813 68919 18017 28339 47429 42143 58325 26690 65580
6218 16
28704 99660 71790 9772 18018 21458 11167 26004 97296 70536 66609 93996 36207 78879 52549 90010
9227 13
75128 42200 67461 30542 63726 66562 43939 98859 18981 38461 17766 14391 27902
806 13
68168 71891 61355 43442 81762 91541 93536 43249 77280 59283 25022 2074 82846
1924 12
96748 21520 84775 51494 43103 27490 83603 14053 97887 18224 25447 93873
1682 10
21978 71806 3620 15285 53116 78983 30759 64179 4814 67791
2006 13
94498 96323 16873 36998 3964 20664 88446 79411 27157 42790 96719 75657 42447
835 10
48122 91543 37860 17674 50444 52667 47344 80918 1114 41540
1045 19
17105 25087 20595 95978 77344 63622 90560 21886 41485 54028 20566 44114 43439 56316 91949 29992 39892 38313 49560
6966 13
5047 31074 7993 38473 39549 94353 15390 19073 60597 16670 60828 910 90600
3174 10
23790 40849 55243 19332 15100 76063 46174 51774 99106 72204
7801 13
92511 74929 34242 64579 53143 52343 42360 9805 66911 64401 67131 5417 46320
8617 13
27336 12078 70208 80572 65001 89450 27070 53656 58113 96366 24555 73616 62826
7218 18
75619 53763 17868 42873 41014 91340 46565 67526 32922 9385 10604 19101 45458 68180 21624 49821 58235 88476
1476 16
47921 36162 67602 57158 72019 80283 96318 81097 75901 67690 71712 97603 1961 97715 19419 62389
5117 17
81352 84432 8709 18535 3822 6466 4056 94198 57577 24745 99375 96074 47619 12315 23603 99343 46548
8965 10
91862 16050 99886 13636 20994 22790 81920 9911 7337 3308
9833 11
74638 74124 14706 60218 13060 63306 4580 29207 69354 33929 42595
4083 10
52309 1959 71983 16089 17715 23437 67135 43990 92141 3262
156 11
13469 15885 65197 1251 54977 73296 20438 46885 42859 47307 36043
7515 11
32060 77803 32430 61005 13034 63763 1370 35357 5656 85042 27885
1046 8
46590 90429 3777 79786 18801 24836 27894 82979
2798 17
62930 13972 5547 90997 55073 74714 24639 28463 39151 96876 7485 46101 79291 3363 51701 2298 36023
9168 12
78390 22703 34540 96405 28484 26275 5391 52598 5688 81278 643 18334
5889 14
52847 67023 24905 60145 46453 50516 41564 25503 53753 52052 196 92496 21957 56880
4919 12
6006 89104 98753 60469 76319 74860 92830 19554 30015 97559 24316 82160
3698 11
91786 32312 3504 64709 18098 68347 32386 8503 82055 29770 24081
2297 17
32352 98491 19238 67018 61759 74118 54343 20451 72402 48161 5511 6718 42504 70960 26037 34902 44219
7645 15
54916 5565 16202 10327 80297 74489 11713 51951 98631 91775 7549 33181 49720 38206 28757
2770 12
70380 82834 38940 90269 71010 59207 29312 26100 39826 65761 31747 79297
6979 19
89839 41474 32591 40294 57859 71799 71246 93347 41412 21211 30325 25493 15498 8991 43631 3425 18600 22906 76206
5668 11
51313 78751 96666 16157 50980 66577 60769 37264 64684 6203 41952
4160 11
82157 57938 55481 97538 45332 97979 49384 87595 2923 33134 52496
2119 16
95209 45675 12283 84550 27592 88212 23288 47154 40627 39745 4940 76818 93238 34485 10162 59456
7327 15
97546 91198 10089 2444 66385 50738 62968 5377 72011 85856 7209 89861 69788 23059 56397
6446 18
15900 66792 68545 68205 46530 53448 69144 69387 36923 35735 27618 83774 98393 35871 99013 78839 10142 58291
2047 19
31450 16869 65400 85450 16253 81296 28650 75276 7932 37522 5708 956 80520 75223 44463 19298 94556 29083 10296
9097 16
9902 68480 96626 79677 98423 66826 95707 3683 30544 69480 94747 3785 16676 70185 19818 85560
6957 14
72670 69907 32686 23121 89883 94880 8280 35443 29776 97950 4446 93239 16211 51669
2510 12
20151 88952 51299 410 90510 94567 68356 58544 39652 58393 19813 70989
438 17
35391 83889 99274 35054 32649 42082 15813 11330 66175 69232 60434 89610 38629 79345 26861 63712 27092
5950 16
25452 42850 30523 85222 91878 1357 79797 13810 2055 78148 64882 84196 3008 39675 14756 63389
7287 16
31985 75752 35972 9724 70999 91452 31373 51665 12943 47716 53773 67875 18785 73935 41289 84244
5138 15
60787 52796 57020 8507 8238 79360 56052 2221 10533 39655 91315 58099 50843 20745 48386
201 12
36432 22782 41939 45238 55418 16015 71506 97865 43702 59402 37292 10122
2159 14
95876 5075 42551 7283 11073 73915 5738 37790 3137 26220 99497 4601 47592 20067
8931 17
44975 46470 5681 56908 78860 19568 95780 85129 9389 68618 48430 99045 14270 73278 51296 64479 79669
6900 13
70957 61143 95188 26881 40778 31425 33507 30226 17678 49873 65779 56122 84837
1940 11
1935 18210 23551 17064 37971 60753 90017 71444 9662 8102 83694
2652 15
63502 9734 65446 65701 15734 46407 67212 89908 63606 81516 91425 44178 31093 76209 22805
5405 10
2510 30086 18415 52991 77257 29074 23004 59687 69271 58490
5006 18
54408 54828 50106 68314 21514 30427 91079 53649 6050 25614 12938 18289 57867 64415 76702 95257 35815 39830
5912 15
58401 15943 77245 7871 88435 99381 14229 56772 17694 36075 35156 13665 55233 96622 4145
6618 11
78488 45396 23316 96378 25153 5349 30485 54774 69228 43613 30986
8095 17
22232 90214 90909 59218 56953 66163 55875 17722 4572 28981 47435 93111 13218 16669 80424 92161 73611
7624 12
36908 74820 49741 45974 48802 40917 27731 67049 6321 90492 660 83452
8356 14
58054 91403 8343 53666 80143 24481 99206 61278 7053 85020 88018 25656 42471 22097
3313 19
15087 29810 39101 21240 78315 27001 16056 55400 69247 61534 27145 76838 97791 29372 86764 13500 54001 15393 12670
4241 18
65406 22983 57750 63342 28901 11817 80956 62174 87208 32512 39604 94093 69432 23074 72229 5812 16678 66206
8390 19
32568 42303 48266 60519 49743 87760 1030 90866 56049 52167 83316 17788 27709 65036 18962 9561 93150 90497 44742
242 17
20744 36153 189 19002 23468 395 70018 45438 43269 89742 48235 10942 17280 86949 78106 10820 98978
2722 14
22626 30535 63545 91360 58239 98911 75712 85352 91586 72772 2495 75932 68648 63596
521 16
57801 7326 82837 88648 85149 53166 61408 4233 76673 2254 80393 35549 98259 2059 84559 11261
7124 16
50099 54052 84187 80820 33815 95164 78852 15534 15911 72194 63152 43774 47497 66112 76659 11559
3277 16
23432 19826 67204 68496 60395 39314 30216 39191 18635 96648 94314 4816 13431 18984 15674 29145
2481 10
32350 50236 64259 92733 97443 91468 18774 59755 17475 91495
6023 11
92097 27053 7563 94561 82460 33275 99298 21768 60407 64872 90994
2928 16
97630 84448 67282 16309 16159 18109 12157 57257 31414 15036 82132 47749 63149 77931 83392 63521
5348 16
2519 30289 22038 37958 21795 16521 30371 60666 44592 63951 6144 42335 75228 92159 70428 9820
8902 17
33301 22675 45112 37332 22065 32830 18407 60157 38268 42818 24014 40132 39516 45574 96807 63862 31122
7739 15
69544 11215 42148 58625 67403 93056 43944 18705 19893 35185 34932 20740 17861 91052 14132
2926 14
54429 40328 65807 38518 73405 71063 64459 40243 766 1535 3508 43807 58374 28810
8893 10
1543 83218 53488 38000 90842 41848 49793 40824 94973 3751
1789 11
69302 77689 77289 20399 97752 84132 88868 30775 79708 20616 13792
570 12
46901 43624 48556 33072 41613 41333 95930 64999 43671 77538 19972 7533
918 12
26806 50606 76152 48558 86026 3345 26656 12247 92080 51025 50540 67123
6929 10
37857 1246 41736 74880 48522 51237 91054 27730 33361 59689
2954 14
70287 43645 99236 6962 54611 77838 40455 50849 8866 18793 16431 15405 91776 60427
381 16
83622 64923 41769 26995 75098 86835 13349 8747 17315 7 2754 40665 97925 23543 3837 78218
9836 18
78858 64956 86374 32683 72558 92220 84746 85288 54368 65991 46523 10156 37094 34747 49563 32046 63244 93608
2588 13
46129 60582 67425 10948 17087 50077 26096 38710 6983 74145 15486 31487 73187
8222 12
40631 56920 89187 98195 45179 96763 82830 80975 52797 63316 5394 32921
3593 14
47659 34994 54417 67321 86790 43069 4356 93767 97806 43298 25849 98014 63730 56321
4246 17
79660 9858 23821 21451 8708 4405 84822 32000 66005 44035 53527 42037 38259 59780 67222 81796 64689
5551 20
2017 82686 16393 42531 49872 40140 25876 2528 46752 53504 96884 2612 12935 42489 29773 99068 69726 35382 61909 30948
3331 11
69768 65361 96228 47058 33693 10894 37966 34050 13829 87848 54908
7445 10
54006 15917 34472 19351 80365 80625 85554 84320 15716 33977
5966 16
49097 54755 19845 83074 13419 31161 68638 84774 24337 44632 37855 87237 52220 27856 71086 32717
3552 16
43720 31819 89918 68779 4127 85967 42 12167 69434 15879 53591 77022 64890 46670 39157 58989
9169 12
11520 11370 56712 94001 84264 73787 57665 25298 20169 78627 26658 31518
3529 9
92291 71227 75927 1810 25057 36293 80431 31928 65857
2990 13
1694 86907 18740 19416 91454 21894 92293 59140 66032 96168 91357 55196 29099
237 13
48154 91842 88352 73477 67478 86725 31849 80910 82791 7343 12804 95786 62161
2737 18
1780 35484 13839 78710 64827 77444 43703 40330 3905 46156 80130 33748 31512 9560 3325 25708 87118 78758
8050 16
68239 93694 18693 37194 39647 50751 70363 63540 12728 813 24179 36105 88971 63265 3975 78373
9517 13
24720 97001 52964 64422 61144 58949 51558 91100 76115 25943 36928 41155 65632
4713 19
7840 20958 42024 16018 4500 47016 6256 15110 97498 15233 2430 70362 79089 18798 86903 344 55232 20393 76521
1283 17
78912 89194 18163 45905 65797 99157 21454 30634 38825 18667 43971 61184 34956 96458 87663 50561 9751
4847 13
43682 86820 85766 16173 15764 39814 43770 18218 28196 2851 78893 49101 81475
2881 9
13893 25536 80716 5967 17468 76033 43130 90360 20498
4735 11
48100 43634 2503 20641 99949 81961 15065 76782 85302 99664 42006
1307 16
46815 23465 40496 72959 33850 60016 52535 77218 75297 48817 37105 24787 54991 76167 82495 30185
360 9
51762 9390 26241 80824 80851 30215 77074 31367 18869
645 11
84181 55001 98599 18510 6448 41048 3243 26267 47155 34872 35601
4074 16
2184 75565 95481 66165 33235 7282 15039 47160 87003 95431 39999 40629 87243 71391 99133 87114
9767 16
72338 84385 95529 20734 51380 18458 87893 27427 64491 20073 25318 87193 67431 49889 63897 65146
8824 11
22004 66680 95888 65461 86449 56839 87239 35200 42049 4865 20000
4355 19
55999 62148 73320 57430 45052 87950 1478 7753 56024 50139 81916 51294 98644 28851 13807 62132 26051 47254 60822
6017 18
47062 81823 80407 27909 24947 46107 23138 908 13927 76080 90235 97607 96869 90217 99079 44017 36596 99549
4506 14
46480 38358 68459 32001 63107 98349 69560 48250 39993 93152 7121 5368 88297 9268
4144 11
62863 53109 75399 25841 82676 24065 68020 45036 39404 39049 37344
7407 16
71967 84012 99915 65910 88573 17054 56070 58136 75113 18397 5091 72956 90246 64217 46170 41471
9616 10
86840 1692 17570 99815 1364 75156 7556 41559 78190 26504
5789 16
54566 87405 50132 13429 62416 347 78124 30447 69491 15119 31614 89758 61402 34964 5401 97026
4817 14
73641 94199 42036 89661 86077 69823 15645 30252 54216 71596 88560 48229 11129 38858
9496 16
99645 58606 62496 37815 96840 18046 79773 74179 1530 57726 91416 48561 94658 73873 13615 98391
9051 15
59432 78181 28675 36707 13561 1436 94431 78732 81217 62255 90296 5714 29362 20347 13356
4380 16
20565 20263 82752 66833 52213 38621 93492 44273 11324 61185 42963 18963 5229 46072 45042 21474
1065 19
77947 91882 87160 78289 73016 93966 56400 54970 9015 76483 33295 36080 88148 59899 39346 28543 50281 9836 95946
1606 18
22806 70198 14572 16695 443 89988 87052 82204 70712 74681 81083 60313 73298 5223 92791 93400 81745 95307
6236 19
95663 46152 89336 72514 26472 74537 37495 85494 43916 49075 71100 89773 67257 89011 6736 31748 23755 21997 97316
2252 18
94128 20491 48674 68416 43402 5275 98399 61904 98116 45813 45591 37181 14864 12246 28909 54837 75086 6297
7280 14
80899 6392 93565 38742 1658 5116 55355 35081 2535 88372 35778 5917 4380 86327
48 11
25194 35013 36919 83383 60186 18532 67080 20457 54540 97064 58936
9855 20
60258 74200 83257 45533 55738 34698 84226 89198 14014 94033 64392 21342 79077 31629 2999 56073 18568 51479 24583 69233
684 17
76599 59709 47959 96289 89530 3569 18534 62168 77143 76404 29962 7471 6642 90353 78566 17968 75396
9913 16
86317 73854 34662 54421 5896 74864 11524 96531 44924 36752 93744 27883 49953 79315 26746 6464
8624 9
16149 95528 43169 3347 93028 13968 68596 61292 26914
5292 7
35718 63012 79406 18357 68171 56218 70906
1316 18
2024 8399 54062 76036 40854 47191 91966 42573 31724 11195 53426 67807 9602 16101 27652 88579 39821 16199
5233 14
16523 64931 55260 55282 97031 47707 1232 25607 93476 68560 88677 78256 33531 44879
7460 8
7904 50899 57650 74126 82758 59672 27716 38039
2687 12
22525 73845 55575 33440 74329 10290 75463 53638 30789 18487 26687 4658
7987 12
54411 25794 19943 77014 83873 25691 7106 9875 44951 17843 22739 10682
7072 19
23190 95736 17708 39286 3659 96718 60880 95521 23931 52746 26289 80706 73842 28666 14344 90714 96889 97556 72820
1249 9
87288 43004 81969 60004 24923 13016 70255 10207 76800
5607 16
87884 52916 40859 1577 47916 93808 59715 1237 35592 99744 66512 1411 49891 2953 25977 86135
5931 14
49252 96836 99511 9728 40080 44063 27522 96216 25042 49678 65322 45909 33896 17093
9285 14
65242 5962 31541 78262 41747 31449 22749 31286 57207 97926 95510 29181 5194 91577
4501 12
42837 61439 94574 86580 13883 41123 29999 34800 33119 95217 80404 86466
731 8
67675 16486 15307 36245 17039 81626 13686 29216
9239 16
78515 97260 73807 24764 6754 65093 12123 75646 55016 34855 86429 6812 93009 52478 56230 25718
2339 15
84827 69216 65811 86162 55998 93801 48621 82212 88562 13989 73062 98479 16402 31604 676
733 17
74547 79180 92724 39705 55817 92955 49094 67770 65928 10133 76251 80266 83833 95415 66261 27665 5837
1551 16
57630 56068 37223 9404 57225 8504 4790 2684 97317 88606 44066 34746 12481 51535 41567 21609
4661 12
72713 21867 81257 81821 13396 84872 42756 10589 97597 429 3276 51616
9561 14
84354 18515 75539 73363 30124 82360 68025 1847 68202 12997 79246 23252 88051 84165
4367 14
17724 83811 27337 8973 83027 16329 55056 17410 44992 69318 72896 65627 92503 87161
2960 15
34976 12111 55584 43250 87793 81236 86783 45342 36144 50442 51282 57689 73536 63754 93223
6197 10
25916 60903 442 25315 6879 63095 19843 16497 4942 25777
383 14
4838 94394 94186 69734 91316 32051 92070 54707 23838 928 82241 20909 67988 4887
5890 13
45170 21303 87132 51014 54564 2906 38068 86418 6903 59698 74252 21789 60359
9787 10
4320 22920 9694 89953 10729 10500 7021 5200 2616 15218
6754 12
48874 16462 73946 69574 57188 6136 64971 54195 47046 9716 60674 38055
1876 13
73738 42203 36846 59643 47861 89753 46246 36623 69212 62546 70547 64029 32017
1296 11
80466 19174 88340 88752 28937 9005 26826 95303 84642 45191 95991
8226 17
55921 97687 63151 39877 1389 80110 32452 94548 39729 67199 23282 89734 64000 62583 32778 42020 1636
2329 12
40712 29778 41841 26570 63990 19110 22363 61537 66853 32615 39794 15360
984 17
5364 20155 38364 55512 64584 3149 10131 98443 62866 78657 26821 43392 43599 29093 73305 67207 99627
8821 14
19272 18327 13529 20679 29246 73000 39946 73360 41558 81453 36554 40983 61562 51076
5712 9
79116 5529 44794 38714 65409 32655 23199 57198 26306
6253 18
51545 10342 66108 98355 77863 34810 71436 81202 51490 43797 83025 25956 9713 56995 98882 51496 1822 96307
4977 15
63297 11224 49185 28301 24860 67647 37896 25892 65947 16293 90518 29970 67010 28157 36862
682 15
6927 88473 47847 32681 57490 93357 90207 68424 33000 75338 67458 3557 84194 97980 44613
6517 14
94997 68098 54157 30237 48405 15326 21435 96553 69713 56846 99325 82125 47637 77181
490 11
88188 10519 30696 39605 97000 5411 44257 737 53040 24207 104
3631 11
66266 86143 59251 30548 40965 90539 34949 12851 11774 64207 67343
993 19
37640 5913 15551 93522 98506 73163 73605 65658 98571 82869 96099 1939 76936 61584 62743 3923 2896 81791 83276
7411 10
95591 2570 44795 20950 1625 6138 26406 55583 23573 28926
5523 17
82572 20012 37009 89131 33580 80571 36834 44354 48363 65454 67081 31078 64293 17531 95018 31675 18711
840 16
7307 56240 32726 4366 40919 31436 80058 27925 49731 15538 13123 80803 12625 24554 11608 36179
6779 16
96152 42236 81514 80698 32041 23458 26920 17379 28854 55496 41851 47812 2282 47364 64426 24773
2269 19
13151 68373 36013 77141 83406 54550 7341 37632 27432 25367 24443 96431 16400 54049 48995 21349 79711 60244 96225
3423 13
76678 33003 62122 39312 39192 48157 27132 58117 26412 25385 4815 75475 84195
4278 13
1017 60842 89993 71948 25418 25988 86558 71572 84134 4872 20348 54399 95136
6387 11
85082 78762 65040 98934 96352 96160 47331 16104 15951 29687 24505
8951 9
42317 14094 6716 9708 20901 84563 65174 41158 76806
3771 14
25515 37818 50067 29084 52795 91814 76040 68262 88728 82940 890 36790 17287 84474
5547 12
3379 49370 50578 77720 71951 9153 79694 89992 77659 83536 5500 35887
3719 16
98025 81004 47367 34807 37449 80832 26483 7953 41713 74216 89283 90708 38987 23489 97039 94938
3678 16
10529 79816 7032 74726 76329 59509 21110 78677 62688 47403 61464 29646 85429 82683 89351 53732
205 16
48013 59987 38482 66489 17610 89409 35266 36301 64997 5036 28752 22789 15899 54398 81965 85922
4473 18
42415 4317 53865 73746 26005 6122 50259 71325 49167 23389 43064 18569 91984 51623 80782 50710 62394 77021
9221 19
76388 57012 19985 67088 26344 74554 24514 70487 25306 52725 29873 90500 83297 88825 86722 93774 8245 88738 84026
6606 16
5144 32002 55231 83662 40500 89288 1236 40239 47923 28087 63240 27485 92191 40103 53170 4697
7974 12
59320 26314 27448 26355 45484 36882 76647 20571 74034 46166 46572 88310
6766 9
51063 93761 69993 13814 7636 12322 76208 21374 75920
542 14
90563 98687 53334 56865 77058 77627 15560 88830 12927 45750 85408 60895 33694 35954
4924 17
92541 59614 93078 48782 56151 13354 87012 66749 44645 21951 44115 99110 59889 33792 71417 66797 6532
4914 9
156 72650 51134 26633 98086 16410 65108 89836 64661
5891 10
48017 25350 2756 89445 36973 26637 33983 61238 9692 18676
3220 17
8620 19603 27113 94160 90438 54555 20613 82464 64952 24106 47995 37185 54061 80587 57394 54112 50392
5604 19
88745 9206 98615 83808 9978 26363 26512 42354 3229 21085 83291 89538 63689 63423 74267 60539 98019 95456 75707
7400 13
13517 7689 34825 69153 89982 55175 69903 63989 57596 61739 81389 29435 17790
5159 15
48536 66428 72289 33771 91427 28051 53252 44456 96577 18426 68138 35207 60365 21122 14772
1036 15
41086 48263 72525 32080 42501 52614 55088 68330 73575 39091 295 96319 22638 27438 92931
8409 16
82810 70955 19868 16772 56398 10599 64630 30021 69191 38887 98392 38604 65606 59291 86197 66290
2162 18
93034 31645 49668 54504 17961 42376 81610 63614 31401 84861 54449 34879 81932 66269 35593 33165 44531 54155
7555 11
80645 59433 9913 34991 98853 49271 33388 28735 93960 62262 31057
18 11
52395 75224 35169 98878 64396 56601 55842 73308 69057 29586 74997
3297 8
846 6127 44793 16592 90370 47433 15174 1363
1229 12
79616 90096 42863 89893 11794 11142 52749 50904 8896 76472 79141 63469
8392 14
69215 80643 41824 29951 42060 20066 99981 6519 96946 32513 95714 96203 2231 36885
3965 11
51842 24647 87327 3106 14839 25041 84885 78890 21025 38261 5330
5337 17
35646 73977 34927 64465 76649 89116 64741 78638 44852 25542 89207 91595 62762 39789 85424 83241 24497
1830 15
36419 38070 23345 67032 5094 11193 19379 99555 87850 49157 84167 35453 11233 36071 26905
1550 14
68279 46278 27391 39689 95024 9830 53781 76247 33528 55633 96794 40400 94711 18735
820 16
17999 52153 83119 30251 60338 8452 54419 97361 27479 82097 26664 9376 44633 86250 44370 66360
587 10
14665 73207 55872 53810 56129 5159 79343 80208 89899 9451
1549 11
52239 47431 78457 39536 92602 36648 5245 52007 61854 98461 25013
2942 13
98932 81564 73004 90045 69898 19722 39100 23015 25245 86813 6497 62440 54930
426 11
48728 5242 69733 49744 6427 63707 89569 34598 47318 98210 44266
4393 16
37998 77553 23274 45930 83247 45703 7129 95520 61800 34591 90953 56902 96102 1359 92230 28106
7843 20
20265 17796 13585 31208 40070 5667 9698 99266 45791 15016 3970 75591 40884 44404 31352 74467 42817 77573 38684 9526
9751 17
30671 97787 77396 94983 86798 88494 40731 68269 36902 6374 78043 81153 15698 12414 92385 68977 16176
1910 13
75890 32105 38706 90245 11762 90311 40637 48246 83784 77121 44994 88359 4959
445 15
27036 14411 24640 90346 86612 92413 24482 59344 35349 36172 2014 69678 55148 18854 47090
5173 15
38361 24828 48565 99749 45825 12320 46987 38728 72990 24304 28708 86399 55724 78571 32962
2923 15
9779 64384 54171 49587 3340 19756 20732 51640 17764 89943 87908 78873 84721 87323 9340
9303 11
32918 78736 74115 68758 2997 86952 45713 8528 29019 2708 34030
4138 18
7028 92204 45568 17444 74424 68663 55497 97831 16048 41421 45495 34073 96595 37046 67693 59332 57000 6958
3025 15
89152 795 16177 23992 75910 39219 10714 13068 78581 12837 25569 2813 33754 62511 14804
1453 19
17714 25123 54983 15385 56190 28208 24651 38811 66733 39332 74243 1339 59341 61255 12015 70749 68226 51412 22832
7726 17
79952 84050 61424 9587 88213 29087 63936 43404 82992 51359 91734 52019 65491 44524 44950 26720 85737
1746 8
10129 85863 13698 46817 63222 56409 48698 46504
8663 11
9850 6134 8726 17711 49876 38608 60655 43539 56195 97554 87246
456 15
55689 18385 65439 18127 7165 66596 41921 94108 60387 37620 87689 53796 44679 9380 59989
1985 17
21711 53075 17474 61947 21684 44967 75766 36762 12654 85728 46771 50199 52897 15175 21898 72046 77460
1596 14
43430 75356 60540 25014 30880 29111 76098 99733 15116 66979 11141 5745 19531 2125
2415 12
17257 74055 95638 94287 4557 80257 17962 42484 53402 36089 45738 86608
1743 17
65475 29366 24269 20821 94296 50750 23621 11480 12591 89597 50948 87627 76602 68503 34912 80002 24247
7956 16
23650 83790 34990 86621 25103 2365 19498 11082 59305 43098 99270 76310 39793 8361 89710 91358
9080 14
62283 62624 88381 36678 10837 22636 82772 71727 61045 50566 25423 34134 95328 27874
1014 16
62913 33578 74625 67950 21950 76791 30283 41197 19587 77146 7927 27325 74634 65429 46274 37599
1164 13
99830 97734 12671 8251 20004 42917 29232 99321 72200 73021 62806 13120 73124
9401 8
87957 93003 48729 14635 5440 72604 22043 15596
220 14
80199 58268 69313 42679 16920 51537 17440 92984 90127 48577 79410 27476 33342 18369
296 17
13112 53679 20885 34006 34131 9523 80421 62489 18247 68972 44461 32470 7083 95246 70315 5286 18353
3852 15
77060 83839 58777 48069 187 72242 77869 53683 15380 60599 40172 78232 30191 74830 9965
458 14
48823 30142 31129 56783 97306 52949 43977 80536 16259 11323 50016 28423 45076 62355
2181 11
88255 32199 52521 79324 473 40055 26882 41475 37824 66690 45781
7737 14
32276 83212 41993 95552 91654 76706 46327 17918 77702 12538 99172 73796 62385 13038
3981 13
34633 47001 29189 15513 11556 21890 16378 53195 24824 8408 29157 4900 28564
1037 16
91667 36246 59078 46511 43317 11076 89697 59650 90410 17608 67113 97148 90382 23309 61415 86998
6370 20
33734 88380 46583 427 32239 37690 34253 18097 91160 32566 93433 94898 93870 3501 84683 48312 43840 60385 40362 25601
627 18
74570 49106 94802 39432 20137 76493 13907 46427 61874 92874 60226 60962 18989 17668 47618 75802 52170 38799
2738 9
60345 99070 51020 79375 85669 11467 29926 80013 87867
3955 15
87897 21941 21980 96437 13169 6022 48803 88248 62354 77965 63838 9607 38251 20670 48400
9773 11
74155 55807 9758 83407 17563 27623 37333 7003 95875 68891 4010
6380 14
96388 80460 22929 80653 55784 80477 62129 43186 64808 94526 87093 39333 20074 90161
4601 9
78270 77892 686 56663 43468 1446 14303 37446 32506
8691 18
48126 46058 1012 80049 35565 87419 18437 15480 78477 20152 50247 78715 55714 29434 85175 15371 11153 59290
5974 10
38978 49233 75206 81565 84033 71643 64753 27183 21201 99226
7438 17
92491 76815 43162 1137 35463 42865 51686 85581 86426 68645 74677 82920 7093 59314 89848 39760 60101
196 10
66180 49095 90527 21560 83139 33435 22238 89215 5115 13141
3877 13
56436 96445 78695 10917 99715 99109 63049 51413 73025 49300 93138 71269 15317
6619 11
73595 96439 38534 31253 48818 11694 33183 99811 56857 46796 5794
5266 14
32944 22186 46615 65305 13900 75799 77302 69044 17891 7779 18244 26807 97043 45651
3553 8
85269 64438 77845 10148 5665 17902 18201 56077
6572 12
64810 83249 59309 54443 28378 43279 37887 58485 75962 79617 42542 30560
907 8
22820 38694 74734 47831 65891 45218 94303 65743
3966 13
49803 16019 25622 62225 95149 74493 99125 939 54761 23171 69537 51394 11189
7512 18
13473 74 35094 60390 32530 8122 90572 88722 64121 25400 64757 45226 2705 76456 76140 50160 93792 63912
6745 16
62429 60746 88542 47585 69744 35824 42366 780 52664 52174 44584 61366 85155 49435 26657 69730
2200 12
65165 88829 99833 71186 85916 15714 48075 57766 20587 46567 9436 98647
6241 16
36531 42960 25240 54471 21600 74814 40351 66575 48146 12416 61451 13562 66639 31889 86442 88617
5285 13
2419 33018 41032 66260 64457 26087 669 31780 71759 84286 39323 17578 83059
1638 7
52448 89528 71993 84949 10482 5087 3724
2548 16
86711 57484 28728 32195 13294 47803 86674 45656 74100 75343 94111 84796 4499 79523 27691 52917
3623 13
51326 56935 10805 2417 54320 53344 75668 18974 13622 50416 89642 23510 74106
5873 17
51111 71845 49162 80581 64148 25664 72106 10884 31494 34432 30683 68214 76811 97334 11228 45383 26816
1246 9
30500 51374 25166 54425 80211 20097 93683 80527 4487
6609 16
26726 22173 78614 73426 64281 69910 20546 84281 76612 15824 8037 44884 34525 91760 17782 6635
107 13
79550 48205 321 13672 92509 52031 18315 11429 82899 2626 50847 61850 11806
9686 17
12234 58585 1739 19857 67539 67202 98885 18898 4984 65300 92969 3052 66874 89718 91702 29417 65441
500 15
91652 66310 58655 98148 78037 25274 65414 62468 71608 23993 53816 94222 22226 22260 98225
7360 8
11512 42389 26904 50678 23450 99682 33085 93449
26 9
18513 31193 57812 89591 79353 55793 38644 21296 33647
8109 12
66840 75268 5407 34450 42969 31540 23360 52328 42782 59017 36052 52339
6913 15
14559 90774 16714 87433 33046 64705 53882 15183 36458 28372 46861 47134 39853 7138 5856
1723 10
34302 40419 93635 73071 8285 12887 87936 33651 33745 70344
7076 11
6424 14181 29780 18364 18119 38997 50088 16937 57314 56881 90988
3285 11
58183 2220 21557 55959 96752 54963 9018 2508 8692 39250 27301
2293 13
98604 92725 56425 8227 61028 34447 73439 89524 45466 9744 66863 61567 88376
6386 10
11094 19711 2109 49757 67054 59511 71764 17594 22813 9874
5811 17
85320 74557 27102 35642 45346 50897 25826 17872 73954 99537 13126 74209 1668 30850 72936 97719 72787
7071 11
83596 32802 54358 83688 40860 49768 61317 93910 72570 67657 28620
1820 12
38829 46827 56607 57435 31953 71534 99481 6588 78487 4600 22788 15017
3550 14
36462 62814 67059 38174 48062 59389 60417 30761 44797 74796 25997 9428 61815 77749
7594 12
70307 10648 72978 75342 74153 37384 18157 85279 84674 48297 66250 68793
9638 12
55763 68397 54948 61154 62090 655 53284 48586 84531 45336 15986 937
4556 16
32157 40510 57800 36222 37414 43049 15115 45034 972 64985 74165 54089 33926 76785 91644 64604
5030 18
36814 35724 8186 1763 82133 53718 90423 10444 57136 30735 52071 42899 99897 98456 19728 44278 63887 43874
9108 14
67184 69876 97664 3767 2947 44442 42463 87785 10878 5784 14044 85237 45545 21047
5484 14
66854 59674 41165 57344 97383 27715 50882 72129 34300 37417 13019 34213 30386 43379
5045 14
81929 91510 69841 96736 19538 74295 45296 15487 47278 22951 8168 5722 16030 59458
6665 14
94640 35658 78328 88816 50515 21582 31325 96148 67942 14148 49364 20270 15422 90309
1110 13
94775 46345 82667 63840 11124 17878 79216 52822 79109 81924 76657 31146 13971
5013 13
12961 83254 39938 74158 74804 8702 99669 1295 83357 64550 94655 33940 96735
9487 18
24335 64606 62805 32525 98040 76083 26750 6038 75819 54543 30970 32950 2958 75389 35812 72923 9282 52169
6418 17
14997 22844 79744 82879 91998 96150 75744 3708 39035 4176 71901 55251 7124 81382 99717 36770 55802
4859 10
72169 59151 16224 16957 41671 27090 86388 97398 3792 33989
2086 9
64126 8855 22534 69080 50175 10082 77395 10909 21483
5542 12
1351 57556 32188 27598 10256 47170 8506 84741 98926 51210 59631 4458
5933 10
95523 56989 57640 52059 80946 73147 7410 98996 33213 67783
8122 9
93479 98957 6121 22757 55650 93036 99042 62802 53274
3730 10
53438 71144 68549 12766 87049 77932 40837 86078 69943 54628
6826 9
75337 41184 46958 6581 98963 56931 49952 31516 45341
4986 13
52927 22541 36753 44980 25224 40099 6363 99737 1414 40128 63605 3255 82988
7042 16
42074 72464 37687 64879 38712 77640 24343 94727 18110 79123 87349 18938 1911 92896 27467 69648
5942 14
28518 16285 38755 7265 75667 97150 13868 36810 46122 4449 9609 84071 62284 71138
6377 16
59581 9703 5993 51511 8518 38727 27763 67396 27433 79352 9806 87756 53190 56798 19430 66152
7191 13
5609 45325 33140 35312 19977 60405 86154 39828 84098 12118 20961 55622 97099
4112 16
572 27645 35584 7423 49884 67144 30218 88453 95395 72854 20577 8516 8967 68058 46917 13957
358 13
99987 72306 13196 74558 92882 26921 25027 61764 82429 24525 80552 17648 71018
6492 9
47686 86629 38826 62025 49255 23251 78408 15388 28525
72 19
78903 86298 89314 46450 48253 91093 11162 4881 4102 54942 91784 59615 12452 17698 60433 38635 16099 63639 52737
6202 9
47571 3489 70036 69527 92835 18657 81666 32439 88430
9505 12
9010 25253 31978 32170 82550 89049 3604 91610 61376 67620 14852 61134
4037 12
14868 10238 57868 36940 47427 81436 54646 37484 15345 90516 79528 56820
703 17
86055 73064 49338 23091 66951 89033 56745 36614 70286 79756 49317 45427 10282 39014 97238 73048 75982
3459 19
33307 1678 87515 77920 8575 57400 24874 17120 22522 25755 87562 75515 71217 55157 65964 10876 12206 53358 97886
7084 10
16320 25638 25547 39056 38327 29223 93825 70667 50476 38219
8005 19
66483 43568 69565 63014 54867 7518 80374 38757 58998 22715 2171 98798 11769 59779 50403 63729 75201 44049 71358
4891 16
4167 95816 68083 38593 45691 4718 23737 35489 99788 74078 23732 28267 42432 49811 28246 4689
6763 15
75245 41581 36512 91995 77733 47378 91707 40343 34547 84762 79299 33409 65348 39160 50338
3186 18
15050 60091 64921 68807 31037 33520 37262 25812 11697 12675 5550 12170 15814 96963 9898 63734 4252 13938
8070 13
2615 39913 9028 66976 81476 14443 56742 59182 96632 45026 28071 52774 29981
4766 11
52953 53045 60239 17846 69725 10654 17282 81859 85998 71815 3503
5208 11
42971 51684 63638 27832 71433 42527 91691 31584 26251 96064 41571
9872 11
46559 42558 51849 47501 85527 91580 4537 60493 32420 86685 56111
2017 16
20243 5622 94563 97604 75426 76967 3036 29367 17264 23740 62087 67785 57327 59125 8443 14595
7630 12
2334 37838 23548 58172 86198 60555 92006 1471 79061 20506 7311 47513
8328 15
3549 46690 17414 8882 9753 74458 76330 45149 70422 22131 63526 42852 45518 28629 1788
9462 9
68769 45433 89891 59697 79665 28848 72503 15540 60482
7294 16
9222 87816 64804 14773 92094 74403 83381 83796 14520 10973 23108 1412 79261 12787 55349 21556
9809 11
7458 81683 14461 76882 23774 41078 36806 8225 57612 68260 23340
9992 16
65697 18310 63811 12834 19245 84675 24118 50037 21906 60898 65970 2448 94642 54487 28487 11896
2166 9
6135 62613 40136 8926 90335 64805 57078 19898 80786
5956 17
61150 73217 1566 33959 57377 66314 65480 81811 92215 83263 93419 7784 62969 34372 23111 18497 89882
6736 8
24377 2769 7372 62677 33980 88797 97971 63766
2553 10
90128 42035 73659 6312 88672 35291 38815 85917 90329 13629
3775 10
44989 95886 26001 69614 29432 51345 70629 61795 853 2655
7658 12
8891 20970 40645 48988 6353 16453 55638 62112 25900 47815 31242 82620
2892 18
51425 30672 26190 51820 85247 50451 37513 56667 55996 15090 20135 74543 20815 53745 9474 72634 10531 69949
892 15
29306 83271 59479 20037 52872 69377 98953 75139 13088 87443 51822 90487 51096 5053 42250
1415 10
36581 60818 59570 86353 12331 67311 89423 35560 11057 18746
673 19
73053 37068 58881 17215 46508 72520 50079 96349 29444 44256 93437 59134 42583 92933 97092 20178 4694 74144 65306
3008 13
8538 11958 30813 24130 30115 34054 96931 96975 18518 84471 22516 75415 99357
4544 10
87227 54207 3786 28392 17865 72805 16494 58307 98404 18326
4411 10
26302 63625 24844 8582 43652 92559 24141 72159 2758 78071
79 10
20294 15601 95827 81522 68010 9743 3069 34003 17409 92238
5281 11
85487 29553 10224 60825 86086 53940 22276 85547 14677 30916 5775
7786 18
17896 28405 35502 53760 15505 38905 39415 79747 49193 95619 54098 25158 1248 58615 76788 98713 41312 30416
8679 14
59905 53446 4751 72105 11756 72708 8456 80923 84389 95335 9977 91990 69152 80286
2375 16
29920 68368 37447 20658 34782 15912 50227 93719 7137 72883 10711 66067 7000 23324 81737 72134
7243 16
30369 27950 76394 57434 83823 91025 50394 11852 60513 77263 43122 36003 42008 92712 41457 50324
3626 16
48568 12872 88247 93048 43673 83171 93140 18769 64512 71046 51156 97070 60051 44095 71871 47103
4252 15
73224 19213 86957 72729 62340 26067 92372 73169 87121 48475 58654 6511 28200 51077 34069
2350 11
18392 73379 70 79745 92186 31049 20453 60978 36697 36280 19798
3130 14
88641 56914 23567 74193 21113 79652 92289 51923 31519 82904 71423 16468 33482 59713
1475 11
4597 72781 44559 90447 86472 73586 65092 45883 99146 75612 27977
3109 7
1094 84480 93747 52392 90908 50905 77712
973 13
91042 56535 18062 83999 67173 94639 92793 46139 6862 60779 92156 34780 64268
180 19
22770 56086 52970 71005 98128 862 79716 20863 72660 75870 84541 97815 53633 57753 65750 31588 87213 35394 54866
6229 9
75827 28422 81657 24198 14751 61540 8106 10817 17584
6493 8
18975 82563 75107 56683 17080 92547 95151 24233
7650 10
3584 2927 93619 59307 77217 98815 62493 24415 9657 27528
2977 11
55942 3911 26975 5806 22277 93384 51874 12353 17198 1255 2309
7205 10
14711 94841 88876 84681 23637 94683 52199 43391 83334 14607
1109 9
29735 78813 65141 25962 74628 83089 14698 61713 38329
7217 15
73827 39816 63234 52813 26071 60144 6572 96348 10306 43719 81395 90888 30053 29793 50363
4676 12
50741 19836 52453 48092 44846 90023 32880 59718 12589 58308 52489 51827
6378 10
50575 2759 36286 25257 49726 11653 77298 73365 63749 85709
2675 9
61797 82203 76632 50380 27564 87522 38806 20321 91568
9564 15
78145 39193 32607 38194 65091 4400 47827 56167 77329 94564 87438 92259 89514 36491 69604
6235 19
54675 98310 89751 51514 33564 21213 14188 78483 27975 20599 23126 10813 67868 16201 74048 89434 85956 44347 43368
1927 14
40567 86437 73243 91736 23592 23729 37925 57500 25473 77772 33481 45031 32340 27236
379 16
60701 50125 83468 49135 86948 97853 93399 40299 32075 6458 48493 89172 39454 72588 47267 97232
9153 13
89006 81046 18060 30877 22242 34572 12224 2358 33731 16077 90720 15634 91461
1387 14
7146 33853 83555 24782 69901 47755 82649 1764 87865 47004 69293 1750 33690 11485
2097 16
71974 13950 4479 36914 56512 59220 99396 58614 95184 70408 55915 30639 19472 72902 35119 84576
9871 13
1601 84703 15552 87836 47617 29061 92079 17117 58231 63085 15113 70576 21955
1244 15
4661 65878 2194 9198 75652 73099 60745 60374 15399 98458 71236 8718 40847 30477 88658
7496 13
31034 28470 89302 65539 42372 18581 83511 79063 42525 1708 41918 19343 32602
479 11
65438 31568 15780 13011 95650 77731 9176 95716 4191 98692 15992
1711 10
77518 15318 22263 27128 86544 81455 87749 45685 15797 67380
7985 15
89738 26172 45443 74395 53066 2 70264 92409 13931 87738 55560 16010 33118 56341 80493
1773 12
68833 13988 79356 16687 56875 23778 13491 70494 83220 93441 33405 61380
3632 12
42140 34962 73286 56974 60329 55839 64088 31648 94062 46997 91017 23357
1023 12
9084 10828 85591 97098 27354 97587 89160 61112 55186 99039 43370 30515
5849 18
1608 97553 99523 2889 49834 44926 19152 79817 15196 89578 13806 75944 11766 80951 45652 45671 15950 80858
5400 10
26374 17307 25252 92324 24341 88666 43461 3783 26949 69093
6792 13
29429 7163 71996 28459 74662 5277 3160 52189 2690 37289 56258 60785 17248
8543 11
418 8552 26499 76542 22740 24849 40890 8755 48140 8409 71101
6237 13
57855 50591 96515 14727 59450 44804 65844 39697 11327 85750 47326 35897 99963
1544 14
30370 50240 16649 25713 67840 47926 39271 29314 37213 53034 8966 84168 8785 62433
8587 18
67325 4685 62910 76951 56007 61696 64378 35465 37892 89433 96446 44756 2274 32612 61852 79082 75555 39498
3586 13
57227 71835 69041 69328 44102 40780 7837 5869 43105 15365 86665 74127 66498
8975 13
73332 92961 76019 63980 43384 76905 2706 76395 84051 69346 82501 88997 51053
2115 17
57393 56546 631 52372 56731 70698 30329 67550 40196 44940 82299 3811 72783 62652 36470 99988 28285
4073 12
2359 68855 46024 27061 80978 28100 55069 15461 63376 53563 26997 42866
3368 10
3998 77095 2299 58290 81261 4853 13742 24102 35402 9128
9048 10
81440 69244 24196 87990 91713 72848 41335 76919 9139 41045
6342 17
92024 83420 56610 14438 78035 21926 72245 32670 7859 54197 66637 69395 9810 92418 82294 55491 15146
3126 13
75788 1899 29032 78439 80516 91310 4943 77864 45234 44698 45856 66138 42096
2079 18
82091 18985 87837 87813 3333 10174 9323 47464 49627 13037 60294 65350 96654 24382 58472 87657 49369 22275
8540 14
18443 79081 6855 8706 26265 72970 76142 45067 44182 96522 81486 7705 244 22852
9096 10
22767 38478 95825 37455 83646 37806 30748 85824 91376 35543
5193 14
57071 69331 45002 31968 60938 74255 32326 84756 55715 89721 78377 21798 78706 36532
3201 9
30259 54824 62462 99450 51060 89925 8566 69498 86729
3172 9
96240 71744 49452 63434 93592 60034 11291 64521 9062
3192 11
48592 87211 76950 97915 93968 37464 80379 30196 36237 2209 96441
2426 13
46011 29891 47956 20121 83455 80268 32695 26876 57164 41980 15831 51424 36818
5269 17
27223 38405 5257 7929 39365 86823 9236 24854 55893 61193 66959 41417 32970 34903 79595 84148 63780
959 16
75141 11034 29825 78555 21381 48481 74325 56496 68767 64001 81585 83445 78376 66893 14456 25028
1360 11
34939 75510 16401 55306 48303 13682 66993 99570 74506 20601 84443
5940 12
16471 9755 15112 12645 71407 50640 61017 5032 53777 13984 30027 12566
283 15
97389 53977 20758 89784 37540 66568 17747 17523 97229 48462 80348 2751 69277 42973 41323
7450 7
22218 33548 23131 87177 42922 15695 78642
8422 11
49918 27526 65703 70695 73609 1290 62578 17780 32319 71702 27225
6924 17
71058 52515 21608 74778 914 11872 72342 63846 85194 99091 17326 72444 35243 79444 74130 28224 437
1704 12
48890 57725 48512 95486 8800 92036 48050 84820 369 43079 35961 8043
3970 13
1978 58686 81727 88203 84154 55513 2949 90280 55053 80384 32750 37441 3427
6644 19
89990 62465 5281 47332 52990 87633 79918 60249 35676 34217 91504 2164 10816 32722 59710 43182 39066 67532 73905
8283 15
21288 75797 34666 69572 52552 81890 94482 96375 29584 93762 84177 91275 93624 75951 13885
5388 7
31625 29262 22454 16596 47577 68884 6239
4970 13
54697 16374 93042 92407 64532 86094 25864 65783 50590 22227 23565 78365 29620
1617 14
77589 93865 59984 29324 28758 2333 90550 29606 91605 26184 19774 91056 47934 70432
1390 16
34984 93172 42695 27045 91844 35068 10923 52498 44031 77440 77629 21207 73468 54901 36942 16117
9507 15
47750 61625 22639 76685 37861 426 43700 82357 50520 84733 38469 13243 107 28393 46675
6751 12
12447 92329 53100 53945 9499 3186 91002 84948 97696 57764 78367 46146
337 14
42781 44595 21105 60311 90248 2378 60537 92183 14332 22544 12478 36601 92029 54872
4537 9
76042 1642 81936 63929 86226 61483 53134 3289 89886
1265 14
43649 23903 16146 68475 86827 6345 12384 40536 15495 63830 72999 24675 19613 62157
9275 15
10678 54384 84400 20719 44588 52454 74937 24056 81883 34618 55292 96050 68647 27217 96342
3281 12
74446 25349 72335 57830 34566 61555 87524 32534 62089 31111 51293 64347
5990 12
24991 72817 8844 27051 70341 27750 71709 57778 17515 24689 35951 63765
1963 19
36219 41579 47421 21730 53039 77314 41118 27447 85379 41602 65636 60410 41207 70641 6107 95370 61203 33341 36653
507 12
46497 75900 66589 54674 63026 52892 53895 16830 83617 95167 40391 4857
7435 8
67874 16688 43857 94516 32657 82334 68029 43289
3301 19
25109 89106 1990 31788 19561 8738 16442 40547 4023 4947 38908 19556 92476 2972 87044 71697 17449 35755 70229
1978 10
25345 38207 98454 26571 46371 98923 92074 76064 37793 14277
3406 17
39556 22649 28551 67680 2525 55139 82917 53507 3749 86556 77535 84299 66604 2838 36740 33196 91345
3164 8
49782 32687 7633 61670 72596 31190 67484 31033
3940 16
86701 97083 95469 46368 21728 93821 58153 81194 49524 31355 99161 82599 37621 30845 13590 94706
8677 18
59762 61954 69066 98603 36527 63444 84362 27075 87787 86212 5765 75934 11813 57476 65537 70719 55736 54100
7585 15
52337 89139 1813 31492 87122 48431 89855 15929 20683 56351 47330 22583 29629 68980 25213
5209 10
84635 12680 75315 61280 34368 84091 49841 20287 46531 20286
7644 15
43396 26476 71355 59212 89347 97054 43063 62560 11830 14944 22370 7510 86800 51970 14114
3871 14
93037 83757 34264 38562 67022 52692 98821 67314 93465 36057 6198 86380 2283 29774
5134 13
91032 41345 78271 77120 73307 68890 41570 6727 98153 79664 97582 10421 62796
5360 17
33065 91915 82605 56937 43051 56856 54788 20246 20416 31018 55642 66546 76585 22487 73095 1845 59857
2746 14
27449 2760 37813 61610 39339 70366 6172 11870 86804 81792 96044 17972 92342 94130
9250 13
64333 91350 85035 44363 81473 22362 56990 26902 40283 47229 50572 401 36413
7791 16
23942 54133 35109 83007 41427 87331 49959 81321 87958 48237 26638 84014 32187 91641 81874 93181
8534 12
84520 37898 93623 17498 84302 57696 80071 74239 86509 77373 29668 88065
1201 17
78818 16196 58677 48464 28933 91106 33588 99331 63192 34078 8851 8585 6471 84256 26759 66837 99899
9323 13
56664 64935 94495 74911 89145 48421 83574 59722 75862 56860 91919 96985 79555
3258 14
30095 45434 57657 54329 95274 99284 71469 63097 12543 48024 4559 29180 77319 40100
111 12
38153 55457 20320 15253 61427 1559 40466 79430 45472 8792 78382 97759
6939 11
51405 22972 62718 51249 36094 35146 99366 84569 87628 31143 84101
8364 14
4091 41327 72560 81998 88838 97319 11546 24009 12066 96410 83689 61859 27425 57450
9971 15
24796 49050 183 5995 43708 49710 96296 35042 29304 94187 43009 39106 77332 16829 25659
5200 16
739 17045 73487 16919 38119 46191 66843 3784 60888 98368 90506 28276 60617 58521 59035 60677
5397 14
53613 25888 53554 3816 53189 54150 71639 27789 5699 77282 94475 90129 15078 73351
561 12
96955 95256 74585 97761 8806 97800 8987 85188 81332 51002 25871 58923
4563 14
90525 60440 77153 89260 9803 34839 77888 72835 57610 13028 33076 98262 23443 50753
8314 10
56962 8642 63791 26183 3608 2974 49592 15104 68776 13404
8128 10
27904 98960 25117 19960 19901 260 53094 95115 6491 2429
2126 18
91307 15433 24695 2994 83515 37437 39045 39158 5152 33272 46775 80042 18221 79908 75921 92653 6266 16653
2787 11
41695 39196 18277 48839 40733 88269 57208 29539 27314 48346 30131
9927 10
15046 62049 74206 79480 25242 6861 6495 87095 75180 79254
5023 16
57179 42712 75447 66078 8667 85676 13803 72850 31201 82184 73933 50887 5825 90649 87136 44869
1967 12
43927 40905 8369 33135 92869 43534 5236 44470 26335 73638 40595 82135
2908 10
20969 46658 56188 41295 34005 84953 82047 50659 56549 9530
7219 16
80035 10232 61498 83244 65577 8046 79025 99905 6933 52610 56374 81402 95844 76261 46688 10771
5345 14
860 15602 94530 98257 32964 24450 62392 11138 17624 31374 36536 95436 90912 56301
6060 10
96346 93867 58658 33014 38156 82043 44028 9960 86675 2388
1915 11
41270 38654 15968 42436 53905 28859 80609 17522 22528 88549 24537
2632 15
58992 63572 45380 33741 84222 55553 15425 69919 17173 83070 70290 32822 41768 33928 19336
3932 13
35609 76902 56522 59960 80363 64017 70752 82149 49927 29211 2929 77422 40438
5820 15
5564 72015 82516 30951 23868 48008 86589 89636 20213 12817 88831 87294 92884 91019 51451
4813 19
53605 80961 33887 79227 94508 33141 80938 1619 4381 44893 81110 48889 56513 40613 80023 46409 61968 4925 70504
4803 13
38697 93237 88996 10540 25838 64724 82890 31486 10665 4008 88501 81947 54173
5922 9
70321 16505 92908 75144 67479 49107 6071 73061 20615
419 13
50235 1346 60744 38240 82453 18565 83146 65285 4736 38525 79506 36273 49040
7727 15
68591 17593 29801 91238 64528 56360 55257 89355 92711 29373 10655 87259 13749 65973 29875
6189 17
29089 80523 60912 99320 27544 57806 27676 72577 28025 73003 77413 55154 74773 38508 35114 35704 55709
6633 16
97717 48990 66888 63971 78792 28747 27148 23120 50672 13722 4861 71810 12603 38820 91131 69673
3766 9
97610 53710 41609 72504 89793 24788 22781 52837 96098
3795 8
73797 93681 16388 72062 28233 7354 560 63779
5375 10
77236 85931 36742 93957 45291 17446 62983 66440 13374 88229
1024 11
32114 24268 22368 4972 52032 38759 61721 82442 58408 68426 20277
4213 12
24738 77531 94145 28342 79678 26825 30834 9895 46208 47974 29636 16057
1973 15
28670 94800 27527 50348 37676 89391 96683 14394 94537 28074 24433 68673 65534 5102 55929
427 10
40282 97772 77837 50193 75089 99282 98000 92463 77656 43303
2708 16
82422 96552 14008 96343 58419 73774 34517 28024 74184 39506 42940 56282 83932 37677 75651 46311
599 18
65840 77874 84613 56373 86730 12746 11155 89722 2772 70241 78333 95277 91700 23800 25834 77534 87674 87928
797 9
39452 60036 82991 9020 97509 3901 62661 19789 48403
407 11
71500 97045 85883 24876 75547 63462 6225 18420 586 67822 80675
5143 10
53407 25487 62203 69451 36913 10096 26250 84398 59519 5084
6953 14
4460 44169 71259 40597 2391 45821 54548 6931 67642 46259 29728 66523 84887 46501
5437 16
58359 29133 62156 75118 39244 63416 94845 40517 90727 10326 36537 70941 99313 46209 49865 37541
4395 17
66605 93942 77725 91034 90725 91851 84928 93784 48010 80554 14023 68609 78663 12772 69050 97933 19596
3993 12
47019 56292 58199 92861 21837 89549 63237 57768 4313 22861 50285 43520
3720 11
39381 46806 19264 60814 32015 94835 35343 47043 85826 73304 41114
9143 17
49178 60772 25932 45158 48011 85265 88929 91287 57260 52799 66006 96999 88337 40948 67560 69322 42356
832 16
86392 98497 29746 76482 42719 3870 4567 54441 4118 53142 17213 12923 44419 85275 75680 29059
1952 12
12985 91043 57365 31511 33240 63474 61733 90973 42604 80224 96773 41925
2265 13
88338 46964 19445 21588 40925 61153 81633 79075 91725 67068 26519 79060 70665
7408 11
17309 7268 63356 29267 83295 86432 30840 86814 55750 90957 62906
7497 14
69808 99083 90886 9135 57043 50765 74228 27131 62274 92768 53105 22867 14803 7073
8722 14
54726 60231 64086 75693 47704 81145 75610 17443 72556 87862 44165 88070 21854 24663
1640 17
80930 18860 91380 10173 17916 7256 57479 21242 61934 82408 230 5558 45617 97768 46517 33249 28535
83 13
28287 31628 96069 41578 72666 13463 68141 43912 83179 85294 80483 17989 20825
3347 14
18047 27081 63909 73956 39798 79488 46296 86885 58386 88907 73455 63417 56624 24924
8910 16
61520 97575 43138 92261 32055 87320 4878 42750 55435 83365 35807 26215 22611 81603 19559 13132
576 11
27135 96841 58222 39389 35371 16664 30843 68442 22253 35571 47697
8831 11
8173 935 21173 92109 73255 83003 9652 90428 8156 60767 28394
3370 9
22251 63608 11899 26142 70702 55538 84713 11541 42678
6470 15
52430 95501 50052 35795 18006 97803 64147 52709 81962 1076 22269 90831 1969 97384 28558
7946 9
36226 58690 67998 45497 36736 4421 79434 80630 74419
6805 17
8175 5852 63182 87313 12103 4740 83178 49444 72651 83935 6252 7080 96088 51279 85071 20240 59020
678 9
94664 17194 47386 14878 8939 68211 31520 36725 47622
1070 9
29068 69810 34224 60827 59081 7092 48880 1264 21838
4084 11
43610 22613 28414 80992 63578 68634 684 28011 7800 37389 47224
5634 9
32468 50298 60989 99710 63947 43723 95198 83678 13400
8388 11
60592 65980 47698 73436 5630 25618 55489 40309 693 70556 97776
1739 7
15933 18261 32025 29370 9555 44037 44015
2754 17
98693 4700 71756 52108 65435 63882 64367 86571 60594 64036 51675 69218 81834 65303 35310 70011 47424
8876 10
39515 9214 68047 58226 22307 22853 42385 64164 22160 17359
9795 16
82816 40005 63213 76529 21612 27957 51869 21198 43506 66744 41804 76716 34002 47305 20434 65418
5616 9
5202 9568 63050 75437 94408 83210 81337 11907 48716
8523 15
55109 73506 6143 95623 67090 90863 63071 38913 78475 38859 31887 60628 14552 44307 18658
4677 14
60333 43563 44563 5862 72469 96475 89654 13292 21688 71682 53479 86628 12029 98754
3876 14
61517 30773 48541 82329 39322 60734 96222 80512 74294 41615 32338 68830 8714 35264
3124 13
99244 31431 99456 1683 57835 79809 11593 4303 89360 88888 45851 24803 7441
5390 17
1629 91957 41659 46059 96555 76674 98409 37734 9937 80485 65140 61675 83944 75021 41223 6763 41258
1345 9
52360 31986 88362 82341 91428 42322 94509 23559 51800
3348 11
63599 77328 93667 57107 9275 51194 49724 49254 94202 23166 47454
1618 18
30016 59773 98289 41190 34808 30245 19733 97250 2216 37148 89628 39408 59552 81907 27330 43601 36 16210
9506 15
61131 32320 91177 53947 54080 28035 82657 2253 55571 95401 73120 64272 48747 52150 24168
7736 12
90159 29918 56439 99773 94907 51154 69643 77480 63164 32385 13898 17270
3891 15
70328 96200 77393 36064 64916 21847 5875 92040 46221 17549 27807 45174 42805 47052 86807
1002 15
64128 51557 43863 53213 79194 45978 38278 38792 19564 61038 9968 27661 28160 29363 75761
7653 13
61981 15142 74535 46959 67146 96204 72998 87106 72832 75607 7168 74280 81156
2013 17
92691 53835 31217 65444 23008 71968 64823 44499 51428 16225 51244 95549 58155 22440 9792 64668 41015
3010 8
1375 84358 64683 74400 7269 92637 32005 35918
1826 16
83330 21922 66497 18765 64048 26070 38060 79766 17481 62632 83776 21512 5968 9471 55687 90765
6208 11
8188 93682 8024 35125 60323 91385 84540 23418 87784 59455 5843
7823 13
13575 61273 81343 71873 50974 54319 61716 45769 22647 16731 1341 36717 12201
9367 15
49908 90301 10106 32324 43507 82428 36361 49525 23025 31744 69960 94991 55924 65640 19891
3413 10
11789 23259 7166 56065 46956 14911 82597 70750 44479 93981
9101 16
6785 64819 86821 19066 58552 77147 50232 82354 48757 81259 29575 21606 10730 45693 53852 72384
9739 14
68408 59011 52009 65235 47914 62526 83135 5553 1930 94857 50398 49512 5857 75047
5593 8
62158 14137 4608 81149 23069 67240 17700 901
4518 12
2404 20916 86071 62287 13817 36700 835 58567 72114 678 11641 18902
198 10
36870 11316 19029 46140 9872 40934 37953 86139 64023 38878
9829 17
56041 83501 86822 88487 64120 77453 75869 3990 21391 97558 32779 67231 1070 11205 47315 51779 70861
9963 18
54749 66242 13534 51392 11101 74257 43895 55717 32448 23537 34741 1914 27003 99824 3471 35723 9928 47722
7050 19
53270 13613 34199 40683 37230 63853 85014 79055 21397 54619 37315 66657 45019 57452 39815 41269 35575 6540 84806
8923 9
19488 81985 4086 60193 62108 18916 52393 84962 51239
3628 9
33758 28325 22327 70186 1000 32745 25626 44963 86633
8108 10
42241 66980 40497 95974 90571 50028 79593 17390 43037 54584
4231 16
22830 93013 28 33514 81509 37715 26108 83453 7049 6070 21764 17548 68464 48429 52359 24035
7164 17
88532 51927 46932 93598 22616 51026 11250 1665 26683 11969 92743 59655 89788 4667 1126 32675 43695
7344 14
77416 66432 90169 12714 8712 77088 22816 26817 10626 61206 91488 46076 36586 81481
5339 16
74857 8649 63380 93773 61805 72427 57668 56296 82022 11166 58639 40789 57166 68007 21895 58878
8490 11
48919 72199 50163 75442 82276 6067 6575 74268 5462 1738 11887
6153 16
42225 66858 74845 99823 66107 84343 75433 26120 69519 51064 16235 72700 21525 60960 29233 9862
2611 18
20379 72537 97483 2013 85641 57813 30014 35787 52184 29626 42207 20784 75980 71017 46689 55573 2252 70329
1048 15
51088 48944 2777 80509 35936 93924 87605 2719 98940 26530 94677 73942 36777 46095 40363
1920 11
92944 41403 23506 3934 72215 68831 16968 76614 80107 43813 8163
555 15
79265 57518 37310 22635 29340 29929 67932 11256 35007 81758 83947 13054 26049 52206 52560
4775 17
39341 78072 85930 63833 80663 51815 56806 27594 18438 44376 82844 76773 46064 22934 24571 75465 40231
9115 10
30049 73107 99066 15537 52158 83362 70085 23702 58069 90641
3892 17
99035 36386 94948 62900 98800 67317 71082 22403 53692 80893 32622 12462 87941 42265 92764 86775 730
3243 15
90145 88483 86477 95605 87999 91479 36187 85091 36767 23264 85995 22446 30365 81520 22565
8292 12
33785 15794 76710 82207 58452 5718 20775 22809 47616 58975 65744 67701
5761 17
19707 82127 82537 22202 13204 17367 70757 59747 7101 77951 58793 51586 9465 83633 49440 58848 84117
5105 11
63294 86497 25937 62790 58870 11408 66158 5269 43200 23803 33920
3580 14
54485 15914 26308 68291 74033 43312 88651 94672 12403 29107 47553 93285 84211 22381
1176 12
17553 92171 91262 85015 58895 35942 46632 57842 84570 38649 63336 80163
5379 14
2764 75619 89115 81143 88736 23465 94105 76487 64056 31790 7914 44426 64738 53520
