1033
1161 11
41509 24904 17614 57095 35684 50715 83258 47289 31630 45754 6615
8178 10
9401 81080 45833 4923 96730 53621 50677 40436 50605 40020
9218 11
23172 27311 68963 89612 71906 41448 70639 50339 24201 35538 8590
8149 10
79950 87508 11281 46288 71560 59349 39297 16863 88199 42728
4893 12
28005 75560 77511 30989 30105 93129 37160 45773 96674 56984 4774 29853
9540 10
76067 69550 40796 64100 22506 15348 34381 3354 99580 15073
5065 19
28614 71471 311 20130 3096 63892 77520 9950 6870 99038 32542 71880 28703 62380 69453 89812 40458 75917 99758
381 16
83622 64923 75098 86835 13349 17315 41769 26995 8747 2754 40665 7 3837 97925 23543 78218
6915 11
39955 94434 65488 36036 85197 85422 74797 29988 5398 42644 71522
9918 10
71772 47523 27484 83949 63551 14457 61821 79933 49584 31825
7010 13
3374 76342 32844 76992 6527 36326 84419 50049 73618 7866 33506 88013 9494
3729 11
2650 91787 83971 62809 95081 15581 52186 92769 25485 45274 11564
1427 11
98986 40047 56741 16915 8827 7576 86916 82504 87619 36020 75006
2044 20
39554 69029 27066 25945 92294 79761 7230 29958 69976 89068 63471 64546 71861 63723 34336 2766 90947 73699 59429 84863
7491 18
32661 60681 24104 29611 67568 14389 89044 70505 75423 25513 39743 21049 6316 39338 43424 8221 48935 69142
8181 19
82963 39996 15098 76450 34337 29408 45999 80560 49564 56979 7259 83126 52171 37489 59532 74272 23141 56597 40430
4343 10
98181 51840 27144 14267 63682 98499 6854 2801 30423 7638
661 20
48941 87312 25973 49350 31489 55860 44823 32402 77606 15297 83190 15973 46618 41272 26557 5110 86001 50977 66405 9112
5835 10
6703 24979 78040 30382 48697 93577 93568 73781 89745 67862
1133 20
89093 67618 35861 21741 41625 20269 80544 48670 23940 20708 84375 4635 41188 87020 6023 50898 23045 24559 22869 28103
1949 20
24096 18968 82966 5658 99686 75188 21318 63589 71256 98832 52845 99572 7767 29512 46254 1416 77607 96757 41367 2883
53 11
45897 1061 70968 56156 61098 2478 19871 60488 42293 67042 27198
6977 17
66128 71114 32393 97203 32183 70449 48057 75975 1942 34286 26326 99006 50143 99975 16614 17293 70124
9692 17
991 90107 94674 59362 89000 4046 38246 70740 10196 45235 53196 17138 49181 12574 6893 44492 95232
9548 12
5328 33079 79741 42365 90100 12593 76966 87321 49282 2920 50610 65341
2161 13
60933 35535 42313 8541 77726 85231 79403 33316 27813 54735 29731 11177 90603
5569 13
64850 34230 62797 42224 84254 59384 9565 3796 17805 1429 83966 54440 49204
2144 12
7776 40437 65933 36485 37470 62673 39234 2623 18220 83373 59023 8888
7285 13
40018 63576 73564 69891 26738 89313 83724 24772 5389 74374 81492 65547 11089
8917 14
38007 42526 65614 40941 3456 18745 22365 60134 32911 10177 61097 6604 14901 39083
6636 15
997 97223 1816 71874 5454 54092 42641 34089 75695 60066 47982 95361 47875 88953 32592
7175 12
66907 75263 17709 28784 39305 23413 28230 96386 68888 4082 14897 55577
5020 12
72364 28296 56306 24078 34753 61717 97385 71679 84053 23908 70976 11335
9265 10
91487 67953 53397 82736 33298 24823 33897 48707 58858 68331
5252 12
22191 69887 93958 58442 57648 43213 13382 61595 18168 83512 39537 72222
177 18
56212 74013 32108 95196 35086 79625 68856 24856 58838 63728 86060 58466 38787 722 41033 859 56541 45612
7709 19
24499 58854 23021 91415 53259 88615 71892 6194 78733 70512 67654 9816 28069 56021 99195 69407 37972 80735 17174
3868 16
35657 15235 15483 8246 20585 71860 77797 48204 36551 88866 78867 93556 45565 14853 38492 79373
7076 11
6424 14181 18364 38997 50088 16937 18119 29780 57314 56881 90988
8728 19
71936 33260 56671 10134 72584 69082 50050 87702 35881 65433 35203 73194 74978 32405 74374 47730 15654 18116 81479
4193 12
82470 8596 16068 29869 52011 97482 99564 51587 58278 34675 24403 49397
3342 11
65979 84123 49654 72979 39507 52081 44990 9498 9122 4931 96178
1760 10
14830 22422 58487 39132 5901 49620 40929 28953 82880 46805
7071 11
32802 54358 40860 49768 83596 83688 61317 72570 93910 28620 67657
8392 15
69215 80643 41824 29951 42060 96946 20066 2231 28228 95714 32513 99981 96203 36885 6519
8738 17
20614 89237 2052 34438 68221 1081 46844 485 42857 47390 33701 92795 10840 88550 36519 69069 41936
1024 11
32114 24268 22368 52032 4972 58408 38759 82442 61721 68426 20277
350 12
16689 28363 63551 39345 4757 43238 2565 77936 10810 8204 34408 55647
6960 15
71899 72698 50433 6247 54459 67911 19748 38352 82588 10844 14405 99689 69862 36781 61486
3394 13
15939 98924 2863 39436 95135 10310 10938 58482 64967 93786 54203 81118 41598
336 13
68306 35413 45101 4018 33376 20031 69547 14879 708 95097 4456 78480 72530
7555 11
80645 59433 9913 28735 34991 98853 49271 33388 62262 31057 93960
2881 11
13893 80716 5967 25536 17468 90360 96993 43130 76033 20498 92110
5589 14
93461 63705 59911 16716 8447 41680 28172 30920 7436 18607 59009 32515 68026 99825
8449 14
80146 8130 63841 14558 20646 28274 39740 1067 79160 45138 6551 88496 18333 150
2737 19
78710 64827 77444 43703 3905 33748 31512 9560 1780 89450 3325 40330 46156 25708 13839 35484 78758 80130 87118
8285 13
15191 45320 34260 57228 77979 72167 13554 3807 93030 80043 21592 96181 51240
4059 10
3166 95569 23918 88056 12229 19054 50230 62569 86716 36425
9667 15
59887 70655 90180 43833 16180 13401 54762 66302 36504 50609 56222 94791 40011 66630 20501
3775 11
44989 26001 69614 51345 70629 29432 853 61795 95886 51774 2655
8958 15
35279 60861 59386 55120 9150 63505 19992 60567 37144 12006 68824 406 37090 55618 56082
2904 10
19713 55723 60058 31835 91335 42921 43181 27446 94923 54135
1432 16
43667 696 74840 44014 71266 92158 84417 39239 63003 4996 39998 35888 67751 26297 87873 1554
9787 10
22920 89953 10500 7021 9694 4320 10729 2616 5200 15218
2469 10
27590 60170 1645 57522 9735 44522 67973 87765 97430 87022
7914 14
74671 81934 1456 49133 57089 66882 97637 96940 44292 16138 74167 46977 59744 21151
5311 19
52285 82953 41168 81510 88308 47594 66267 5980 85283 56186 27 75001 73422 26765 71301 37385 40337 31674 76763
2652 17
63502 9734 65446 65701 81516 91425 46407 67212 48851 15734 89908 63606 65834 44178 76209 31093 22805
5227 13
46717 62742 40790 7672 74622 56598 47732 83714 93187 33407 81167 20469 25082
9027 15
57018 66363 80014 58873 33279 30917 7339 7881 32154 65839 96865 87363 672 65327 16771
79 13
20294 15601 95827 40712 81522 68010 75224 9743 5547 34003 3069 92238 17409
3318 13
76786 58059 15194 43084 69979 61006 22250 1598 32281 94732 45513 80271 86023
5968 11
34276 15547 17157 25980 92878 45326 19106 72515 53808 52656 24225
3837 17
22974 98230 27601 77605 52789 89564 9470 64117 62685 64520 77213 81538 1730 91342 76390 25504 48163
3525 19
60690 39839 9648 22992 53202 89782 88124 26248 33222 28338 90138 11729 54655 72796 97816 5122 4701 80204 99793
1045 20
25087 95978 63622 90560 17105 44114 20595 20566 21886 77344 41485 54028 56316 29992 39892 38313 43439 87873 91949 49560
9985 19
18118 81477 4521 57997 13262 27065 352 46976 5474 86708 39791 35989 95315 94829 44342 81469 43277 31641 71651
142 10
52504 27708 29870 70926 25320 72905 23765 41397 44876 69776
4535 18
69520 25667 58582 4879 77091 28322 66425 36600 96236 59703 57008 60973 81877 17603 7516 23752 30949 28816
2890 11
58072 64427 58129 60955 53382 8520 55383 87869 58257 4120 59460
1634 15
75776 5282 69902 18305 87092 36241 15323 90605 57740 2981 48779 34392 774 24468 42058
6550 19
31067 11530 33058 94970 97138 10051 49892 65313 97857 35700 63103 12759 7958 57286 93066 85050 80912 57527 16395
7120 13
92811 55580 78578 32987 49243 86758 98211 52987 19466 81466 84236 58277 46518
2414 11
97573 7645 8296 80871 72821 67102 85993 61711 17574 3831 44723
7838 17
41456 4101 76370 81182 44332 23853 32256 11511 59223 34832 44970 67961 10875 34154 80912 3645 23441
2541 18
79040 25662 73929 12444 32094 23352 12038 96147 54239 57554 43459 41831 98796 59039 19302 29965 14967 5197
8591 18
55863 31112 79328 4367 78446 84079 30074 31632 50910 49613 10379 94483 60267 64419 2595 60237 92938 58214
6976 20
81336 89056 97336 97119 32712 92586 11231 92699 89120 74902 56081 66507 80822 2163 69510 34239 64849 26150 60936 33516
984 18
5364 20155 38364 55512 3149 62866 64584 78657 43392 10131 43599 67207 29093 98443 3243 26821 73305 99627
906 12
44052 11604 87150 51287 24241 60103 28069 36627 2770 73612 75208 46263
6552 11
98327 48108 36610 77714 29763 19712 85318 5278 28312 24213 15049
4924 18
48782 56151 87012 44645 21951 44115 93078 92541 99110 66749 59614 13354 33792 59889 66609 71417 66797 6532
5263 17
15260 64389 21385 37405 34601 38744 35600 805 41725 73291 83457 63602 36344 27573 78398 32725 90365
8663 11
9850 6134 49876 38608 17711 8726 60655 43539 56195 97554 87246
9160 10
4618 3972 96777 32719 31683 73769 86929 89403 8302 97387
5172 20
57499 6742 17102 71104 45727 57587 40985 22553 51447 4624 78612 863 67828 52269 70466 24432 52564 8430 32583 5955
9097 17
96626 98423 66826 95707 94747 3785 79677 9902 68480 3683 69480 19818 9544 30544 16676 70185 85560
6916 12
72127 70456 11809 99970 52775 69602 41285 30454 50484 73880 28824 1234
6370 20
33734 46583 32239 37690 18097 91160 93433 93870 427 34253 94898 88380 84683 32566 43840 3501 48312 60385 25601 40362
3981 14
29189 15513 11556 34633 53195 47001 16378 21890 24824 29157 8408 4900 51948 28564
4660 16
39466 49130 34629 10404 62952 49197 75421 6364 50666 72867 82664 26081 68486 53046 18015 8268
6517 14
68098 30237 15326 96553 94997 54157 48405 56846 47637 21435 99325 69713 82125 77181
2798 19
62930 13972 55073 74714 24639 25320 79291 5547 39151 7485 58337 90997 28463 46101 96876 51701 3363 2298 36023
3883 15
44369 73083 48709 52270 42944 97903 73176 33589 81808 60726 51928 45299 24416 99574 22713
1316 18
8399 40854 31724 11195 53426 2024 54062 47191 91966 42573 76036 16101 9602 88579 39821 27652 67807 16199
9305 12
13544 67681 94107 8333 95658 90253 82515 44751 62607 20930 59824 61850
8582 14
73331 41460 95124 31680 60342 36499 78272 90971 91550 83989 26310 49047 56004 36362
7511 14
33910 31358 56141 61640 8434 75046 16503 60278 76480 7833 59683 86698 71537 77109
1458 12
69893 25034 26866 84185 82976 82004 20711 96190 9039 57706 35673 18413
165 19
28355 6338 76135 77458 56855 77356 37089 91426 82111 70232 57068 78531 81958 78600 71402 51720 33518 88798 29967
3794 11
61049 77809 73939 2033 20429 59590 64506 67482 75484 90603 9590
8792 12
20600 6357 22102 70303 38764 9735 54239 54232 70023 19539 89532 64469
1349 19
28366 82237 17539 42110 94002 32056 19353 74174 22375 11511 45850 75381 86640 63894 50069 56202 8164 44508 75694
1550 17
46278 95024 53781 76247 68279 27391 96794 40400 9830 39689 33528 55633 32205 94711 18735 3571 38858
3730 10
53438 68549 77932 71144 87049 86078 12766 40837 69943 54628
5426 16
19950 89167 72585 5925 48107 8856 80783 45328 28081 75702 51907 68419 80817 72459 55517 94840
3919 11
90734 40245 66590 89941 94347 1184 21917 4461 15819 56056 69802
2006 13
94498 96323 20664 3964 88446 79411 36998 16873 27157 75657 42790 96719 42447
4919 12
6006 74860 92830 19554 60469 89104 98753 76319 30015 24316 82160 97559
498 15
38688 4651 80075 75135 77897 72849 90223 85390 11241 74383 55274 14276 84687 95302 64733
6143 10
85209 24134 92125 7701 31317 30869 80557 9630 13865 5386
2366 15
49331 39807 1659 65455 51078 93864 77114 1973 60684 15075 78503 49368 31925 6938 90125
4951 20
83976 17051 47056 80866 84586 60464 60946 68640 17168 81802 54317 28703 9077 99435 97325 96872 94786 4648 58531 79988
3548 11
7620 85798 40089 98495 43615 69461 15037 49240 18494 62046 72581
7881 12
30489 47235 40758 94115 69356 8436 27882 50018 30549 12040 95013 29647
3792 13
75482 52065 92435 47166 8578 66718 9826 32753 82939 98249 1767 1063 52854
9053 17
40703 1638 16455 71014 87880 85879 47051 60614 5280 5886 62941 99762 76721 89802 55265 21702 22199
4058 13
46516 46267 62267 84900 17426 56871 29557 53443 55020 7336 50042 7826 27207
8749 14
96812 48870 53059 61553 2101 7714 10037 24714 65518 13284 301 17543 62911 12262
2770 13
82834 38940 71010 70380 90269 81100 65761 59207 39826 79297 29312 26100 31747
2394 19
34607 94214 1998 47576 96142 36757 83514 40639 25967 12871 63799 6758 43263 73569 20575 95029 36193 9796 29201
9108 14
69876 44442 42463 87785 5784 97664 3767 67184 2947 10878 14044 45545 21047 85237
6340 13
8151 46063 60207 13455 94994 83042 4957 9906 35977 53228 60749 60536 56010
417 20
94957 53611 54617 96586 93582 1989 6910 35858 275 15324 66048 10368 24763 47041 60189 23860 99685 42052 95889 67351
5458 10
21729 22777 75330 98 4456 29942 80526 54394 76266 98801
2664 19
84514 73448 47589 52093 69525 70202 65434 60287 54995 30059 80596 39531 57718 31295 91693 47150 57976 73485 96111
9562 10
90086 43028 78801 6065 17388 73374 54582 24074 82933 66324
5107 10
16207 89436 26124 42282 99782 71935 25261 91670 74495 90546
2359 15
60259 63497 9508 55889 28632 14067 30503 98686 20678 83803 78319 12451 19053 52615 85810
3626 18
48568 88247 43673 83171 93140 12872 35013 64512 97070 93048 18769 71046 44095 71871 51156 36207 60051 47103
5890 13
51014 54564 45170 21303 87132 86418 38068 2906 74252 21789 6903 59698 60359
6739 10
78605 32314 54695 12013 56487 50698 49017 32677 60521 22177
1899 17
1716 58204 57857 60303 62989 27669 23284 20237 38591 18414 54589 9339 93748 3380 42150 32672 25893
3025 16
89152 795 16177 13068 23992 39219 10714 2813 75910 78581 25569 78860 33754 12837 62511 14804
8543 12
418 8552 76542 40890 8755 26499 24849 13968 8409 22740 48140 71101
7594 14
70307 10648 72978 18157 84674 75342 74153 85279 37384 66250 29280 48297 89472 68793
8005 19
66483 69565 58998 43568 22715 63014 54867 7518 11769 59779 38757 2171 80374 50403 75201 98798 63729 44049 71358
1296 11
80466 9005 26826 84642 28937 19174 88340 88752 95303 45191 95991
8314 12
8642 26183 2974 63791 56962 3608 15104 49592 41770 68776 41045 13404
83 15
28287 31628 96069 13463 68141 83179 41578 73003 65409 72666 43912 85294 80483 17989 20825
8283 17
75797 34666 81890 96375 29584 21288 69572 52552 94482 91275 93624 93762 77395 778 84177 75951 13885
3470 15
83206 77800 56067 20558 73037 33836 98740 72116 46955 78132 88324 23632 20222 44068 41087
9285 16
5962 31541 31286 65242 29181 78262 31449 22749 57207 97926 41747 95510 47155 5194 91577 8888
8828 11
98048 60340 8643 60793 54634 20517 54746 2725 73633 32078 3074
242 17
20744 36153 23468 45438 19002 17280 89742 395 70018 43269 86949 189 48235 10942 10820 78106 98978
9294 20
97076 89243 37909 16973 96726 747 68640 7009 72711 33522 42080 57516 23597 37479 48181 42870 54341 57295 59429 87581
2402 11
2946 92810 22988 47570 12370 26911 17679 27663 32211 35838 56326
9733 16
90923 55543 77857 25678 38374 52738 16989 39173 48043 58337 55530 14939 58005 73503 46377 4715
7995 17
78404 19974 95027 30852 25285 76518 7514 72285 28990 5768 77993 47295 64041 74621 38128 96627 55364
2722 15
91360 98911 75712 85352 22626 30535 89796 58239 63545 68648 75932 91586 2495 72772 63596
9761 12
97918 74259 91084 54689 28058 87866 3750 97684 34675 91986 61586 55044
6538 10
78623 14029 11118 8287 14933 63790 46525 80291 70242 44112
2830 20
43765 2816 11521 85802 50999 24754 93477 22923 73779 69904 62515 27169 81508 52506 66058 17347 2023 65030 74125 3571
7363 10
91931 15437 41293 40816 47600 30267 2051 2912 16559 80638
5635 19
86870 60210 72732 32143 71504 58156 61221 43377 25642 13394 21248 94606 54205 57236 85062 37473 76916 50090 23086
1226 14
44968 233 77342 44775 22973 96907 86281 64032 62617 94276 95939 46361 8998 75758
8536 12
46383 69885 22722 76757 59880 24795 48124 37942 72420 29653 96280 47251
6215 18
4949 11421 16553 24129 29973 94148 52762 4744 45216 23386 17113 56408 67089 94517 2140 14576 49415 96662
2610 20
65479 77032 4174 74761 53356 49113 7820 52297 48043 25060 89240 1382 39325 66708 61304 30494 10458 11071 48745 71113
2297 17
54343 72402 32352 98491 5511 61759 42504 70960 26037 48161 19238 67018 20451 74118 6718 34902 44219
657 10
7188 35060 18766 62073 39742 28948 42847 27863 83887 56560
9095 14
3621 12473 93109 18313 37934 75822 17192 72812 86290 92928 86613 49484 14246 20395
8691 20
48126 46058 1012 87419 78477 55052 15480 80049 33992 50247 78715 18437 20152 35565 29434 85175 55714 15371 11153 59290
5765 12
4691 21176 54227 88576 15756 68457 37791 66855 6430 65957 89199 86956
414 20
58203 57632 4391 13209 3857 43849 35170 11876 134 30257 55000 72431 47195 12491 82540 67594 98692 61099 75477 78367
7293 15
14667 49312 70986 3704 36429 49885 78972 12574 51647 39981 57054 14763 13465 73884 44087
682 16
6927 88473 57490 93357 68424 32681 90207 45690 47847 33000 75338 84194 3557 97980 67458 44613
6079 17
81771 76709 22024 15659 49 16853 61223 12844 80276 26665 77000 72673 36151 97034 49798 10997 51612
9507 15
61625 22639 37861 82357 47750 43700 50520 76685 426 38469 84733 107 13243 46675 28393
1181 11
5320 28042 27377 4193 28899 83554 29214 12567 92124 78261 74718
4038 13
46822 42184 8676 28298 55901 75852 49080 81515 52765 95365 46611 42005 53368
4246 18
79660 9858 4405 84822 23821 8708 38259 59780 66005 67222 53527 21451 44035 32000 75618 81796 42037 64689
4083 12
1959 71983 17715 50999 23437 16089 52309 20469 92141 43990 3262 67135
5202 18
60356 31782 65496 19273 84690 18250 84619 86155 62898 97824 34541 21096 87187 58369 24818 58381 70761 15311
3742 19
22010 19787 38617 40542 24138 98741 34927 57230 38515 10046 93305 12235 39609 70768 45008 90056 27890 53473 43408
587 12
14665 55872 73207 5159 79343 56129 95174 80208 89899 9451 53810 43069
5857 16
40680 94779 44471 6504 99699 7444 72811 22716 67607 86694 65193 76320 85184 58643 32808 25390
9643 13
89827 20495 46820 9887 63647 7922 74217 80901 10389 41542 77608 38126 52650
2331 12
99421 77431 7728 47495 78051 95845 67429 35191 99841 86018 82730 79548
360 10
51762 9390 19893 80851 77074 26241 80824 30215 18869 31367
4645 12
23371 14428 63969 8274 87740 43472 35526 98861 95329 4785 81895 29448
7374 11
48047 10934 2415 6900 57807 70232 78046 64289 14252 19773 73362
7280 15
80899 93565 38742 1658 6392 35081 88372 55355 24479 5116 35778 2535 5917 86327 4380
1033 10
22592 1227 35336 35570 66969 20678 32089 54274 59925 80585
4138 19
7028 17444 97831 16048 45495 68663 55497 57207 45568 74424 37046 92204 96595 41421 59332 67693 34073 57000 6958
2567 15
8448 18612 71812 48742 20741 47761 30691 36475 17752 96810 15997 63381 72348 72801 96368
6378 12
50575 2759 36286 77298 25257 73365 49726 11653 42644 63749 97554 85709
7839 19
80364 94038 16484 66130 4628 56161 24635 99122 33866 33645 25222 53652 60653 74508 26812 99997 13704 25682 67734
8982 16
59681 5325 76643 79323 66278 22153 47826 64244 87726 39197 89082 80064 86490 20310 61247 60915
8583 14
22901 21766 28357 94958 97288 54188 83367 7195 30257 37866 38871 32317 49025 86018
9092 14
70866 39395 33002 27133 52279 14736 50047 43902 56179 83350 59636 14305 61446 4727
5348 19
2519 16521 60666 30289 22038 63951 21795 6144 27669 37958 30371 44592 9820 43951 42335 70428 75228 92159 44219
9934 14
85896 48939 61475 40644 12599 33290 26078 76048 31611 13865 74498 62769 42785 50954
3467 11
56363 90590 36992 89685 28997 4713 48225 8128 35798 7214 78552
3418 15
19757 92780 21134 78891 4314 8222 98243 37794 39322 12207 65342 67750 96870 28143 48325
8095 18
90214 90909 55875 28981 6228 47435 22232 16669 56953 17722 4572 59218 92161 93111 66163 80424 13218 73611
2783 18
52842 14714 23568 93047 42792 63986 38236 86454 85089 50528 71281 441 76368 56288 95945 59093 17055 7560
6871 20
31515 12282 80127 40071 47629 59246 75548 36149 599 87851 67662 16615 59306 42836 74615 74736 66013 39044 21581 13601
7104 18
88759 31313 13281 6640 92978 52594 61556 11303 2984 50761 14464 87687 80549 86511 54403 72320 71194 26014
9647 19
6639 22523 29392 20992 36307 46419 77077 15121 93830 25354 36874 35547 69201 25514 24037 14951 95318 3723 47109
3552 16
68779 85967 42 43720 31819 89918 4127 64890 69434 77022 15879 39157 12167 53591 46670 58989
1557 17
3194 5543 23157 13668 5566 85028 79620 8127 64895 2858 60485 11168 657 49134 24504 23294 69284
2440 12
52280 51054 36019 17250 273 95621 29022 32503 48961 38466 44569 95859
8758 17
45583 57507 17985 18403 13373 66675 95727 77120 74958 5445 51760 88026 60299 68057 24925 49244 36492
7984 19
27980 78896 88120 57104 7690 57279 44930 55615 38861 40900 6981 91557 59248 96995 83098 97991 60574 98660 56008
1028 10
46773 88525 48004 4225 98360 44539 6622 92049 77170 60552
6886 11
31876 5969 98641 73537 58564 63331 18228 34128 27227 9162 96184
9971 16
24796 183 5995 96296 49050 43708 43009 1694 39106 49710 16829 94187 35042 29304 77332 25659
9353 10
37027 31682 70253 42507 20075 93341 53825 81804 78811 4698
9676 14
93929 68280 70745 14601 92518 24654 43234 16635 24519 94138 14940 52718 89472 96170
4011 16
56544 17556 45199 27377 93247 91863 27333 91367 62780 25444 19886 71497 64750 84344 95834 37512
6285 15
96251 62169 24073 10892 26159 32485 10521 41241 93151 94245 86520 86974 14578 50044 83809
6054 10
63110 15284 58795 19734 4824 4114 69265 52082 56202 61539
2110 14
1347 61289 86964 21009 24868 39568 34012 89707 76856 26358 51188 59501 33033 91268
7731 18
71930 30295 72130 74564 70586 54980 31608 32855 6507 36559 4279 52336 19993 22107 89097 53230 3217 63158
829 10
2020 87347 64598 55346 71741 84083 79013 57872 11202 26965
1737 18
11483 75599 75184 7055 38352 1912 35667 18610 24216 41108 39513 75169 63090 10209 74518 96574 28258 7610
2760 13
78645 93269 78331 89490 64077 30126 26113 27297 36859 57304 64610 16929 85851
1924 12
96748 84775 43103 27490 21520 18224 83603 14053 93873 51494 25447 97887
9871 14
1601 84703 29061 15552 87836 58231 70576 17117 63085 47617 92079 15113 80393 21955
2159 14
95876 11073 73915 5738 42551 99497 5075 7283 37790 3137 4601 26220 20067 47592
6396 12
28919 80236 16288 14995 71240 49992 68119 14039 67310 10810 72098 53076
8628 15
90841 47784 78777 10086 31738 92518 58598 44180 19720 72673 25297 70325 63623 15373 34688
8409 17
56398 30021 69191 70955 98392 65606 59291 82810 10599 19868 16772 64630 36205 38604 38887 86197 66290
7946 10
58690 10678 36226 45497 67998 4421 79434 74419 36736 80630
1356 20
49706 70779 66975 83283 15920 7850 89796 56979 52190 61543 74453 98328 63860 40507 57786 73445 1718 77787 74656 13975
3955 16
21941 21980 96437 13169 87897 9607 76480 48803 20670 88248 62354 77965 6022 38251 63838 48400
9168 12
78390 5391 5688 28484 26275 22703 34540 96405 52598 81278 643 18334
358 14
99987 13196 74558 26921 25027 69733 82429 72306 80552 92882 24525 61764 17648 71018
5931 15
49252 99511 9728 65322 96836 40080 45909 44063 27522 71799 96216 49678 33896 25042 17093
6235 20
54675 89751 51514 33564 14188 98310 21213 2510 23126 78483 27975 10813 20599 67868 16201 74048 44347 85956 89434 43368
7512 20
13473 35094 32530 90572 74 60390 8122 88722 25400 45226 26310 64121 2705 76456 76140 64757 50160 50060 93792 63912
4319 12
61789 92950 88250 5288 24612 49885 28815 64662 67521 83203 31577 7365
9060 19
91847 85768 78524 30539 75184 49125 82115 73534 39421 15588 17460 2832 58438 32288 28418 3631 51498 47744 21954
4265 10
54609 38289 86119 88057 61731 19267 41108 43685 71532 92124
5091 17
44496 69124 79615 38037 89906 31388 28866 25414 12683 8330 10382 57384 88734 21570 39856 28304 65945
7327 17
97546 91198 72011 10089 66385 5377 2444 50738 80916 62968 69788 91892 85856 7209 89861 56397 23059
416 17
58698 27052 96196 71411 61397 19674 84065 80870 78548 57140 10280 97542 82929 348 1508 34561 85782
8887 18
19827 89506 96383 74971 69321 41297 73556 12560 42539 63045 45450 67211 80223 26988 6956 87881 19482 50060
5654 18
58774 83268 59164 80070 55252 47669 3479 13720 42559 26060 26456 87670 49319 8560 89846 10907 3565 94010
4364 15
21995 34699 70129 15208 61301 36672 24242 83347 94136 30905 33386 95358 34216 7404 48440
1224 11
70091 46850 70152 61704 40119 23191 7351 56486 45202 16614 625
3764 20
51167 71135 60695 26712 69583 56429 95518 6181 83190 60792 89748 33508 85103 75741 86064 6290 84960 69806 4642 76664
5437 19
62156 75118 39244 58359 40517 90727 10326 78972 63416 94845 29133 36537 84137 70941 99313 37541 49865 46209 19419
7963 11
9705 79522 28370 74147 74649 66573 89191 25831 49736 61205 63912
6241 18
25240 40462 36531 66575 48146 12416 42960 21600 74814 66639 40351 54471 61451 31889 13562 98014 88617 86442
8056 13
63827 75487 31110 34361 35890 3561 96476 45770 24457 19817 87430 17128 28167
479 13
31568 65438 77731 9176 13011 15780 95650 90023 95716 70053 4191 98692 15992
4278 16
1017 89993 25418 71572 60842 99700 72711 25988 86558 71948 95136 4872 67135 84134 20348 54399
820 19
52153 30251 97361 27479 17999 81969 60338 8452 26664 20672 83119 54419 82097 44633 86250 44370 9376 88971 66360
8791 19
77912 68515 40812 99958 86695 7772 7524 91907 70762 58323 55805 10195 32205 5851 95022 67079 73654 27407 89708
2960 16
55584 87793 86783 57689 34976 43250 81236 36144 51282 12111 45342 50442 73536 45574 63754 93223
1420 19
18028 88102 46426 76512 26410 72371 28783 20791 11526 74425 89894 27803 24206 80524 24401 39276 1597 82035 84686
1476 17
67602 72019 47921 57158 67690 71712 80283 96318 36162 86219 1961 75901 81097 97603 97715 19419 62389
9423 13
54992 5340 22882 73513 90895 36085 45286 49658 29518 87100 36838 23440 12736
8773 11
56192 85276 57468 17779 75291 13380 36647 89908 40334 5104 33557
8696 20
45104 44776 87902 38304 86267 94634 17085 89554 3876 35619 77630 2284 82092 78115 24855 66416 82577 5076 65791 42488
7804 14
10549 42228 90637 40986 30002 71461 72232 65230 30785 51995 50894 3827 79845 55552
6979 19
89839 32591 40294 25493 71246 41474 43631 41412 21211 57859 93347 15498 71799 30325 18600 8991 3425 22906 76206
7045 14
67035 43027 46945 15855 53886 40769 17983 70445 50528 79991 64734 48410 20267 30104
61 16
30734 4280 99911 22628 270 10448 91434 26630 26401 83635 81777 17897 91850 78493 74641 38128
310 15
56999 58340 83307 9345 99948 2192 14930 17185 18449 22665 27463 91758 75665 53010 47216
201 14
41939 45238 55418 16015 71506 36432 22782 71461 97865 59402 43702 10122 9003 37292
2590 20
70859 78111 45635 37688 59603 54953 97615 34053 83513 58315 29997 5742 48875 43951 45069 24522 66541 90452 81087 42927
6772 13
19919 62509 23500 95671 24112 75938 86445 88834 90050 46842 45113 95512 68161
9710 16
6781 2326 20296 3849 35928 81390 3434 67212 30201 56679 31160 983 93727 75325 74772 63170
6745 16
62429 60746 780 88542 47585 35824 44584 85155 52664 69744 26657 42366 61366 49435 52174 69730
2119 16
95209 27592 40627 84550 88212 4940 12283 45675 23288 39745 93238 47154 76818 10162 34485 59456
7601 14
60839 9712 30420 77438 48744 70028 46716 51149 31394 44649 16892 4908 83421 89117
3313 19
29810 78315 55400 69247 76838 39101 27001 16056 15087 21240 61534 27145 29372 86764 97791 13500 54001 15393 12670
3174 11
55243 76063 97211 23790 40849 19332 15100 46174 99106 51774 72204
7143 13
61091 71568 81037 45165 82181 34953 20580 4712 90787 46194 55892 35678 33208
9752 10
3775 27738 43989 27133 5944 55576 97353 51247 19038 7306
2819 16
3543 84131 11173 84230 37410 53398 49564 37738 73219 94870 70051 75810 30728 66875 43177 43189
1029 10
79024 15258 64097 2582 7468 25966 19794 90196 55391 52505
3597 20
95110 76133 40462 12667 43268 11413 10118 15572 44464 37962 90138 30212 43181 73670 84345 26650 90342 82493 55285 59146
8050 17
39647 70363 12728 68239 24179 18693 36105 37194 63540 42059 813 93694 50751 3975 63265 88971 78373
3267 18
31347 74437 21116 6432 19951 32154 39327 74502 32751 54747 31974 30344 73566 16456 37906 61801 91120 34595
72 19
78903 86298 46450 59615 48253 12452 11162 4881 4102 89314 54942 91784 91093 17698 38635 60433 16099 63639 52737
6464 18
71231 73743 7568 58880 42483 37271 70117 78557 88610 49221 7421 84763 73781 66338 42093 51166 19163 8972
3428 20
69864 51354 47401 36727 44929 49856 612 49358 28439 71379 88298 53296 25787 97430 94797 87468 63123 56796 39161 61709
8124 19
17381 63901 24203 60124 43674 73964 96909 92010 16017 77569 91445 47515 64953 20796 74777 69653 9262 42355 93906
9061 10
6237 97758 6623 34454 40717 14719 47228 97493 42091 36314
2143 12
15678 18889 34395 67372 87144 21511 17145 79592 98833 86761 21501 28330
9963 19
66242 13534 51392 74257 23537 11101 54749 32448 43895 55717 13159 34741 1914 99824 27003 47722 3471 9928 35723
835 10
17674 50444 48122 37860 91543 47344 80918 1114 52667 41540
6253 19
51545 77863 71436 83025 98355 25956 66108 43682 10342 34810 98882 81202 9713 51490 56995 43797 51496 1822 96307
6468 20
45359 39842 84678 33024 70998 12308 38772 43956 6743 52653 60710 5418 2730 81275 93445 85490 29476 15038 3664 68680
237 13
67478 31849 80910 82791 48154 91842 88352 73477 7343 86725 95786 12804 62161
2200 12
88829 71186 65165 99833 85916 46567 15714 48075 57766 20587 9436 98647
8530 20
5892 32631 87719 53582 59089 88957 11503 98024 26138 16064 81373 2304 20859 99723 42760 22968 19448 96213 27044 82458
2923 15
9779 3340 20732 78873 84721 54171 17764 89943 49587 87908 19756 64384 51640 87323 9340
4813 20
33141 80938 1619 4381 53605 80961 44893 79227 94508 33887 92336 61968 48889 56513 40613 46409 81110 80023 70504 4925
5948 13
80915 42117 57115 21026 62993 73319 37934 50950 4378 94212 33742 84791 28857
5193 15
57071 60938 74255 84756 69331 32326 55715 28848 89721 45002 31968 78377 21798 78706 36532
4717 19
2654 43891 56201 36568 61563 51880 86264 65413 67252 61195 29078 68665 3319 28190 26828 81351 49956 12998 79767
7445 10
80625 54006 15917 85554 19351 34472 80365 84320 15716 33977
1830 16
36419 67032 5094 11193 38070 19379 87850 20012 84167 23345 11233 49157 99555 35453 26905 36071
7666 19
59732 10829 71368 62577 57985 83744 43543 69744 23158 21917 64442 74893 72848 67198 4587 12676 6528 35764 7657
4871 20
29616 42134 12492 79041 2030 920 55914 58146 18945 52743 68337 17652 50357 11543 98377 10014 83073 72701 17164 66996
7201 19
1870 98275 71207 46664 23777 33173 75421 7886 71365 95419 2668 17893 5891 97303 22662 54759 81726 76802 38846
1940 11
1935 17064 71444 18210 23551 83694 37971 90017 60753 8102 9662
3050 15
17096 7507 80440 31709 57053 89911 77035 55851 41617 69020 20053 63291 50044 14042 20139
5940 12
16471 15112 53777 12645 71407 13984 50640 30027 61017 5032 12566 9755
8824 13
22004 66680 95888 86449 56839 10212 65461 49785 42049 35200 87239 4865 20000
2754 18
4700 52108 98693 71756 65435 64036 63882 69218 86571 60594 64840 64367 35310 51675 81834 65303 70011 47424
2882 12
34255 6626 34082 78934 48828 16292 24478 7897 54090 130 83698 65860
6237 15
50591 96515 59450 57855 65844 14727 91042 10342 44804 39697 11327 85750 99963 35897 47326
1023 15
9084 97098 89160 94739 85591 27354 97587 51587 10828 43370 61112 55186 30515 83452 99039
5891 11
48017 25350 2756 89445 36973 33983 45755 26637 9692 61238 18676
337 14
44595 90248 2378 42781 21105 60311 60537 92183 12478 14332 22544 92029 36601 54872
1682 11
53116 95196 78983 21978 64179 15285 71806 3620 4814 30759 67791
8254 16
71939 12813 21884 13658 18461 67518 88947 59811 42451 51557 99576 82031 81783 10821 494 31572
5642 12
93260 94043 72079 14285 48781 8433 35781 49797 61093 12160 79255 66818
4713 20
47016 6256 15233 2430 7840 20958 42024 16018 4500 86903 15110 97498 79089 72070 70362 18798 344 55232 20393 76521
7658 13
8891 40645 55638 20970 47815 6353 25826 31242 48988 25900 16453 62112 82620
806 13
81762 43249 68168 61355 43442 71891 93536 91541 25022 2074 59283 77280 82846
4457 15
29127 89588 43625 10762 39188 13166 90672 87383 89928 72070 29944 52833 48851 74825 72866
6953 16
4460 2391 54548 71259 40597 46259 44169 13413 45821 6931 67642 29728 66523 84887 52169 46501
6189 20
60912 27544 72577 28025 77413 84448 29089 16253 99320 57806 80523 55154 27676 74773 73003 38508 75602 35114 35704 55709
6751 14
53100 53945 12447 9499 92329 84948 3186 97696 6353 82752 91002 57764 78367 46146
2017 17
20243 5622 94563 29367 97604 74179 75426 76967 23740 3036 17264 57327 59125 8443 62087 67785 14595
1137 15
94733 15617 23843 32799 53183 49964 73122 38498 52467 49198 181 75813 41013 89486 86110
2276 15
39529 75298 16594 80809 40974 53887 88880 49600 28198 50057 60061 83080 59168 43859 22235
1342 12
74766 14075 46270 57895 19315 86196 6330 67961 88043 34616 56297 63941
4614 13
38614 92694 80231 4248 59414 6797 11040 96201 44479 89416 76366 32798 90052
3148 15
36813 32967 41864 87563 23400 95340 20102 48541 21022 87166 69943 23660 71769 47631 63389
399 12
58319 36203 86560 59660 5704 55849 72616 5660 92949 44405 16700 83483
6679 17
65843 80781 78144 31872 27102 47119 32194 67448 82681 29223 65611 35817 72151 83887 36508 55721 25368
6594 14
54261 23273 87680 83086 50315 23659 31640 56405 86297 28837 62447 78452 84968 67175
4051 16
80213 29030 62246 53869 98700 80069 33682 40497 65163 5515 1372 68216 8125 9620 35248 17333
1464 11
6964 23162 10968 70201 32197 31005 90673 40376 61212 33607 32384
3290 18
23482 90740 18661 76 82662 9508 33484 14447 84907 81172 28385 93512 91742 10959 43961 17413 79759 3676
5950 17
30523 91878 2055 25452 85222 8827 78148 79797 42850 13810 1357 64882 84196 39675 14756 3008 63389
5607 17
87884 47916 1237 40859 1577 93808 59715 35592 13976 99744 52916 49891 66512 1411 2953 86135 25977
973 15
18062 83999 94639 56535 91042 46139 67173 61097 64268 92793 6862 50798 34780 60779 92156
9392 16
92031 4218 41583 14097 93839 50804 60152 16853 94867 35946 17618 15826 61886 95834 38506 12125
9772 17
18994 12919 45682 10161 77264 10639 39849 90925 1331 52743 70656 71956 34725 41179 20394 95372 63725
4037 15
10238 36940 47427 54646 14868 84441 81436 98773 57868 15345 37484 25943 90516 79528 56820
6213 19
82724 51875 63457 77424 9811 72552 46054 94635 58212 13393 63817 29136 10865 64840 29045 95472 40932 32725 82901
9169 13
11520 11370 84264 78627 94001 57665 25298 56712 20169 73787 26658 31518 94834
2990 13
19416 21894 92293 86907 1694 91454 18740 91357 55196 66032 59140 96168 29099
2497 15
30941 41298 10644 80191 89009 95546 17597 33888 65230 81091 90565 2357 66535 86828 11387
9291 20
61965 49163 31620 55315 77294 67203 18754 98661 21108 53569 90997 70367 28135 26874 43178 85620 28222 18872 6043 66701
2491 15
80955 41415 48119 62054 25823 51344 56324 70314 51438 45236 42649 46832 18504 26953 58828
4074 20
75565 2184 15039 22232 47160 39999 7282 40629 87243 92803 66165 33235 60749 95481 71391 87003 95431 99133 87114 31062
7368 10
83691 91433 56298 14375 15296 40763 11093 18208 67270 10925
706 17
15331 10091 1804 28375 2442 90300 10130 20841 13147 21956 2800 9322 33992 68665 20981 27067 96598
8093 18
53286 22993 89863 34533 70998 1934 5675 84931 97945 3141 17236 11320 39976 35669 15847 46747 93112 18541
9323 15
56664 74911 89145 59722 75862 56860 58795 64935 48421 94495 83574 32041 91919 96985 79555
9809 12
81683 14461 7458 76882 23774 41078 36806 57612 91995 8225 23340 68260
1973 18
94800 50348 14394 94537 27527 37676 96683 24433 28670 65534 89391 65802 81346 91268 68673 28074 5102 55929
9855 20
74200 34698 60258 45533 55738 83257 14014 2999 56073 84226 79077 89198 94033 64392 21342 31629 51479 18568 24583 69233
9128 18
20291 77778 6199 26264 22056 14032 50738 59735 41170 76510 48531 90595 56152 43449 6763 88368 76763 66290
3698 11
91786 32312 3504 32386 68347 18098 64709 8503 29770 82055 24081
5286 11
84511 47790 22812 27086 53652 33603 4117 74002 94415 60639 83647
6537 10
47626 33790 16189 89357 31147 49660 17495 34347 93851 62561
1864 14
54703 78112 35086 18625 96511 30623 94551 80808 46864 34568 52248 22717 33943 43957
9143 18
49178 60772 25932 85265 96999 88929 57260 66006 48011 45158 13122 91287 52799 40948 88337 67560 69322 42356
963 14
6568 37402 75948 52089 98800 91036 83252 1039 82597 28885 83507 80121 30255 72532
1448 14
91418 92889 89811 53233 46160 45379 97191 88725 95566 14370 88507 61385 45990 52876
7305 11
17735 23444 89141 569 31000 27769 71052 41276 80227 95997 16103
3399 16
28034 35814 10465 40973 64165 36676 82928 35323 31740 22569 61191 74295 37944 19469 48438 76703
6793 16
5382 35889 93306 6450 28348 19311 79152 33019 42097 67385 57183 11329 17817 74394 77295 31062
6588 20
42352 98341 60125 75995 50826 48982 49067 50809 82960 88210 7618 19537 38766 66794 2159 1988 37636 75758 47631 36766
5219 16
22397 27426 48243 89641 22188 94762 15058 90846 30980 11650 65749 86054 2318 50308 4727 68110
4277 17
50526 59812 76239 21120 15890 34590 5683 93834 87780 43436 1840 43504 46843 41002 76576 99806 88908
2249 16
51140 62091 135 78423 17447 60533 81317 14930 97907 67000 86150 17424 66924 70160 1105 29095
5942 15
16285 75667 38755 97150 4449 28518 13868 62284 7265 36810 46122 9609 84071 71138 6297
7506 14
59395 86524 57125 64897 8129 38236 50423 97004 75419 53271 16417 70054 13059 63738
1195 13
14934 9331 16525 67451 34 58034 12925 81708 60713 61163 65784 99673 79555
38 15
42521 61902 734 96167 97654 40183 5620 45134 92416 40728 21768 51190 10335 8915 21305
8624 10
43169 81897 16149 3347 93028 95528 13968 68596 61292 26914
6885 16
17732 85859 5015 63259 92336 55405 19537 27088 82690 57256 6488 51407 6480 66579 37539 69466
8677 19
61954 69066 59762 86212 36527 75934 63444 84362 55736 95939 98603 11813 57476 27075 87787 65537 5765 70719 54100
1065 19
91882 78289 9015 76483 33295 77947 87160 93966 56400 59899 39346 73016 36080 88148 54970 28543 50281 95946 9836
9916 15
75779 19396 95010 88744 58820 1929 1394 80348 89381 22530 77432 93644 92092 86729 96141
2504 16
53082 33155 70525 22770 34013 449 56410 7223 370 83227 86931 67989 95592 48916 58878 24035
7974 13
27448 26355 59320 74034 26314 71379 36882 46572 76647 45484 46166 20571 88310
9096 12
22767 37455 83646 95825 38478 37806 41134 30748 85824 56082 35543 91376
5971 19
30555 74513 48281 22135 38344 22971 36326 83747 29132 37400 66882 59170 70249 46878 26586 29902 89985 33269 17058
5771 19
1209 86501 75809 72219 93188 64988 33122 24242 66534 3612 28069 93974 54432 99914 79899 59863 61655 49265 33987
5167 14
91696 72007 62964 19003 34460 81952 93921 46379 38237 36994 48851 73438 93693 53574
2481 10
32350 92733 97443 50236 64259 91468 59755 18774 91495 17475
5397 17
53613 25888 53554 46379 78555 54150 3816 53189 71639 27789 5699 77282 94475 15078 98963 90129 73351
9836 20
92220 84746 85288 65991 78858 86374 32683 72558 37094 46523 64956 10156 34747 15151 79991 54368 49563 32046 63244 93608
1618 20
59773 41190 19733 98289 59552 34808 30245 30016 27330 97250 2216 37148 87687 89628 39408 43601 52505 16210 36 81907
548 15
4373 84013 87751 52961 54149 30740 47559 28077 71669 87470 32263 95358 1969 74869 53466
29 18
66311 68691 93750 80532 68449 33336 12708 33042 55674 69361 77682 80009 77350 99675 97733 50056 23600 69534
4758 20
74497 91216 41803 61417 26076 94218 63986 71749 2686 4552 92408 99010 54287 2051 47525 24709 37923 33654 23928 84347
2900 12
47321 63775 64218 51805 5624 28661 71673 15207 42158 8159 314 21725
1915 12
38654 28859 22528 41270 88549 15968 76080 42436 53905 80609 17522 24537
383 15
4838 94186 69734 92070 91316 54707 928 88866 94394 32051 23838 82241 20909 67988 4887
2470 12
1465 63724 55965 84926 1537 17111 41551 76510 41697 56202 90674 39710
2446 14
7088 665 57737 30018 9331 72180 16604 9049 31139 16820 91203 56570 50706 70857
8279 11
63029 73237 11213 96414 98543 32039 43322 82502 79437 63624 24737
5291 16
61936 59522 28149 84149 57167 76501 34906 84620 70384 38170 80916 56315 14817 90668 65915 86902
7294 17
64804 92094 83796 87816 14773 9222 14520 74403 10973 23108 1412 83381 24763 12787 79261 21556 55349
3145 18
18558 56520 9298 56795 67669 37013 96033 18257 8138 82833 1539 37118 75249 92592 24891 21898 43228 38087
5374 16
84393 50546 61236 86331 3151 40168 82644 33074 28992 73312 10324 91279 75704 68019 27044 91574
6794 11
58079 20271 64947 22895 60555 23957 94962 3069 61900 13622 60680
5568 14
11333 83113 11989 22644 86322 66563 40116 15721 70548 17432 65855 72568 45053 67294
599 19
77874 11155 2772 70241 95277 91700 84613 89722 65840 86730 56373 78333 23800 12746 87674 20019 25834 77534 87928
180 20
52970 79716 75870 22770 56086 71005 53633 98128 31588 72660 862 20863 84541 65750 57753 3243 97815 87213 35394 54866
7075 18
27107 29624 99835 88983 92121 80133 26973 52111 71055 37195 86304 91201 2387 17920 66289 92755 69741 753
7302 13
98405 76795 91896 95949 69412 37237 74549 53737 90996 24210 18178 15124 4551
7624 12
36908 74820 40917 49741 67049 48802 45974 27731 6321 660 90492 83452
7038 17
64379 34793 87874 22970 11272 61179 99644 74706 80352 95361 16268 3068 1508 43484 45102 70019 19777
8518 12
38231 85977 41806 36836 11461 22438 56852 97852 92374 1534 48724 97315
4803 15
38697 93237 10540 88996 42472 73946 25838 4008 88501 64724 82890 31486 10665 81947 54173
3719 16
47367 37449 81004 89283 80832 26483 7953 74216 34807 98025 41713 38987 94938 90708 97039 23489
694 12
57748 56320 50489 95671 58055 42094 55401 49859 76704 62376 44731 2487
7819 20
71839 47416 86747 45905 20549 42215 89224 53006 58796 8183 21414 60221 88097 32704 1367 39170 86604 37514 85469 58040
8505 19
75626 63958 99498 82264 10869 91543 70781 51950 62215 40259 35399 86182 4848 80284 44883 68816 68405 53693 64527
3586 13
71835 44102 57227 69328 15365 69041 40780 5869 7837 43105 74127 86665 66498
7582 20
37525 82778 88057 33158 47879 91952 74381 20934 1809 48702 21340 29878 84906 16226 62470 69696 71537 47593 57028 77684
3684 13
52341 50494 81144 38487 64184 13979 36274 66179 73767 15994 3879 75138 65974
7344 17
77416 77088 10626 66432 61206 8712 22816 90169 12714 26817 3380 46076 81481 48724 36586 91488 65945
4556 18
40510 43049 57800 36222 64985 37414 32157 87866 972 15115 76785 45034 54089 74165 64604 33926 91644 56560
205 18
38482 17610 5036 66489 28752 35266 48013 22789 89409 36301 67607 59987 64997 15899 54398 81965 8895 85922
3891 16
70328 77393 64916 21847 96200 92040 46221 47052 17549 27807 5875 36064 45174 69713 42805 86807
4817 14
89661 86077 73641 69823 88560 15645 48229 94199 42036 30252 71596 54216 11129 38858
3679 17
30290 49586 91484 20209 53944 77953 73279 33897 32628 43919 15648 39446 54193 8895 73820 23169 64846
1515 14
74559 61927 54137 64359 82275 35100 17660 77174 25660 42788 81455 86824 36317 3235
4676 13
19836 48092 11921 59718 12589 52489 50741 32880 90023 58308 52453 44846 51827
6212 13
62838 84445 15924 10024 35388 29498 35386 96981 52625 28692 14766 11374 5696
8679 18
53446 4751 11756 72708 80923 95335 59905 9977 22541 8456 72105 24578 31354 84389 32609 91990 69152 80286
521 16
7326 85149 82837 88648 61408 35549 57801 53166 2059 4233 76673 2254 98259 80393 11261 84559
4606 11
57936 44605 24020 34227 93551 40242 45877 78370 93740 20684 59143
2943 20
89074 11954 42824 10040 14627 19155 38998 44522 34734 4916 36728 35038 56395 68429 61497 56722 68857 48077 8051 90985
248 17
45880 9102 63932 42673 42868 84520 71460 4364 7283 33656 21590 10590 41047 41711 14983 31765 99836
8722 14
60231 64086 75693 81145 87862 75610 54726 47704 44165 88070 72556 21854 17443 24663
3094 11
10417 62188 72753 96483 19811 41836 94442 70804 91141 26457 4876
8839 19
73517 25692 11548 81713 48420 17418 13780 25978 15830 93992 62467 61444 4964 24954 30601 66404 76776 80409 79479
9986 15
48409 4568 11635 67087 7492 70134 92716 18829 27290 13568 85635 59227 53312 3996 48586
5532 16
45150 9624 58431 36759 4594 56444 77124 20449 75618 70554 64219 84803 81458 76154 8841 99553
317 10
87192 82751 50601 14071 35908 91989 5507 47106 75006 62775
3043 11
11198 52263 3859 7695 74222 51356 4806 19238 86203 93057 75477
9316 16
47249 70147 47309 37623 5807 78016 99852 42636 82906 33100 43322 75727 83085 19434 85069 23358
703 17
66951 70286 79756 86055 23091 56745 36614 49338 49317 89033 10282 39014 73064 45427 73048 75982 97238
1488 13
39288 94462 22695 14619 1762 80258 94939 33891 24347 32887 5672 37975 97224
7515 11
77803 13034 32060 61005 1370 63763 32430 27885 5656 35357 85042
5285 15
66260 64457 669 2419 33018 88880 26087 84286 67607 41032 31780 39323 71759 17578 83059
6897 19
71074 14860 95402 3932 56907 87937 54263 83304 14925 16476 28038 48793 10856 43423 75602 6564 73295 54084 37550
9028 15
90292 33839 37017 70946 18377 69008 75877 71195 27682 83450 1506 51723 85016 9170 151
2138 13
20154 49068 59919 5474 4045 37049 76670 70282 59528 1663 43595 15015 25805
3987 14
1696 9082 95453 22648 74591 67400 75163 10272 78045 86824 84063 83090 70107 43217
2147 16
69647 58874 87523 21848 23635 39926 14417 70931 79979 69524 88703 76154 46721 94883 66472 70177
1970 11
30317 60718 49785 71777 35806 22341 80411 17137 13325 60864 92429
7460 10
7904 74126 41474 89928 50899 27716 38039 57650 82758 59672
969 15
94144 29407 16352 11375 3560 90538 6800 24281 36205 51351 77890 64681 38137 7644 4938
5159 17
48536 91427 28051 18426 72289 33771 35207 44456 66428 40507 96577 189 53252 68138 60365 21122 14772
1561 18
71237 18027 92126 53032 30326 38789 92091 9880 16710 37006 25619 16984 58267 87458 90433 5669 27889 37612
1037 18
59078 46511 89697 59650 97148 23309 11076 91667 36246 43317 90410 61415 67113 90382 86998 38137 17608 83452
4275 20
80892 21220 71821 2809 60857 70417 46631 4338 63686 86091 86342 99148 47970 95189 98905 32042 39744 80800 93416 92110
8683 15
22774 15613 94313 16759 76224 94739 58644 70123 60422 54414 5972 44385 87996 17992 25176
4434 12
52445 90926 76501 95613 26596 66710 22448 54041 61601 50089 14462 90285
6134 20
15983 46847 8314 28511 15130 58272 16441 88845 53746 83989 14464 54442 3 20223 72197 21341 59575 84770 93362 17304
2942 15
81564 90045 98932 73004 69898 19722 25245 39100 82493 23015 62440 86813 6497 54930 5417
7217 16
63234 73827 39816 52813 26071 96348 28172 43719 60144 6572 10306 81395 90888 30053 50363 29793
354 14
875 40715 30651 43612 96198 36524 7916 27463 25768 91603 12881 31721 24559 17591
9200 18
49335 23736 5786 72874 40998 81025 95783 75076 94798 15517 8628 86219 26733 13319 90870 59635 23611 21877
9255 14
40739 80757 54473 14871 17705 12490 87929 33025 1875 29485 19731 69499 10121 82545
751 18
91075 51453 29854 5449 18471 15535 59538 275 33695 15151 94239 92605 59492 74094 41058 65399 70627 15713
3472 12
95870 28175 15701 98875 587 54738 92424 35120 3501 1105 59977 99557
3636 10
63062 9364 94668 39915 14751 81316 84031 72420 95055 80483
4626 16
59185 72668 43299 47575 5871 55430 93171 40041 31619 61425 5799 41373 76669 47208 27547 12639
6153 18
42225 66858 99823 26120 74845 16235 66107 84343 69519 66969 3584 72700 21525 75433 51064 29233 60960 9862
407 13
97045 24876 75547 71500 89988 67822 85883 43265 586 63462 18420 6225 80675
4086 10
90228 30170 66900 77228 78895 14904 35575 46771 4242 9796
3916 12
99473 93158 38239 48830 88137 86408 90732 11667 28715 87022 44883 73905
1120 18
23815 88529 2804 95433 56255 32711 40692 19989 97012 41930 32836 77685 46760 71055 76503 16512 25925 89004
7407 17
99915 65910 58136 71967 84012 75113 5091 88573 17054 56070 19051 72956 90246 18397 64217 46170 41471
8981 10
36381 52999 53912 15079 89217 87611 73258 11981 68881 92873
1789 12
77289 77689 39740 69302 79708 88868 20399 97752 30775 84132 20616 13792
7650 11
2927 93619 98815 59307 62493 3584 77217 24415 98014 27528 9657
1164 14
97734 12671 29232 20004 99830 8251 80553 42917 73021 99321 72200 62806 13120 73124
9810 10
4726 95564 1912 53684 53669 72649 7955 8905 33464 93754
840 17
7307 4366 40919 49731 31436 80058 56240 32726 15538 13123 93694 27925 12625 80803 11608 24554 36179
9610 16
26024 15889 10310 80133 73708 51124 99410 7226 72458 82028 46899 94445 8256 81281 59639 61799
4386 20
55589 63486 55159 76411 81146 27770 25605 74910 8144 53983 20278 51559 51286 70149 41768 2757 58984 1441 41057 50686
9203 12
38458 24592 81842 8113 83264 8470 27088 6905 71731 67814 91060 87616
1044 14
36160 51997 72992 46398 14907 60159 60239 46663 35191 94797 32697 47616 2081 60633
2901 19
6452 19814 55482 20707 21422 58807 32616 94766 67673 85111 25691 88634 13741 34002 16397 12040 32970 71126 55760
7281 18
83800 35664 8971 33026 12771 39968 4425 20628 53518 87511 88047 15340 64213 27077 74003 92440 26693 3009
4509 11
73001 6341 71811 50063 83217 50580 88147 244 1256 95328 5678
156 11
46885 13469 15885 54977 73296 65197 1251 20438 42859 47307 36043
7987 12
54411 7106 44951 19943 83873 25794 77014 25691 9875 17843 22739 10682
8497 10
91021 62263 38485 43715 73474 8954 26630 88083 99881 22007
664 10
5931 82544 53792 73122 97843 8756 55136 19978 63781 46568
1694 14
70831 70062 18762 11858 89621 17784 13145 10267 36248 56832 55626 88937 75888 96424
6572 12
59309 37887 64810 83249 28378 43279 54443 58485 75962 42542 79617 30560
4241 19
57750 28901 87208 32512 23074 11817 80956 62174 65406 94093 5812 39604 64581 69432 22983 63342 16678 72229 66206
1521 10
91929 25408 33311 16704 13049 73574 22701 67054 26915 34218
3852 16
77060 53683 15380 83839 72242 77869 38591 58777 48069 187 40172 78232 60599 30191 74830 9965
5339 19
8649 63380 74857 93773 61805 40789 57668 97317 72427 58639 56296 11166 57166 82022 68007 21895 42866 58878 12125
379 18
60701 50125 83468 49135 86948 6458 58268 97853 93399 48493 40299 89172 47267 32075 39454 97232 72588 64684
5254 17
7143 3033 56441 56823 19128 12758 36272 86005 41281 16734 76406 77475 28576 56542 54325 14429 37471
7843 20
20265 13585 40070 40884 5667 9698 17796 15016 31208 99266 45791 44404 74467 3970 75591 38684 31352 42817 77573 9526
3423 15
62122 48157 33003 39192 39312 26412 82192 76678 88752 27132 58117 25385 4815 75475 84195
8818 14
70211 2506 42040 94583 27965 98773 86782 62386 95488 294 39943 18827 36626 40659
5097 15
44628 77137 61972 78906 99934 1141 60295 20396 71511 79915 22486 95489 96530 93115 68596
6338 18
95615 50679 99700 84191 60792 87196 45550 90076 24605 12190 73241 28228 14542 68607 97460 87956 85867 3993
2380 12
29106 12664 42369 11146 11550 37395 83028 90457 65802 6118 96137 75099
1773 15
13988 79356 16687 70494 93441 73845 18163 56875 23778 33405 68833 83220 13491 79246 61380
6931 18
4312 68001 48385 85003 41818 57961 87390 18835 67252 90877 93251 42516 65683 27447 60052 93763 73187 23377
1966 17
96754 79121 44201 22877 51362 69105 42289 14222 83275 89946 18759 83505 32503 57809 8523 78308 60672
6724 11
66109 54142 61454 95077 63341 92534 55452 15302 90183 85301 63244
9447 20
89681 38320 34612 38493 70663 76262 38593 673 76725 33653 90735 410 98621 83518 61857 42871 38150 20351 14339 63821
8366 17
10967 6347 92987 85671 83581 90808 83744 42380 42059 48329 53228 28568 38146 69000 87384 65423 57116
1704 13
48512 95486 8800 48050 84820 92036 48890 57725 369 61444 35961 43079 8043
215 14
57345 66100 89190 66489 99274 57002 58909 75230 94955 80511 91887 73349 85451 53445
3289 15
72724 26706 52384 59597 93301 10448 6747 50625 49749 88478 46612 93236 37342 76704 36689
7833 20
25955 55296 80729 81100 75439 77924 27970 48921 15040 13413 951 28929 13335 28263 65603 6455 76171 17284 96292 82706
3247 12
18090 32734 90099 22884 93240 81926 30501 66506 93744 94655 65871 7233
2631 20
28844 48846 91910 46628 51443 72913 95646 27196 53154 86463 41551 63405 98470 49839 65968 92325 39248 72613 11334 30747
4473 20
4317 26005 42415 53865 81713 73746 18569 6122 49167 43064 71325 50259 80782 95684 50710 91984 23389 51623 62394 77021
5990 15
24991 72817 27750 8844 55817 46525 30267 27051 70341 71709 57778 17515 24689 35951 63765
7630 15
23548 58172 2334 37838 92006 70287 60555 82939 86198 64382 1471 79061 7311 20506 47513
3871 16
38562 52692 98821 93037 83757 34264 67022 93465 6198 67314 36057 86380 2283 29774 60672 68647
9017 14
14022 5712 19329 60058 26768 91072 91709 60619 43329 42812 91892 80430 65630 95557
1097 10
74675 19570 41182 36934 84461 17246 38974 67248 76006 62296
917 10
99771 97211 38274 85545 29121 3449 59516 44084 33126 60729
4380 17
66833 38621 20263 43103 46072 52213 93492 20565 61185 45042 18963 5229 42963 82752 44273 11324 21474
2097 17
56512 71974 13950 4479 70408 36914 59220 99396 58614 95184 12344 55915 19472 30639 72902 35119 84576
3854 19
69562 80787 6534 32246 2245 76913 55034 36681 20817 84046 23882 45850 23466 92790 94929 28622 28893 27739 34562
4252 19
19213 62340 48475 86957 72729 26067 92372 73169 87121 73224 58654 73659 28200 6511 41155 56397 51077 34069 69466
7090 12
71745 8248 86108 28481 63136 74670 30731 52946 77435 90273 44533 44347
7072 19
3659 95521 80706 23190 95736 73842 39286 96718 60880 23931 17708 26289 52746 14344 90714 28666 96889 97556 72820
993 19
15551 73163 98571 82869 5913 98506 73605 65658 96099 93522 76936 37640 62743 2896 1939 61584 3923 83276 81791
4735 11
99949 15065 76782 2503 20641 48100 81961 43634 99664 85302 42006
9960 12
87648 72481 10159 54985 19578 90539 72726 6102 81485 62212 51956 64334
6416 19
10158 20964 92349 56390 52550 15413 45119 5425 10699 99308 31915 57172 66830 95684 81253 16620 47968 90005 74318
4970 17
54697 16374 92407 22227 93042 57228 64532 86094 65783 66749 25864 50590 1884 23565 78365 78106 29620
1878 12
48646 44655 11468 55740 98695 84076 28574 95668 18070 54475 39007 33312
1606 19
14572 16695 443 70712 22806 73298 89988 92791 87052 82204 70957 70198 74681 5223 81083 60313 93400 95307 81745
7602 19
19354 55866 92992 68971 35322 8564 69532 35406 57756 51179 66308 73009 93420 16194 84010 62940 24569 46366 20107
3667 10
69139 13608 67393 80618 62143 18478 41337 31002 88836 84363
9948 13
90758 24599 4624 83858 7578 23869 74943 44866 60007 15301 10231 78907 55894
6179 15
28605 21339 45439 23087 3457 30428 9572 86007 24006 40613 63008 70967 42006 52398 9863
7259 16
65832 70983 5724 76989 72463 25195 44513 14752 76191 28997 32807 28395 40686 14943 40291 28376
7078 18
26141 6535 83541 64421 29359 37913 73397 74044 43578 18627 2187 33797 94088 51012 13571 64525 61642 65959
6792 14
28459 3160 29429 7163 52189 71996 18607 74662 5277 37289 2690 56258 60785 17248
1617 15
77589 2333 93865 59984 29324 90550 28758 29606 91605 3912 26184 19774 91056 70432 47934
3877 13
78695 56436 99715 99109 73025 96445 63049 10917 51413 49300 93138 71269 15317
3767 12
1089 48637 78158 34176 93034 40631 85214 88197 32577 30125 81517 63332
141 10
11061 61373 37098 42032 33554 52135 27534 84401 1616 21027
6899 13
66671 56318 51050 10095 83721 85338 94621 95073 7382 85529 36977 14246 66595
5360 19
91915 56937 20246 43051 55642 18325 69020 33065 56856 54788 82605 76585 20416 31018 66546 22487 1845 73095 59857
7358 20
8226 41726 81897 46729 45114 34271 6016 81543 63957 59605 65619 36550 47834 65508 30585 46203 67570 34122 51487 88944
9686 18
58585 19857 92969 1739 67539 98885 67202 12234 65300 18898 89718 3052 4984 66874 29417 91702 65441 82545
3607 14
35202 33124 56818 26689 3480 29078 57568 83853 71238 44785 53176 27064 91775 76851
6568 16
56609 15778 62870 82393 47901 77119 73865 15107 95390 48044 97611 67360 76297 24258 53979 40682
92 10
9131 87154 73669 37274 20672 42710 33545 57354 23932 76538
2375 18
37447 20658 50227 93719 68368 72883 15912 29920 10711 66067 59676 34782 7137 7000 81737 23324 11564 72134
8008 18
50829 61943 71377 37017 35381 38386 86370 47538 33914 23597 3839 93520 18070 765 78600 69382 78634 69813
8017 13
3000 56618 98575 92381 56124 52233 39622 24315 53715 74767 10520 78832 11169
1544 15
16649 67840 29314 37213 30370 25713 47926 39271 53034 50240 8966 91937 84168 8785 62433
8108 11
42241 90571 79593 66980 40497 50028 95974 27661 17390 43037 54584
7726 18
79952 88213 63936 43404 29087 82992 51359 61424 9587 27 44524 84050 91734 52019 65491 85737 44950 26720
7411 10
44795 1625 26406 95591 23573 6138 2570 55583 20950 28926
1348 17
41574 10838 19371 58518 27379 53262 13098 39422 56091 90943 6111 90465 65834 73329 9142 55706 81953
3726 14
64035 4363 32226 28561 25619 60925 28990 55052 36631 84645 19778 85115 98339 64529
2426 16
29891 47956 46011 57164 20121 32695 79815 62386 80268 51424 83455 26876 41980 15831 36818 6297
8390 20
48266 90866 32568 60519 27709 49743 70232 18962 17788 87760 1030 56049 83316 65036 9561 42303 52167 90497 93150 44742
6380 14
80653 55784 80460 64808 80477 96388 22929 94526 62129 43186 87093 20074 39333 90161
1504 19
89495 73289 60114 33029 6788 53279 27272 55493 81801 36228 48312 5201 87612 25159 12996 95023 10783 76629 39026
6232 14
93005 66470 94613 79311 94921 11405 19078 94076 33573 52136 39407 11374 31697 24693
6197 11
25315 6879 60903 442 16441 25916 63095 19843 16497 4942 25777
7096 13
7263 70558 51471 14081 74848 98137 56709 37822 21657 11788 3912 59961 74167
3720 17
19264 60814 70147 39381 46806 35343 32015 63846 84943 47043 94835 85826 11291 31747 48745 41114 73304
805 13
72013 50852 11921 87849 77582 47300 97775 94485 75569 50790 44657 63022 27115
6779 18
42236 17379 96152 81514 23458 97360 41851 80698 28854 26920 32041 64219 47812 55496 2282 47364 64426 24773
3963 14
2032 77271 14372 40175 9198 46136 8815 40951 44899 5135 84695 85557 86171 38634
2952 11
38442 11426 63082 76628 1681 767 18418 68199 2487 3038 97393
4383 18
88191 37770 92898 51153 21265 40441 3660 49762 64548 14272 79012 11447 6329 93416 81907 56820 15791 12670
7801 14
74929 52343 34242 64579 53143 92511 42360 9805 66911 8998 64401 5417 67131 46320
7438 20
76815 42865 92491 86426 35463 43162 85581 1137 89848 68645 7093 50938 50115 51686 74677 82920 60101 59314 29776 39760
5730 16
15805 99539 34036 17026 97370 7350 97162 24823 37474 21283 63395 67271 5509 69449 91283 51948
2588 14
50077 26096 38710 74145 67425 17087 46129 60582 10948 6983 15486 19972 73187 31487
6619 12
38534 33183 73595 56857 11694 99811 31253 48818 96439 21025 46796 5794
6673 10
73418 76296 65766 30070 34572 23796 50888 51168 42973 54187
2535 16
91013 214 6673 42348 31798 13128 89687 69875 30238 82376 74586 70731 11668 84923 71440 91069
3352 12
70537 86334 94067 61459 94089 8964 88278 6699 51576 86456 16546 60306
585 15
95338 47000 68035 22158 90553 10728 58239 78187 7897 62068 72114 28778 40085 75655 98225
3997 15
17696 58924 51323 95705 19091 77846 96706 59100 91338 5721 61833 52007 80548 6561 27923
1249 10
24923 43004 81969 87288 60004 70255 14370 10207 13016 76800
7312 19
50617 44421 24747 94242 49967 62565 61924 12490 61897 88202 28791 12197 47154 39265 58254 23031 33892 27440 18369
2047 19
65400 85450 37522 16253 44463 81296 16869 5708 80520 31450 28650 75276 19298 7932 956 75223 94556 10296 29083
2058 13
20315 80998 32764 36073 85397 37058 9370 58545 19708 89966 96608 65925 51763
5187 12
58399 27444 19920 11230 47628 72432 59038 97698 64840 70961 37357 80334
6228 14
11952 40575 82742 31680 49933 79731 79417 91247 4185 60978 1098 3471 86229 87492
9538 10
87417 35462 5986 46560 63939 59350 72941 38607 95449 5671
5438 14
94553 98 68452 12924 6373 13272 87397 60056 41381 49632 89930 76256 44812 527
3998 13
4051 57688 19932 94628 30958 50288 88054 71934 89508 64979 97779 91337 53876
7442 13
88066 43972 51910 60742 88608 83475 75666 18588 31144 2411 7033 95694 84007
2977 13
3911 26975 55942 5806 51874 22277 15505 59016 12353 93384 17198 1255 2309
1138 15
84311 35553 58022 50025 22882 65881 70459 94348 43594 37596 84423 602 77826 29776 70729
4506 14
69560 48250 46480 68459 63107 32001 98349 7121 39993 38358 93152 5368 88297 9268
9429 15
43984 90446 43772 7413 21221 13900 88304 66779 45939 88954 78376 59323 70552 56724 73726
2595 20
7402 43589 99774 47277 20237 68600 24051 65394 6211 89403 37988 74434 14294 32210 53077 85163 21527 56102 58789 4574
7191 14
35312 60405 5609 55252 39828 33140 19977 45325 55622 86154 12118 20961 97099 84098
5789 17
87405 13429 62416 347 54566 69491 50132 5401 78124 15119 16737 34964 30447 31614 97026 89758 61402
8122 10
93479 6121 98957 22757 55650 99042 93036 62802 53274 70857
6618 11
45396 30485 23316 25153 96378 5349 78488 54774 69228 43613 30986
1172 10
25746 53813 5986 39355 73063 53936 4972 43743 73560 5600
1927 15
91736 40567 86437 77772 73243 23729 3347 45031 23592 37925 57500 25473 33481 32340 27236
2235 19
56327 91372 90978 65586 75038 47269 18597 60651 81026 39343 95174 19971 71171 94805 91502 34107 4980 31664 24426
1307 18
33850 46815 23465 40496 37105 52535 77218 75297 76167 72959 60016 54991 82495 1529 48817 24787 30185 86902
1004 12
7509 71234 2399 87426 62479 40950 24346 19231 71759 77426 99535 70011
5200 16
17045 46191 3784 739 90506 60617 66843 58521 16919 60888 73487 98368 38119 28276 59035 60677
8186 10
66406 4106 20166 80745 38853 54686 75208 78862 75246 45298
5523 19
74547 44354 48363 65454 37009 89131 80571 20012 82572 33580 31675 31078 36834 40020 67081 64293 17531 95018 18711
5427 14
92912 33340 25335 48764 78939 75811 16191 95337 60495 70834 28677 13678 96387 37203
5565 19
56005 79310 77462 4315 51182 5639 72878 48934 29798 91866 64592 14332 68023 95217 3209 66873 70688 70730 39586
5388 10
31625 29262 22454 16596 2510 56049 48235 47577 68884 6239
8751 14
98134 97838 86186 47966 72545 95125 2229 75430 14149 64277 4492 18817 11360 5650
8098 12
52912 86941 35499 6241 45918 20487 83543 32178 48510 78523 98316 7982
4631 19
80045 49649 56132 80217 9577 49982 66446 52408 43970 98260 15196 85608 6866 80023 40434 74390 489 12505 63708
5393 12
91217 18262 59661 89816 10718 35666 60745 47244 8062 51966 51831 66121
4819 11
31965 60756 81331 90984 60731 557 99325 75208 26213 84548 63796
5760 16
35401 69294 10971 3841 36200 25516 58642 56581 31579 32273 28307 46752 44614 63832 1536 27303
4231 18
22830 28 33514 7049 6070 26108 93013 21764 81509 90565 37715 17548 83453 48429 52359 96225 68464 24035
1638 10
52448 84949 71993 97787 5091 89528 68545 3724 5087 10482
1345 10
31986 52360 82341 88362 91428 42322 94509 23559 59885 51800
196 10
49095 22238 89215 66180 83139 33435 90527 21560 5115 13141
5117 17
81352 8709 84432 18535 24745 4056 94198 12315 3822 99375 6466 57577 96074 47619 99343 23603 46548
6702 19
32460 18442 19296 36390 75983 76843 89309 65657 46273 25794 25065 81785 45821 22817 41999 8808 93166 63639 50753
6063 20
67622 95598 54575 1266 85987 78200 48962 67848 96428 9552 66962 41516 79788 51504 36058 28199 5828 91877 9218 50947
3609 18
29244 17561 60040 55659 7937 94112 33045 273 78978 35257 6690 10344 19745 25198 41244 33616 41608 50417
8659 12
50421 50837 16263 71598 74354 79943 57540 36054 33893 28136 46930 70857
6418 19
79744 91998 75744 14997 71901 22844 7124 4176 82879 96150 77682 57577 3708 39035 55251 81382 99717 36770 55802
9239 18
6754 65093 12123 97260 78515 75646 24764 55016 95095 73807 35547 93009 34855 6812 52478 86429 56230 25718
1596 15
30880 29111 79620 99733 43430 75356 11141 60540 25014 5745 76098 15116 66979 19531 2125
335 12
47002 37895 51965 80480 93125 67888 94501 14122 37203 29236 76675 96982
5912 16
14229 17694 58401 63121 15943 77245 88435 36075 99381 7871 56772 35156 13665 55233 4145 96622
579 10
75165 62224 66917 45252 49017 40520 71023 42065 12219 67171
673 19
46508 50079 93437 73053 37068 58881 29444 44256 72520 17215 42583 96349 92933 97092 59134 4694 20178 65306 74144
2776 15
93717 78989 59690 12978 29441 12399 21246 50711 6571 85673 51496 20680 39135 18378 45737
3262 11
76096 33764 52486 1965 16906 7047 85357 30813 12097 6771 4360
6185 19
81670 43886 64503 94908 85140 39140 10957 53631 88182 1550 13777 26521 75533 80553 4259 50605 47875 92901 49168
1123 11
15386 60904 84388 58159 81414 13407 25432 92945 62034 39015 32793
4613 11
64159 81600 4585 64138 12729 38373 17347 7768 61798 7670 69642
6972 14
80801 69506 85067 13346 71093 10341 88995 87157 83738 49303 52281 33784 66092 96133
5853 17
74376 40237 98161 86337 69503 15189 45690 7334 35992 46472 74745 95766 26098 52055 51319 78738 71022
4641 10
45553 80228 45687 84080 22167 45136 97160 5616 91093 3338
9367 15
43507 49908 10106 82428 36361 90301 49525 23025 94991 31744 32324 69960 65640 55924 19891
5002 12
56284 23352 4951 10707 79017 31469 26815 79583 18834 62072 62394 74901
2738 10
51020 60345 99070 90672 87867 11467 29926 85669 79375 80013
4637 19
28299 95262 16353 63609 26142 46712 78679 48895 50684 59528 54237 72198 36055 67409 96659 89342 58115 89102 20123
9221 19
19985 74554 52725 76388 57012 67088 26344 24514 70487 25306 29873 83297 90500 93774 8245 88825 86722 84026 88738
425 15
75010 90604 95214 76580 81000 80044 86321 68633 98376 51475 58348 18998 11372 85559 26221
4464 10
62752 41837 84420 60055 82991 42507 48372 83456 35018 99596
3678 17
79816 7032 62688 74726 29646 10529 59509 78677 61464 76329 21110 47403 85429 82683 89351 63738 53732
5981 15
40538 13581 66557 13890 31851 52751 8497 35899 60168 74969 59199 13949 22909 99955 70177
9751 19
86798 30671 15698 77396 12414 94983 92385 88494 40731 97787 68269 36902 6374 83119 68977 81153 67431 16176 78043
5022 12
50613 90092 11647 91762 75608 27674 48413 13841 45858 95414 31091 74597
3245 13
92454 16918 34803 16529 13640 53768 17762 25424 59501 44312 23154 38197 12848
6644 20
89990 34217 5281 47332 60249 62465 52990 35676 10816 87633 79918 91504 32722 59710 2164 67532 43182 39066 73905 34688
3546 10
84271 46983 55898 55536 76616 83879 29226 92353 46114 46370
6603 16
72164 78897 97381 33322 14793 33966 32980 52475 55519 4878 63190 91856 29803 8443 59514 61709
4661 14
81257 81821 84872 10589 17597 24216 72713 21867 13396 97597 42756 429 3276 51616
787 16
93804 56648 26830 28454 28770 58404 97031 22951 68117 18196 14260 28862 39007 44816 65673 87547
5171 20
35832 10543 49129 22050 52278 16578 98516 58294 59834 71222 83485 72316 8111 53013 72825 57161 31258 32968 30835 80163
1711 10
77518 15318 22263 87749 86544 67380 27128 15797 81455 45685
3771 15
50067 52795 91814 25515 88728 29084 76040 37818 17287 68262 61793 36790 890 82940 84474
2863 10
70638 58684 11046 99870 855 51663 30562 95997 19056 72313
1229 14
89893 11142 79616 50904 42863 11794 79141 69387 90096 8896 52749 76472 60936 63469
3216 11
81216 74598 70762 21563 79179 74588 20333 14944 9436 72361 66583
48 13
25194 18532 22992 20457 35013 36919 60186 23765 83383 67080 54540 97064 58936
2953 18
5542 1125 86686 59967 22626 16549 65556 52164 33749 90341 32942 40676 39674 90514 31856 16562 26084 15777
8364 16
4091 72560 11546 12066 83689 41327 61859 97319 81998 88838 24009 60410 96410 57450 97865 27425
3507 10
90321 12840 1983 45935 39656 78255 49256 55491 28944 38983
8356 15
58054 8343 7053 53666 24481 3504 91403 80143 61278 99206 42471 88018 85020 22097 25656
5966 16
84774 49097 52220 19845 83074 68638 24337 54755 13419 31161 37855 87237 44632 27856 71086 32717
2926 15
40328 73405 65807 71063 64459 1535 54429 3508 43807 38518 40243 766 79790 58374 28810
5723 17
12861 63477 24408 71578 57518 30312 38371 92131 94210 68205 38632 43470 62640 99295 59787 10708 64924
3580 18
74033 43312 54485 26308 12403 68291 29107 88651 15914 58325 93285 94672 33000 7837 47553 22381 84211 24670
4975 19
46795 50453 59131 82202 31058 17712 34111 15294 4055 44093 8832 67501 31660 9209 27153 32445 95820 480 77534
6783 13
33737 67583 16383 95095 38845 2324 57165 79679 48392 44717 51427 16770 82698
5375 10
77236 36742 45291 85931 93957 62983 17446 66440 88229 13374
9153 13
89006 30877 81046 16077 12224 18060 34572 22242 2358 33731 15634 90720 91461
5390 20
41659 96555 76674 46059 80485 26973 37734 1629 91957 5053 98409 83944 9937 65140 61675 41223 32506 75021 6763 41258
4986 16
52927 44980 66917 22541 36753 25224 99737 20097 6363 54419 40099 63605 1414 40128 3255 82988
1201 20
16196 91106 58677 48464 33588 63192 78818 8851 8585 84256 28933 4850 93111 99331 34078 26759 66837 6471 33482 99899
2836 15
15635 97073 19216 87463 36783 92523 52889 39257 76217 62614 2022 53922 97490 60503 16876
6374 14
19661 82233 18203 46438 73713 74859 1633 61458 90465 3336 1683 29970 96364 39290
6754 12
57188 16462 69574 6136 48874 73946 64971 54195 47046 60674 9716 38055
6826 14
75337 6581 44766 49952 41184 56931 17486 52131 18798 35453 46958 45341 98963 31516
4592 16
67041 11984 50130 94241 2737 66520 73461 22756 7033 32609 56565 62166 99838 71248 22769 128
1826 18
83330 21922 18765 26070 38060 83776 66497 21512 17481 64048 79766 20399 62632 5968 9471 83483 55687 90765
451 10
46950 62222 66191 94095 15297 87307 78636 55199 15961 55813
26 11
57812 89591 79353 31193 28825 18513 55793 38644 21296 36834 33647
8490 14
48919 12447 72199 74268 50163 75442 70466 82276 6067 6575 52199 5462 1738 11887
7296 14
49203 9476 77828 11285 79028 51538 32866 2547 41134 33372 23355 36981 12073 54115
4055 10
72834 62326 20119 37116 24286 46505 87860 54818 22090 89428
4709 15
47659 23260 2950 48454 95146 2618 5092 99015 83375 21958 22896 56521 17018 32335 99818
1157 11
54347 63198 58685 60090 91364 31208 69884 60705 23144 13197 71153
9767 17
18458 20073 20734 87893 27427 64491 84385 95529 51380 72338 49889 63897 49839 25318 87193 67431 65146
700 17
46696 63109 63296 54636 59674 42168 36847 93756 26138 7868 37842 39180 9865 66592 60993 67210 24597
713 17
76825 61069 45387 82198 32643 3566 91155 40408 28565 28713 96448 49475 89016 87028 74248 52742 8217
1046 11
90429 18801 3777 46590 24836 79786 27894 32405 82979 51995 89745
8521 20
83416 3523 9525 86004 86374 52981 5922 14317 75115 66555 55003 49863 64176 92700 98065 53094 45102 72412 6293 94592
2919 18
66105 92778 832 54171 36354 22402 81202 36953 45296 26334 2194 37464 22673 86866 41339 35907 43217 43173
3124 14
99244 57835 99456 31431 11593 45851 79809 42065 1683 4303 89360 88888 7441 24803
6386 10
11094 71764 49757 59511 2109 19711 67054 22813 9874 17594
1478 20
29736 56764 16091 59763 94114 89956 81910 95287 31959 99281 70272 21990 3165 40915 88154 94760 44076 11030 29280 16541
7805 11
55605 24438 23483 76283 896 11265 3157 5868 44397 46146 23343
2252 20
98399 61904 45813 94128 20491 5275 14864 48674 98116 17897 45591 43402 68416 66032 37181 12246 28909 54837 75086 6297
9303 11
86952 45713 32918 74115 68758 2997 78736 8528 2708 29019 34030
1549 11
39536 47431 92602 52239 78457 5245 36648 98461 61854 52007 25013
6313 12
31659 78987 82829 71033 93797 11942 55835 67578 40845 43265 28797 87162
9202 14
17710 83651 78297 63650 77606 31009 85495 52936 16826 96604 40365 49348 58758 33126
4430 20
44228 52219 68883 36836 55012 62452 1557 81339 92534 12679 58755 37523 37464 14462 11400 3216 73238 80369 80658 93730
5451 10
24619 43091 96027 84604 84441 11394 97843 98744 66624 79931
147 19
85475 25669 37483 37740 14550 94927 37898 73296 53926 55169 19749 63425 77014 10586 22178 52718 68662 35845 88118
1679 15
51344 28976 19995 90049 91367 57066 96725 6282 68538 25432 72933 44342 77193 89694 20174
1475 11
44559 73586 4597 72781 86472 90447 65092 99146 45883 75612 27977
7308 16
75913 48460 67249 11678 56598 10896 21713 29482 78871 38808 24598 24479 97823 31752 40867 54440
4618 17
12430 62124 78103 73190 44069 49356 5242 78319 18713 39285 86718 63734 56330 97876 74901 99623 95468
7795 16
48028 24045 29411 62218 72844 68584 72925 45435 88793 26897 11089 65994 18398 49230 65132 75754
1397 19
14265 83582 50055 56640 17529 1422 62582 45733 65433 13136 73566 80506 18788 92248 29597 11232 95221 66665 36689
7424 19
80275 96478 93336 15121 66877 99679 32975 21074 79582 32507 35913 68365 40705 31399 99761 58581 37115 56597 87547
3285 13
21557 96752 58183 2220 2508 55959 88608 54963 12234 8692 9018 27301 39250
5275 11
20378 86193 25720 84575 20814 9625 75607 55123 70236 10279 31676
959 17
75141 21381 74325 64001 48481 29854 66893 56496 29825 78555 68767 11034 81585 83445 78376 25028 14456
7287 18
9724 70999 31373 51665 31985 91452 47716 53773 75752 35972 12943 67875 35538 56179 41289 73935 18785 84244
1721 18
96680 1328 12706 29998 75648 92021 97360 979 13436 26762 12941 1271 66601 9681 6368 45900 46182 49144
9889 13
17833 75279 70722 55108 33093 32305 75653 47077 99860 39701 28851 71030 29752
5123 18
22311 31182 44 68230 94583 87725 18712 73875 4620 87570 33095 19589 44326 32289 47057 35623 26371 60536
7786 18
53760 35502 25158 1248 28405 39415 98713 38905 17896 54098 15505 58615 79747 95619 76788 49193 41312 30416
5724 19
72830 8025 16663 89956 53478 12844 83428 63547 24578 43701 21401 13122 3319 4331 91251 9003 93722 64761 19536
2537 13
67715 93270 95777 51082 16092 64285 83929 46571 29581 27730 84262 41602 91004
1139 12
46215 20382 63126 41635 33173 51672 59678 13159 1884 24234 19263 80578
5510 14
15448 66083 61620 49426 67104 23029 80974 35068 45455 63147 78494 77436 69642 64469
5143 14
53407 62203 26250 69602 25487 84398 69451 36913 10096 59519 25367 5084 97316 12125
908 17
10315 4979 20747 6822 40632 95210 18170 53434 91148 95934 30744 46361 70282 79850 14943 58626 69632
7954 11
19268 66778 44258 38185 88317 1340 154 82077 10657 96374 91676
9077 11
25597 46321 19144 97153 19468 8165 44704 27174 74177 32335 33616
555 17
79265 57518 37310 28172 22635 29340 29929 35007 81758 67932 11256 83947 52206 13054 26049 52560 47424
5502 13
538 95575 50235 86072 31933 37230 44134 74739 59022 87547 66290 7192 77010
296 18
34006 9523 18247 53679 62489 13112 13780 68972 34131 32470 80421 20885 44461 7083 5286 18353 95246 70315
9847 20
83320 90236 49572 25360 42249 98774 76930 96190 40102 53569 51583 34886 67470 11764 83562 81346 86436 31148 85170 37905
6441 16
69323 78139 74361 2647 30909 89384 5683 32392 9868 85948 68267 48752 34475 88836 25434 72742
5006 20
54828 50106 30427 25614 18289 43268 54408 12938 53649 57867 68314 21514 46101 6050 95257 76702 64415 91079 39830 35815
8902 19
45112 60157 22675 22065 33301 18407 94621 38268 37332 32830 24014 39516 45574 42818 40132 63862 31122 96807 51948
1222 17
18914 31943 47746 77507 83967 49871 66617 76095 13764 25850 78527 18917 6691 40964 75639 45088 66597
7737 17
83212 41993 46327 14995 95552 76706 32276 90138 91654 12538 17918 73796 77702 99172 42927 62385 13038
5030 20
8186 53718 52071 66633 82133 90423 57136 30735 98456 36144 1763 36814 35724 44278 10444 99897 42899 63887 19728 43874
2998 19
16572 13822 71448 31009 3616 41318 95424 26160 88364 59790 1070 54540 12141 14986 31381 94677 26729 42006 87616
1244 18
4661 75652 73099 69323 65878 98458 9198 60745 58545 60374 71727 15399 71236 2194 8718 40847 30477 88658
2908 11
20969 46658 56188 41295 34005 56549 84953 82047 50659 9530 59140
3249 12
1549 18043 41500 32287 65414 71565 43979 15034 3663 40332 88941 75883
6997 16
89931 5905 98688 40161 15745 87668 78792 29304 19589 17992 28159 87233 789 72751 15852 66150
5184 10
20590 64904 86390 52462 81290 7958 84137 16570 50275 49202
4160 11
97979 49384 87595 55481 82157 45332 2923 57938 97538 33134 52496
8260 13
43255 63560 47005 35133 83122 8391 81941 75316 92119 59725 2337 3518 87805
9773 11
83407 27623 68891 74155 17563 9758 7003 55807 37333 95875 4010
8025 12
60747 94355 89138 64190 24977 12329 14159 42969 95861 1439 98568 86652
9080 15
62624 88381 36678 25423 34134 10837 82772 61045 62283 22636 50566 71727 65491 27874 95328
1985 20
21684 21711 53075 61947 12654 52897 55034 44967 75766 36762 17474 79703 85728 72046 50199 46771 77460 15175 71188 21898
2557 13
64183 57927 36464 41614 88848 11910 37269 88147 82808 12946 36888 71911 72443
2250 15
3417 10297 87671 95542 19243 68845 52198 14779 46943 38008 54812 3737 87037 84817 70257
4072 14
79313 24964 49199 68899 66899 82192 82737 72640 45975 20232 79547 40813 20136 27998
5555 16
5128 40617 53231 77368 52666 41617 26780 15588 48511 72557 43114 44824 43089 21604 3773 88406
3369 11
44346 38612 50739 19956 17204 36496 1077 61874 15038 64757 49076
1989 13
89037 24761 80644 79182 85142 61260 60870 39893 51836 64154 97175 53033 70849
8869 14
9550 52124 27848 50700 62772 25250 53509 82758 38328 61039 13964 49369 87161 36087
5269 19
5257 86823 41417 38405 7929 50139 24854 27223 55893 39365 9236 34903 79595 61193 26048 66959 32970 84148 63780
9638 13
61154 655 55763 68397 62090 54948 53284 4281 84531 15986 937 48586 45336
9992 17
12834 50037 18310 19245 94642 84675 60898 54487 24118 65970 65697 21906 63811 28487 2448 11896 97315
5124 10
26439 26777 46886 52848 10102 25039 78839 25704 56260 3780
6939 12
22972 51249 51405 35146 62718 84569 36094 3723 99366 87628 31143 84101
8705 18
90488 10597 30052 6164 24516 10174 76391 95673 92879 36907 32535 96302 82756 38588 90814 96945 60599 78570
2131 19
39127 57250 63610 40821 96117 96149 32293 28303 30118 58267 83882 5323 4950 98680 49793 60033 99241 70660 35568
3938 12
75092 43547 68684 20791 38662 83826 92820 16110 37595 59885 70893 12180
293 16
88008 30919 15322 89089 32085 1378 19233 52805 66807 87656 35161 74344 98159 21757 46410 23028
8410 14
36434 8778 43529 7464 14333 41204 57785 8529 19851 20924 9937 59705 14717 97218
8384 20
76168 27699 79781 90223 24067 15212 29310 67804 84313 71023 67329 45614 84933 37923 54344 34713 4986 69826 81966 89482
8046 20
19009 1801 67877 59572 13731 35624 23451 47686 80588 70965 9462 53756 93679 53710 70753 52846 48638 89532 51652 16932
2973 18
98433 14362 69762 48717 14497 37616 34945 34494 33853 18578 25017 12163 78862 33642 61101 99807 27393 75883
1154 20
21593 33886 4517 94666 38244 68390 76263 89411 82830 22384 93107 87964 44725 33249 78403 45281 13341 28816 10939 36558
7785 11
4026 35794 41614 77242 54677 72110 22157 59837 59501 48557 46623
6992 13
41507 19916 36392 11808 78207 76198 18627 93173 19422 65452 57291 22059 38949
6492 10
38826 47686 62025 49255 86629 23251 78408 66855 15388 28525
5873 20
64148 72106 30683 49162 42960 76811 71845 25664 80581 54746 10884 51111 31494 34432 52916 45383 68214 26816 97334 11228
5895 18
24176 26288 48597 70738 59011 11231 98518 32811 85487 39803 76260 18396 46911 10235 9376 41462 23350 93298
6957 15
94880 72670 32686 41944 35443 23121 89883 69907 97950 93239 8280 51669 4446 29776 16211
3932 14
80363 35609 59960 50601 76902 82149 56522 64017 70752 29211 49927 2929 77422 40438
419 15
1346 60744 38240 50235 82453 36273 49040 18565 83146 99886 65285 4736 17054 79506 38525
6715 18
96008 68116 49510 95314 75926 34769 70288 69349 35878 98111 67956 9544 94724 21077 26822 3598 1147 92033
2257 11
97877 24086 92596 8041 53545 49709 37279 35380 83071 26567 44184
5272 17
37152 6228 14946 18631 54677 83652 44610 26000 52185 49264 37519 37339 38740 79790 8396 50995 82744
2657 19
12476 20372 24266 47663 68893 66936 36709 70935 69036 60851 67057 86839 46433 14268 32792 83921 29608 86153 42175
9561 16
84354 75539 68025 12997 73363 82360 23252 18515 68202 30124 1847 46612 54970 79246 88051 84165
6388 10
25759 70658 57679 33785 78503 27325 14052 35798 21305 6068
3940 17
21728 58153 81194 49524 82599 95469 46368 93821 31355 86701 97083 99161 37621 13590 30845 15831 94706
8360 13
42286 929 77794 27598 95439 94723 14201 77723 62404 44849 3182 51640 89592
1387 14
7146 69901 82649 1764 87865 83555 24782 47755 47004 33853 1750 33690 69293 11485
6504 11
2332 42111 38502 42641 88642 54184 22948 12235 40365 3420 76002
3529 10
25057 75927 92291 31928 1810 36293 71227 80431 3068 65857
3413 11
46956 23259 11789 7166 70750 56065 82597 14911 44479 80404 93981
627 20
76493 74570 41993 39432 6016 94802 13907 20137 49106 46427 92874 61874 60226 17668 60962 18989 38799 47618 75802 52170
3737 16
12565 21407 47737 59688 21489 85327 49181 88312 43158 68991 70424 43515 34756 84845 12217 59149
2868 17
28241 97267 13782 26426 93229 50956 82584 77889 64559 13959 62894 58064 14901 74618 68021 16062 97707
4439 18
40174 72389 6785 13903 75771 75100 54368 11204 24579 20796 91600 99588 10386 42593 39744 30114 65954 9881
4397 18
58227 62566 1045 78149 18659 70596 57816 47282 26663 766 88370 63839 10042 41856 61075 22832 5263 27853
752 17
12133 28446 30917 31700 16350 39254 55619 18064 61302 70551 81483 72792 93744 94303 91548 26416 43031
8893 12
38000 17105 1543 90842 83218 66601 53488 40824 94973 49793 41848 3751
2075 19
18433 39879 70852 49072 84055 50393 1448 24782 18122 92693 68423 41424 86288 39111 87118 69430 99139 4859 38228
2824 13
97295 14508 55254 7772 72587 97960 10632 55607 46614 52131 59793 87607 91273
4009 17
23720 46566 68550 50902 470 12842 11151 19945 22849 48518 94004 6223 88274 81097 10299 12036 27711
9469 18
31650 99494 43010 31485 39753 30660 11627 90241 33135 62718 47485 4172 35641 78113 24870 8036 81909 38285
107 14
13672 18315 48205 79550 321 11429 82899 92509 52031 50847 2626 33607 61850 11806
4707 13
61388 66824 22690 95990 17278 51038 60478 26328 32447 19297 43031 85339 52851
3192 12
48592 80379 76950 97915 87211 30196 93968 36237 2209 37464 18494 96441
4977 18
16293 90518 11224 11548 49185 24860 63297 37896 28301 76211 65947 50638 25892 29970 67010 67647 36862 28157
3818 19
40684 36133 82884 85029 68854 75954 77664 21513 30574 84791 24980 79850 88240 63719 98521 55017 37897 825 96670
1559 13
48838 83093 90715 57844 13735 44809 51878 52328 49428 91615 94008 21448 32310
1390 18
34984 93172 44031 77629 21207 42695 10923 52498 16486 64952 27045 91844 35068 77440 54901 73468 36942 16117
3631 12
30548 86143 11774 66266 90539 34949 59251 12851 40965 64207 22869 67343
5692 10
94421 26153 76023 54138 28770 46475 30476 28546 75441 1091
918 13
26806 50606 48558 92080 49856 3345 86026 51025 76152 26656 12247 50540 67123
9182 19
30453 70878 74689 70696 58359 44973 93808 90879 31401 95891 90723 85098 22630 53019 83200 37440 69375 52385 58196
2548 19
32195 13294 28728 32726 86711 57484 74100 84796 33891 75343 47803 55805 45656 94111 86674 79523 27691 4499 52917
9596 18
36022 62020 28257 46877 70628 92897 83745 58817 68283 350 6407 83441 36722 82845 52255 74803 24317 51612
2552 11
58300 52282 682 8695 93487 56745 53016 8988 6884 33606 85285
6246 11
12292 77570 35090 9343 28024 47975 68475 33834 52410 72842 49176
25 13
31263 97951 60620 69060 8959 16523 87786 14449 28562 79583 26816 5898 87370
3884 11
48650 67465 12359 48563 79821 29028 16854 63567 33648 13120 35026
2346 11
22001 62638 90784 3616 75265 38852 23022 5214 33916 90132 2355
3215 20
97697 87041 85996 56506 87224 76153 17979 23408 29694 28626 48973 16565 12289 45484 9127 94834 56551 51720 19258 85233
4116 14
40454 52495 28986 19149 61807 14922 43174 70766 9338 30546 67788 36488 10414 41152
5547 12
9153 3379 49370 50578 71951 77720 83536 79694 5500 89992 77659 35887
1415 12
60818 59570 86353 12331 36581 89423 18746 77295 67311 83073 11057 35560
7734 20
95387 95683 73853 59922 92277 76638 42257 108 27975 16254 47672 25989 60539 12479 23806 90738 41152 70372 96541 10068
1437 12
87447 64177 90001 1654 64650 55664 10742 35536 87019 5550 12426 97919
6355 16
17030 97645 33872 31177 20133 41965 84084 65387 70258 94618 50907 56480 62766 44783 91485 10185
3970 14
1978 2949 55053 88203 84154 32750 58686 55513 81727 74394 90280 80384 37441 3427
1743 20
50750 87627 29366 24269 76602 20821 94296 11480 23621 65475 23004 12591 50948 9692 89597 12481 68503 34912 80002 24247
111 14
15253 38153 55457 61427 20320 40466 70445 1692 79430 1559 45472 78382 8792 97759
1922 16
46302 33006 10999 65637 28272 66594 78341 13471 93974 83563 47480 72825 56722 61330 26616 12422
3632 13
34962 42140 64088 56974 60329 55839 31648 46997 91017 73286 87037 94062 23357
2928 17
18109 97630 84448 16309 47749 82132 12157 57257 16159 77931 67282 63149 50115 15036 31414 83392 63521
8101 18
7489 25853 85863 18975 69595 19326 77330 27883 9825 44892 4386 11981 46390 8586 87425 96290 69837 87912
1601 15
1408 24960 39225 7951 8350 48156 97871 44328 77556 40625 21338 99629 80302 86336 98568
487 11
34464 12515 45356 41505 79842 89079 97121 2465 61423 31517 17547
438 19
35054 35391 83889 60434 89610 99274 42082 32649 15813 66969 66175 69232 80223 38629 11330 26861 63712 27092 79345
8921 12
12120 12149 57536 21669 30918 78826 71546 27589 2576 91586 27436 822
2607 17
59797 68756 66276 21475 14038 80190 19986 26259 50563 19021 60773 20853 74969 48538 41352 79583 52364
1109 10
25962 74628 29735 78813 65141 14698 70282 83089 61713 38329
7770 18
79058 91932 8627 36542 24312 86072 82906 26233 67958 81669 41381 45775 18641 99518 85119 21420 47936 88979
7364 12
24187 37247 48412 66842 12977 30341 60129 37675 44785 82903 89453 35173
6218 16
9772 97296 71790 18018 70536 99660 78879 11167 26004 28704 21458 93996 66609 36207 52549 90010
16 18
65538 31044 14484 40720 59477 46212 45060 80933 12081 69365 46573 66289 21273 78933 79317 45051 19163 86246
1014 17
62913 33578 67950 21950 76791 74625 77146 41197 27325 55274 65429 7927 19587 30283 74634 37599 46274
4177 16
4981 7032 6626 76985 62027 53773 55037 83485 7999 7074 92357 29695 46104 9436 96601 46241
7505 12
57552 68357 30327 35073 11782 26447 37790 67902 41195 52704 14061 56146
4772 13
14058 73300 61067 15021 42719 5871 57075 20258 52198 80451 10587 48141 56268
8563 15
75952 52295 43239 57728 34045 49851 94874 35700 48599 55323 63806 94453 67599 75383 74839
2457 11
23508 58821 8334 73007 36205 74588 77001 24780 55480 36987 91283
7243 17
30369 27950 77263 43122 57434 36003 50394 83823 91025 11852 76394 24818 60513 42008 92712 41457 50324
733 19
79180 74547 65928 10133 55817 86454 92724 13284 49094 67770 92955 39705 83833 95415 66261 80266 76251 27665 5837
3637 16
84024 17408 71024 27755 50052 84656 84154 47957 99429 81107 51291 91186 82504 62546 88626 68597
5811 18
50897 73954 99537 85320 27102 45346 74209 30850 72936 17872 13126 25826 6893 35642 1668 74557 97719 72787
6763 17
36512 75245 40343 77733 47378 41581 34547 31959 91707 91995 33409 50751 84762 79299 65348 39160 50338
1746 10
13698 63222 85863 56409 48698 46817 10129 87020 97538 46504
604 13
53894 58896 29140 80612 46407 18628 32057 79703 19444 76134 76575 99172 16250
1246 12
30500 51374 80527 98774 54425 80211 20097 4487 25166 93683 11177 90353
2111 14
8110 29311 26952 10258 5996 60105 38453 6578 41618 43759 6653 47961 60359 88323
3063 18
16819 52035 7979 15679 71131 43432 87962 26109 29483 51724 75859 57019 6893 34294 43560 79992 69816 90970
5804 17
91571 99751 90819 94485 4467 51893 8105 22763 48473 62136 8102 68128 41712 5917 62289 30618 34521
5450 20
68959 59419 57238 53752 57511 38670 82616 14522 22566 71235 63132 72058 52840 56603 15446 65428 77409 23928 29993 53725
4250 20
12544 98758 8999 8404 20049 64845 25688 59754 4060 22377 79679 25963 95329 71909 66035 95498 16418 6612 89802 89315
7124 17
54052 15911 84187 50099 15534 80820 63152 78852 95164 33815 84791 43774 72194 47497 66112 11559 76659
9833 11
74124 14706 60218 74638 69354 13060 63306 29207 4580 33929 42595
9489 14
38547 45503 1669 18137 88497 91694 69838 29598 92402 30649 19784 4490 45883 56940
426 11
48728 49744 69733 89569 5242 6427 63707 34598 98210 44266 47318
3993 15
63237 47019 58199 21837 57768 50285 56292 22861 89549 4313 92861 60365 80554 90129 43520
8731 13
56020 82477 17680 14287 98808 41334 6054 56500 36155 45970 29431 68 45854
3483 19
87119 82304 90279 72828 42098 18848 11010 91934 88637 94901 87024 94004 37523 51336 30642 909 69536 38455 1098
832 19
86392 4567 76482 42719 3870 26078 54441 53142 98497 29746 44419 89198 85275 17213 4118 12923 29059 1489 75680
2173 17
32546 12607 65624 93331 51897 82221 23658 73730 33439 71167 23723 16757 32753 22842 61124 31904 76018
5111 17
13660 79799 47676 73111 80048 34854 64133 24228 40096 64271 21588 40015 2597 89090 10991 84211 34937
124 20
24621 27245 61355 73992 14060 24050 42217 85089 15396 95809 15639 19998 50535 1761 59965 14797 90452 98554 22781 72008
1360 13
75510 48303 16401 55306 13682 66993 65475 34939 99570 9139 20601 74506 84443
8793 13
81521 67518 80599 73535 14752 40743 52159 20512 58865 56029 64717 84170 72313
4437 19
80624 39214 9398 59281 47173 51678 93000 43054 69434 3701 21619 40073 58316 87815 13497 34930 68618 87657 30799
1778 14
18685 8363 18335 44766 51003 7926 98875 57572 68698 14180 71627 37771 51298 97633
7625 16
47819 74305 99362 39690 98958 57240 34769 523 26625 32089 18098 14042 77960 55714 36828 34218
4718 16
87945 60111 64054 2682 83680 57634 60546 39645 59091 81914 82377 35082 6348 89123 7340 59524
8363 20
86460 8218 10067 75160 22066 58215 4338 52197 95698 79757 19297 24495 77027 421 13267 90492 21457 17958 21268 12905
6236 20
95663 85494 26472 37495 49075 71100 72514 46152 74537 89773 67257 31748 89336 89011 6736 43916 88550 23755 21997 97316
9315 10
96890 45363 66798 2485 13578 57019 915 6 85557 32713
88 20
92257 83567 16584 64710 2478 9925 71517 13921 26920 30039 42841 8235 83687 87879 28074 15842 95943 85299 96717 16004
7197 19
40527 45087 60373 22905 33752 79354 50884 9789 70548 37221 57881 47711 57825 29183 23852 35493 17486 32052 85002
6924 20
74778 914 11872 21608 71058 26289 321 72444 35243 52515 63846 85194 99091 17326 79063 72342 74130 79444 28224 437
1876 15
59643 47861 73738 59688 42203 36846 64029 89753 46246 36623 69212 70547 32017 62546 43177
1844 17
67733 3226 22883 6335 28593 32769 69508 98585 92028 54363 95886 84941 20577 47525 67700 82730 19179
309 14
85953 65057 35295 79531 73142 88030 19890 32493 60152 9524 17401 84177 43885 51725
4084 12
80992 28414 43610 22613 28011 63578 68634 684 37389 7800 47224 41848
5175 13
34740 886 70139 29872 12890 62499 31419 81030 74994 51604 57263 15654 6659
1659 14
6279 60276 53843 66551 56181 19804 55938 50300 75181 42808 17025 76475 35568 43695
2046 11
61705 55057 2182 66633 70810 14743 54706 12494 42330 96894 61720
3010 13
64683 7269 92637 1375 74400 8844 32005 91177 84358 94786 18798 35918 14804
8211 13
91735 30378 38720 24150 81279 38438 85379 93585 66058 17390 12421 15603 89942
2227 11
88207 71814 86855 24152 1218 99736 94177 99088 57703 6547 39658
6196 10
43207 44530 20989 29026 37236 30080 27731 91079 93482 25940
8688 14
88654 12698 43241 62920 87923 91130 23532 39896 61453 92562 313 81996 28054 41952
1967 15
43927 40905 58156 92869 43534 8369 33135 86026 44470 40595 11981 26335 73638 5236 82135
4563 15
60440 77888 4685 77153 89260 72835 9803 34839 90525 98262 57610 33076 13028 23443 50753
7218 20
17868 91340 67526 45458 75619 53763 42873 41014 51664 46565 21624 9385 10604 32922 7404 68180 19101 49821 88476 58235
3694 14
15275 18790 41072 71694 5169 65797 25839 6270 73461 51636 23734 336 35134 8169
1668 19
24030 80410 44718 9362 55783 58743 88494 45921 71723 46296 36335 40392 67446 77215 97548 21420 54122 17657 77181
4891 19
4167 68083 45691 4718 95816 55497 38593 81515 99788 23737 28267 23732 28857 74078 35489 42432 49811 4689 28246
9496 16
37815 79773 99645 62496 58606 96840 74179 91416 18046 48561 1530 57726 94658 73873 13615 98391
6174 14
54103 29039 99 60177 10758 45947 1178 45119 68207 63975 86461 40152 37660 1802
5761 20
82127 17367 70757 19707 82537 51586 13204 59747 58793 7101 22202 10195 9465 90886 49440 90546 77951 83633 58848 84117
5344 16
900 75513 71504 98424 98052 35267 29585 19443 68654 30122 96473 36148 57290 44429 78143 11734
9629 17
69054 13258 50041 76914 33547 18160 63036 1721 88717 30591 51633 29531 87028 60819 56195 37812 8705
6209 18
56753 65669 98836 4248 42256 55237 23915 83615 31357 74403 73196 82572 94080 4664 60849 50002 4689 53650
54 16
84312 13920 72890 67037 52778 66803 81349 1443 25896 50638 49211 42403 97254 16396 30585 24468
7926 15
8243 91739 80345 24277 96734 30372 69405 21307 98060 23307 10129 82307 10932 37555 72866
5525 17
53555 93457 73677 985 25763 2694 75965 28392 3297 9905 60775 37553 64360 77308 51593 72008 91800
440 20
75875 22116 17196 97381 65068 14865 72845 96386 92904 81887 29751 22669 52208 51407 52863 64025 22051 90229 88277 98786
8422 11
49918 27526 65703 1290 62578 70695 73609 27225 32319 17780 71702
2121 10
57567 90130 66663 95662 59729 70619 69010 82022 9257 79764
5064 17
904 58186 55912 84578 23729 76181 45071 1436 31266 36767 92927 43448 14305 51920 57941 65751 56560
9829 19
88487 86822 32779 77453 83501 56041 47315 3990 21391 75869 47730 67231 64120 1070 11205 20136 97558 51779 70861
9724 10
72055 18668 52985 9593 52416 50861 89926 24199 90703 43882
7025 11
52644 10805 19809 18708 81812 5509 98482 19506 33186 76817 52788
2354 18
34592 36553 95568 85588 98489 40503 88758 83836 13855 44082 64925 17389 94728 18980 84102 10055 43350 48364
8761 16
32117 90903 69040 43118 65387 32754 11795 95884 22619 53321 80009 23153 89410 19517 71022 13934
6900 15
61143 40778 95188 33507 26881 70957 65779 31425 30226 90465 17678 49873 56122 9796 84837
3229 15
25510 60149 99601 43290 45433 45081 14939 10429 9100 76434 35511 43248 96380 65445 74019
8226 18
97687 63151 23282 80110 55921 94548 1389 39729 39877 67199 32452 89734 91670 64000 42020 32778 62583 1636
3454 19
19304 98346 52330 32422 7321 34871 61351 31384 65309 4898 65778 65362 79703 9148 84783 65984 19732 55062 68136
3156 17
93278 18056 70022 44433 17659 41314 60921 41816 20300 82727 48445 50115 5883 69169 68184 43827 94725
2260 17
93385 42714 53854 49470 43072 1867 69575 97427 40058 21737 95866 87116 32797 94835 31416 65117 29339
4355 19
55999 45052 51294 73320 50139 57430 87950 1478 62148 98644 7753 56024 81916 13807 28851 62132 26051 47254 60822
2137 20
56949 26245 93795 56775 75016 37854 23621 23019 70379 64790 14704 4572 36726 44632 75376 88626 46404 16397 24477 70737
4669 17
50155 51957 53493 80104 33474 70364 20140 97651 38851 97200 92949 7570 46370 32340 10928 47499 16777
9566 10
52477 65721 57624 48216 44518 76358 60741 85657 41865 3302
8965 10
91862 9911 16050 13636 99886 81920 20994 22790 7337 3308
2329 12
19110 40712 29778 26570 41841 22363 61537 66853 63990 32615 15360 39794
1234 13
17433 63135 51252 75509 52546 64852 92287 37480 41240 90492 63663 26014 18424
3250 19
24436 53961 2956 87903 82689 84792 18470 74616 15285 3942 86017 37840 41381 13094 83947 64919 85404 30398 58421
3415 15
76940 61919 74564 15130 51104 11174 9039 10811 5836 55114 68213 67042 68404 57367 56476
9910 15
27326 63854 46506 43973 29210 30943 36877 59231 32944 66884 65676 93810 76814 32962 77649
5023 19
85676 31201 57179 42712 66078 13803 75447 71227 54788 73933 50887 32205 8667 72850 90649 87136 82184 5825 44869
3947 12
40480 46971 6863 29341 50385 92530 18930 97418 12650 55870 70178 21316
6025 18
69963 15234 57798 55115 6027 73040 7756 60996 51664 79770 83520 30227 22909 32999 10318 59016 95640 22120
6446 20
46530 36923 35735 83774 53448 69144 26401 15900 97353 27618 66792 68545 68205 69387 35871 99013 98393 78839 10142 58291
4830 18
90407 19407 2082 65869 43359 44469 297 90737 57205 52179 38252 50014 12587 47652 9797 16188 60012 31810
5745 12
49893 87861 61928 20016 61327 72115 22087 50062 52776 87420 27806 56339
8328 18
9753 86907 3549 46690 17414 8882 74458 76330 92596 45518 22131 45149 42852 70422 63526 28629 1788 86436
7942 14
38346 34307 88800 8695 16439 15572 10428 18351 47228 32854 4209 59023 42341 45612
6239 18
59596 26885 57560 27871 31844 81944 635 50373 94511 45378 77607 72953 16312 79224 40704 50310 10636 36532
2510 13
39652 51299 90510 58393 20151 88952 68356 58544 36151 410 94567 19813 70989
9460 13
72555 66906 22338 2404 10043 87693 3868 87181 19632 27752 60724 94677 43007
6342 19
72245 32670 83420 40639 56610 14438 78035 9810 92024 21926 17891 54197 69395 7859 66637 92418 82294 15146 55491
5851 20
87530 95728 79965 85653 3163 3982 21720 56563 30381 12513 23556 45502 8445 17291 99002 21555 35601 21719 50129 16980
2848 14
31963 58578 94845 98293 69102 77165 65442 28308 33192 43702 28054 83820 74347 50366
2312 16
91794 68329 98469 28085 59775 13823 81542 85350 57537 36522 71048 96364 49408 13730 94581 52696
2350 12
79745 44605 18392 20453 70 73379 31049 92186 36697 36280 19798 60978
3340 18
54815 8177 76201 82696 96673 23964 7453 31484 34884 45755 77225 66710 37866 89643 46621 64382 33191 1489
1453 20
38811 17714 25123 54983 1339 24651 66733 15385 56190 39332 49749 28208 59341 61255 74243 12015 70749 68226 22832 51412
5580 19
56641 87843 17189 80063 59124 70417 51678 44945 40436 48851 56542 46759 17645 41033 94222 11071 34412 74674 91608
2892 19
51425 51820 55996 30672 85247 37513 56667 26190 20815 53745 9474 15090 20135 74543 50451 69949 72634 10531 4658
4367 16
8973 17724 83811 27337 16329 55056 17410 72896 83027 21917 44992 69318 65627 92503 87161 62775
8596 14
65049 20468 65859 42215 51627 79197 406 79440 67120 93937 60826 95592 86927 61628
9651 13
3423 61051 61987 91813 80924 92559 68410 71824 51900 70422 86310 83553 98824
9081 15
82682 86117 8893 1161 31591 93266 34619 3001 71966 55774 27930 36605 51304 37630 56624
6733 13
49628 29486 26945 93077 40005 89258 15119 95617 99115 16580 43975 22144 37530
9227 14
75128 54980 63726 67461 98859 30542 66562 42200 38461 43939 18981 17766 14391 27902
4240 15
23083 3155 13144 27639 13786 42792 94630 36846 51006 51025 84070 4251 28790 32396 64143
9795 20
27957 51869 63213 6194 76529 21612 82816 76716 40005 47305 17117 43506 20885 21198 66744 41804 34002 91990 20434 65418
1122 16
16524 61361 5258 35032 90599 11366 7037 39662 9959 69073 3419 90466 69606 11343 1885 77572
1269 13
69219 42034 88351 43551 83339 21019 16327 84144 65460 83487 31493 65737 7718
7975 19
61299 98766 3073 72722 52789 40404 9242 83556 25559 69390 20873 24213 59175 37579 62832 34605 70037 5211 36179
5808 15
2784 13246 46014 78643 94180 80596 32560 25930 41547 44059 63885 21290 15600 64131 11906
2115 20
57393 56546 56731 70698 30329 99970 52372 82299 44940 631 67550 40196 50089 99988 62652 3811 72783 36470 54155 28285
5177 17
40377 97785 98745 39707 87343 40640 55279 37729 12620 65536 40825 62448 93683 31518 35665 63765 28931
3212 18
84954 75898 15474 88095 4550 17702 36599 26592 29924 98398 9199 703 88836 85403 17078 3318 55051 44512
2126 19
83515 33272 91307 24695 5152 79908 15433 2994 75921 37437 39045 39158 18221 46775 80042 92653 6266 16653 14772
4496 12
92646 51627 53580 15628 65932 61278 54582 93963 95947 94856 86869 2210
9739 17
68408 83135 5553 59011 52009 65235 75752 47914 1930 62526 94857 67310 50398 49512 18494 75047 5857
6581 11
50911 91486 10189 4779 34635 87351 34490 75126 49811 36828 1403
370 17
12080 66522 18799 99380 94177 48966 21353 32684 63098 96575 29325 46210 72080 68900 60985 4267 32555
6208 14
93682 35125 60323 84540 8188 6373 8024 91385 59455 23418 87784 43797 5843 43177
5129 17
54123 77840 75384 86172 41350 45247 80330 71713 64155 74355 10064 58506 28621 6865 36630 65418 17302
1565 17
21345 29635 71487 60497 94823 91398 34472 97056 85015 96150 61342 32549 19907 82383 52008 72597 5130
1031 15
39289 72693 70788 26976 56018 93725 77389 25195 55790 34293 80848 94560 94385 80219 51452
3080 15
78611 69934 3671 31796 81404 64673 31977 20809 17256 74341 6733 87054 40481 54164 1883
6929 10
1246 37857 74880 41736 91054 27730 51237 48522 33361 59689
3437 10
68876 60974 40649 34182 77581 33324 28689 4850 27826 95139
4131 13
90919 99152 24381 22028 30117 75013 45653 41250 98570 45591 27471 70893 4836
8951 10
14094 42317 6716 84563 76806 39877 9708 20901 65174 41158
458 17
48823 30142 31129 80536 56783 52949 43977 97306 15900 11323 16259 28797 28423 50016 62355 45076 128
3307 19
23112 62701 29291 60928 53292 80457 91693 43229 19159 95164 61555 3028 44376 40813 25869 74641 24629 68951 24765
6484 19
6410 66040 73073 70009 3922 22878 39787 64720 91647 37335 53319 50057 26862 5028 2347 86189 30527 87186 65804
2150 12
84647 73254 96127 3509 24728 51620 1271 49254 4570 2026 92688 54678
7645 15
80297 98631 54916 11713 16202 5565 10327 74489 7549 33181 51951 91775 38206 49720 28757
5318 16
66705 59135 34553 38493 94052 29359 32258 8678 77232 37329 37444 35842 71731 75354 13447 36895
3707 17
26731 36584 94335 59239 77984 32128 73730 10101 766 15299 22587 69122 20909 38976 816 13629 57803
3038 20
77961 6670 78023 15187 6021 87132 74535 69583 39175 54995 77621 54771 35781 83715 85081 15116 39108 42724 87299 88556
9785 18
31183 33629 80556 90252 94109 44001 53629 34944 3574 43724 59260 82138 42219 25684 34697 18022 6695 21399
7021 16
69638 66024 19902 39880 34954 8126 71094 71524 84776 15673 14586 65056 93967 78444 58903 86633
5151 14
64637 21004 31472 17298 56578 49904 11036 83562 50095 22371 83103 90489 35564 17021
4402 11
59661 92752 94612 28026 56187 12941 47813 15847 31459 4185 77337
526 14
2504 87714 29292 98157 67485 33586 69570 16110 54307 62761 9200 16735 33981 1491
7088 20
27637 27839 67545 94375 8412 24928 85703 57061 29514 21222 97301 75544 10166 8631 42986 42899 58188 4075 45307 23859
7611 11
38709 53390 77532 47914 31248 72767 18521 71784 30601 11570 56217
18 14
52395 75224 35169 98878 56601 73308 69057 64396 80302 55842 52255 74997 29586 74125
4859 14
41671 27090 59151 16224 16957 18766 72169 71993 33235 86388 3792 28797 97398 33989
6053 14
64052 43194 1327 54178 7730 14903 36102 86403 40929 76670 84235 56377 72001 82195
5849 19
44926 97553 2889 49834 1608 80951 99523 89578 19152 13806 45671 79817 45652 15196 11766 15950 75944 45274 80858
427 11
97772 92463 44066 50193 40282 77837 75089 77656 99282 43303 98000
7929 11
87043 18692 52659 9012 25580 5463 6734 79091 68480 59298 62717
6202 14
3489 73534 47571 69527 35878 70036 37978 18657 87037 32439 81666 92835 26051 88430
2086 10
64126 8855 71240 69080 22534 50175 77395 10082 10909 21483
2145 15
73044 93690 34410 28582 6704 14306 19381 42413 50672 14802 25938 3674 17748 18655 43892
143 13
13638 49036 83523 39825 279 77545 66255 52677 5193 60993 12602 2562 66161
