211
5003 10
29901 64002 31104 80586 25332 17526 22741 83186 76284 97303
1224 11
61704 16614 56486 7351 40119 45202 70152 23191 70091 625 46850
9218 11
24201 70639 23172 8590 89612 27311 50339 68963 41448 71906 35538
9265 10
33298 91487 82736 33897 53397 67953 68331 48707 24823 58858
2760 13
89490 93269 78645 26113 27297 57304 85851 78331 30126 64610 16929 36859 64077
3050 15
17096 31709 50044 89911 57053 69020 41617 80440 63291 20139 14042 55851 77035 7507 20053
9243 12
58247 8337 21694 83845 76302 18699 27334 3924 37978 49558 83456 52460
7990 11
85600 80523 73836 13950 77378 35875 9040 57971 10398 87856 31814
805 13
72013 94485 44657 11921 47300 77582 97775 27115 87849 50852 75569 63022 50790
9538 10
5671 63939 35462 87417 46560 59350 38607 72941 5986 95449
4733 13
70198 96083 96822 88175 1952 47422 35775 9902 53495 77531 25003 47574 86421
4328 12
68827 32738 46735 80295 50464 64915 91145 38589 32514 26673 90095 96328
9692 17
10196 53196 12574 17138 59362 90107 6893 70740 89000 95232 38246 94674 45235 44492 991 4046 49181
4405 12
37134 54478 21589 15673 51919 18280 17185 68265 89527 70897 35607 72070
4692 10
63598 55004 94976 99451 73086 82065 23617 94045 98615 95390
6152 14
23049 3713 94538 71362 5991 24180 71306 33034 6315 14160 16806 6747 28053 75597
9386 13
93735 12559 60607 13613 37279 26066 88092 41539 41193 4288 69034 32870 24106
8407 17
53003 1674 58976 35536 73812 36215 43528 90837 71975 61032 553 71533 49023 32342 29682 24530 13322
904 17
16486 97527 24713 90569 31208 37057 64466 71323 7538 1135 96928 53568 44808 28012 62617 86297 26397
5817 10
57548 41083 364 28098 20292 36261 11932 65109 58584 39919
1161 11
6615 47289 31630 24904 45754 50715 35684 83258 57095 41509 17614
273 10
5886 81132 26350 88489 89638 20523 54141 53297 43542 68337
4401 17
96546 89240 13369 27963 40054 55061 12535 92631 90009 66987 2498 176 53624 8449 55517 10694 91057
6886 11
58564 27227 18228 63331 5969 31876 96184 98641 73537 9162 34128
4528 12
22756 49627 48404 61827 33398 40331 50606 85137 38964 37237 80167 20551
3394 13
81118 10938 95135 41598 98924 54203 39436 58482 93786 2863 64967 15939 10310
54 16
81349 24468 1443 66803 49211 30585 67037 13920 42403 16396 25896 84312 97254 72890 50638 52778
2046 11
54706 70810 66633 42330 2182 61705 14743 55057 12494 96894 61720
1226 14
64032 96907 233 95939 46361 62617 44968 75758 22973 77342 8998 94276 86281 44775
7686 11
93910 48300 22079 30873 11214 88158 95753 45587 47658 71511 19251
5542 12
57556 98926 8506 84741 10256 32188 4458 59631 47170 1351 51210 27598
8825 13
27791 92814 66479 73895 84593 15503 58515 92020 94466 42303 46402 18258 59515
9732 19
14832 97694 50564 25547 30621 34279 5122 46395 91031 70399 68587 27469 45457 23923 59657 97489 23745 16150 21619
7889 14
59696 42688 38798 63813 38700 59941 62823 93459 57142 29117 6949 62479 63094 60155
8777 10
83758 22273 8873 29078 8811 87567 40010 82185 79956 40589
2257 11
53545 92596 49709 26567 35380 97877 83071 8041 44184 24086 37279
3902 12
8350 68475 89342 53787 15815 58899 60965 29873 69322 81297 38707 25456
6112 19
71160 95625 87586 21317 47382 40142 95722 93072 6901 86659 1051 96465 54018 27539 61716 78666 57834 13248 31668
5379 14
2764 64738 88736 81143 89115 44426 64056 53520 23465 31790 75619 76487 7914 94105
7219 17
79025 10232 65577 81402 56374 30095 8046 61498 99905 76261 95844 80035 83244 52610 6933 46688 10771
8408 19
23584 31076 4098 13455 16222 40222 46750 27938 3312 23569 22006 9756 47632 69966 37821 63077 82975 35896 5279
6977 17
16614 71114 97203 34286 50143 99975 1942 17293 75975 32183 26326 70449 32393 99006 70124 48057 66128
5948 13
21026 37934 73319 84791 57115 33742 28857 50950 62993 42117 80915 94212 4378
9562 10
73374 17388 66324 90086 78801 6065 43028 82933 24074 54582
731 10
29216 13686 16486 17039 81808 67675 81626 15307 18316 36245
6552 11
19712 98327 5278 28312 15049 48108 24213 77714 85318 36610 29763
1033 10
80585 22592 54274 1227 59925 20678 35336 35570 32089 66969
1382 14
59126 59249 18595 5412 85791 43509 30080 44039 32523 29767 45608 14835 51048 36894
1170 10
2748 2106 64815 88986 95618 85379 98638 6679 46679 12204
1028 10
88525 46773 4225 60552 6622 48004 92049 98360 77170 44539
2929 17
27465 46862 54481 21993 58328 91547 30469 44911 43243 70385 87204 35499 27023 81535 38518 136 38703
1512 10
25467 82870 84574 93422 52779 23022 37252 98363 50707 54592
3437 10
95139 68876 60974 40649 27826 28689 34182 4850 77581 33324
4402 11
4185 77337 92752 59661 12941 56187 28026 94612 47813 15847 31459
7192 14
55295 72769 16452 45138 68889 51806 12267 21787 34150 64314 75172 32542 72459 59563
33 13
79505 14856 92382 34019 37618 16578 65864 52455 67446 30297 68835 21653 69331
5187 12
27444 64840 80334 37357 59038 70961 47628 58399 97698 19920 72432 11230
5934 12
93200 42818 20981 70280 61008 83879 10181 83038 784 2096 25573 43197
3488 13
77277 43815 22876 15889 40038 90475 1852 64792 52642 21612 15548 33760 94169
1764 19
21325 14379 13065 12597 54107 77315 56196 47404 20779 11406 65649 56758 64281 12587 56985 48550 65781 14640 44025
6192 11
10423 92686 24856 75751 92404 81389 62684 96932 71704 5424 19099
142 10
72905 23765 70926 29870 52504 44876 41397 69776 27708 25320
7772 12
74627 50607 39201 77984 84743 6211 15105 57253 17269 13011 28204 36483
2446 14
70857 72180 30018 16820 31139 50706 665 91203 9049 57737 56570 9331 7088 16604
8169 10
91462 74446 52796 98673 16880 45245 32596 9245 8280 63248
577 12
78649 87248 70531 33333 45770 2151 40761 15164 76519 598 48924 71558
4140 11
30868 69777 56996 67900 95396 88837 88449 36041 87720 427 35390
8713 16
30057 79029 23882 42292 80978 16942 34916 10372 1490 28902 5124 67293 61429 72714 34939 43209
5020 12
97385 23908 71679 56306 61717 34753 28296 11335 70976 72364 84053 24078
7807 12
90686 14238 17100 68115 12047 24125 6575 42491 28337 78547 58097 49477
4606 11
20684 93551 34227 24020 40242 57936 45877 59143 93740 44605 78370
5731 11
41295 64788 80820 20255 32915 86939 70772 67876 90736 93771 8135
7585 16
89855 52337 57304 15929 48431 68980 31492 20683 29629 56351 25213 89139 22583 47330 87122 1813
5616 10
83210 40986 5202 9568 94408 81337 11907 48716 75437 63050
446 11
95087 36447 76166 91797 31585 28663 54203 56568 43626 32507 83395
8745 12
56561 71411 96037 79550 30950 51763 35230 96533 42531 6465 13264 12245
8982 16
79323 5325 22153 39197 89082 61247 47826 86490 60915 76643 66278 59681 20310 64244 80064 87726
3173 12
65043 9338 68142 48593 75369 55754 8710 1244 13293 33767 16449 86738
1662 10
45761 66289 85183 70970 10415 90835 76704 81383 27462 4716
5730 16
67271 51948 21283 63395 99539 91283 97162 37474 69449 97370 17026 15805 34036 7350 24823 5509
475 10
45085 98303 69472 33019 56380 1752 81234 81136 63790 83891
6915 11
85197 29988 42644 74797 65488 39955 71522 94434 85422 5398 36036
4388 17
34052 46182 34992 57524 81015 59041 5537 12450 50184 66454 65184 91380 82696 84944 1073 12154 36024
5121 12
50113 73778 45662 35894 53422 54368 34109 54993 87583 73338 61370 75182
2904 10
91335 19713 42921 43181 31835 27446 60058 55723 94923 54135
7823 13
12201 45769 1341 61716 16731 13575 36717 54319 81343 71873 22647 61273 50974
8155 16
98595 49227 65455 61422 53310 92154 80827 71329 59108 36210 11512 10710 44439 84350 43034 5423
5065 19
9950 32542 77520 40458 6870 28703 99038 20130 71880 311 28614 71471 75917 3096 99758 62380 69453 89812 63892
7824 11
37480 96445 75796 672 14521 69898 32687 88331 91366 65558 17153
6739 10
32314 50698 56487 78605 49017 32677 60521 22177 12013 54695
1265 15
12384 19613 43649 16146 72999 86827 63830 24675 23903 62157 68475 40536 6345 74434 15495
2067 13
21784 16774 87948 604 99814 51058 57604 52006 40456 24406 26835 12442 4824
2134 13
7037 47446 90345 107 30015 42287 23236 43923 54560 30167 1905 40822 17122
5452 13
29 52681 9069 38018 93339 49275 7809 89762 44291 21091 28999 47732 63457
1175 14
96909 85746 1884 67140 68069 12405 4104 63127 95435 20888 25017 63331 27734 89601
545 16
93027 64705 38565 92644 17382 17705 73812 99679 17348 2617 189 51933 64244 20104 42165 88597
2995 18
84242 52134 57138 43436 30202 5274 19261 9318 1247 21413 19577 74081 18246 63121 30414 52146 5441 34544
8032 12
6254 88138 17446 59915 88055 94888 4430 88133 76462 37631 11547 25312
9561 16
88051 30124 23252 12997 84165 73363 18515 1847 46612 79246 54970 82360 68025 68202 75539 84354
714 16
22293 54764 74221 96317 41524 84137 65944 84719 48880 6987 88017 73018 90886 5858 73695 30217
2666 17
53405 76598 4386 24085 29143 33667 15898 86730 95190 18220 26796 55114 77976 88819 25484 60452 78768
4554 14
77214 11512 8078 67940 16029 15049 81379 35882 67029 6415 56870 92111 44023 64665
4193 12
16068 97482 29869 82470 34675 99564 51587 49397 52011 58278 8596 24403
259 13
37857 53593 39331 42683 38223 55838 92725 30951 20666 55766 27854 71112 71756
8444 14
91193 19339 68689 4627 85755 32100 93608 29015 82926 67916 37536 65096 13254 3117
6054 10
69265 4824 4114 52082 61539 56202 19734 15284 63110 58795
2402 11
27663 12370 56326 92810 22988 47570 2946 35838 26911 32211 17679
6479 13
46801 85599 6019 2138 73533 63651 24712 98963 44757 47681 83453 7253 59414
4452 10
33435 4171 482 77409 46892 66089 89431 20517 59825 23551
5272 17
44610 49264 79790 8396 54677 6228 83652 50995 18631 26000 82744 37339 37519 52185 38740 37152 14946
1760 10
5901 46805 28953 22422 49620 40929 58487 82880 14830 39132
5138 16
39655 60787 2221 57020 20745 91315 10533 48386 50843 79360 56052 8507 52796 8238 58099 96137
5643 12
3369 49246 69190 58268 58078 12185 46778 88190 49365 93803 76672 4105
6279 12
76278 33106 82114 77297 66056 46456 10065 45142 36812 75817 11636 8430
8178 10
9401 4923 53621 50677 50605 45833 40436 81080 40020 96730
5342 13
37346 97698 31034 19776 24588 87158 55204 6178 66480 95655 48339 45242 24510
3493 14
32542 49994 71261 48878 23106 74805 95775 63409 79389 65913 55921 31492 83639 68032
8700 14
78132 49528 2977 50946 34105 57884 70741 72894 52950 51660 30338 83872 11097 17330
5403 13
35235 27414 15278 6510 91840 5304 42005 7098 57799 15504 21780 51696 96194
2469 10
67973 1645 44522 57522 9735 87765 87022 27590 97430 60170
4999 16
3529 25132 59392 27062 41032 63292 72422 97846 86410 6085 77972 6507 71981 84856 95600 81339
9536 17
7833 80553 96470 43091 86746 47966 78845 9114 23190 96880 38237 95844 37821 2979 40451 98834 7034
9736 12
35923 60246 25865 26211 50465 88283 83210 93180 86185 15325 46358 19710
6606 16
40500 92191 83662 47923 55231 5144 89288 27485 40239 1236 32002 53170 28087 4697 40103 63240
3340 18
1489 7453 23964 31484 96673 54815 8177 46621 45755 89643 76201 66710 64382 37866 33191 77225 34884 82696
2791 13
59542 9113 45527 79406 94423 35754 17394 3902 90458 237 17202 74206 19717
9784 12
55441 96746 18143 65309 19016 67463 87305 43056 78920 66459 38253 13793
2144 12
39234 18220 37470 83373 62673 59023 65933 2623 36485 40437 7776 8888
5589 14
63705 99825 59009 93461 68026 8447 18607 7436 41680 16716 32515 59911 30920 28172
9450 13
54552 4898 15265 87559 65268 37346 7204 26656 24297 56124 94101 26143 34613
3188 14
75976 31088 26048 73674 75066 21458 56565 75720 25992 84462 27399 7598 9066 748
8752 12
46121 74119 4084 74557 61233 36906 84047 18688 11806 5069 10853 41467
4343 10
14267 98181 7638 27144 98499 6854 51840 30423 2801 63682
4157 15
63177 68094 70284 97986 17168 22244 35334 59883 86438 37339 28831 67793 69208 47907 39684
2829 19
74154 85080 8252 96141 56084 13207 97725 97508 27028 82823 60182 77091 52043 91369 9546 85013 85274 91436 41562
1820 12
71534 6588 78487 38829 99481 15017 4600 22788 31953 57435 46827 56607
6636 15
95361 97223 997 1816 34089 60066 47982 54092 42641 71874 75695 47875 5454 88953 32592
5405 10
29074 52991 58490 30086 59687 23004 2510 18415 77257 69271
7197 19
37221 50884 79354 60373 29183 57881 32052 40527 45087 70548 85002 33752 57825 9789 17486 47711 35493 22905 23852
419 15
60744 38240 18565 36273 79506 65285 82453 99886 17054 38525 1346 83146 50235 4736 49040
9750 11
36219 90874 34273 51877 27809 39815 86260 47073 21662 29588 22723
2631 20
41551 46628 53154 86463 72913 11334 91910 92325 98470 95646 51443 39248 30747 65968 63405 49839 27196 48846 28844 72613
6862 15
32800 61373 82992 9318 64518 19722 33443 58296 11590 96425 59929 10141 82425 711 449
3138 14
79765 55169 42751 95617 24757 99040 91560 88429 60621 96649 20611 87007 61790 2402
3126 14
78439 77864 75788 66138 45234 1899 91310 42096 65807 80516 44698 4943 45856 29032
5545 10
40587 50728 96531 90134 79351 53786 73872 78978 44168 1458
4457 15
72866 48851 13166 39188 74825 90672 43625 29127 72070 29944 52833 87383 89928 89588 10762
1478 20
16541 29280 81910 40915 94114 94760 88154 59763 16091 11030 29736 44076 95287 70272 31959 21990 99281 3165 56764 89956
5057 18
69573 56288 20724 92737 37004 51615 56493 37723 54671 35107 52320 30101 98302 27485 26128 91836 27927 10394
193 16
23224 5101 24075 96349 82723 14292 77694 9885 39433 98527 33768 52786 15259 33772 1573 62625
2209 12
56871 3569 45002 34527 32915 77543 46358 66713 83570 14898 62326 56155
5265 10
77151 87710 62576 68284 28968 69990 23263 78472 89175 48776
8749 14
24714 12262 7714 96812 48870 61553 17543 65518 10037 2101 62911 301 13284 53059
5227 13
40790 33407 74622 62742 47732 83714 20469 93187 46717 7672 81167 56598 25082
2202 16
41996 47233 10695 58313 57138 34272 32170 59895 83847 62225 37238 3811 69631 78099 70179 61811
3519 10
76849 27336 2755 85193 40449 2556 95605 67443 3037 38008
1780 14
98342 43213 95497 88105 231 26985 64346 83714 1426 99228 21735 76771 27663 55178
5835 10
89745 78040 67862 93568 48697 30382 93577 73781 6703 24979
2935 19
75105 89387 34906 79361 89879 37879 63695 14544 91478 68413 1992 29005 34047 44126 84668 13418 7784 37916 94414
2476 11
69462 6274 87780 35065 57155 77657 14124 94451 3544 82142 70871
7174 17
66214 8150 34610 6050 889 77661 66364 90732 25411 68974 96144 1840 76634 95982 50194 519 47798
3343 13
98195 91251 21426 98592 51554 40128 66894 55127 73464 16194 88575 74154 28409
6594 14
78452 87680 84968 83086 28837 54261 50315 56405 23273 62447 86297 23659 67175 31640
3361 16
31219 3279 17232 51374 79038 77554 79171 59861 67403 96936 20578 47416 74536 27075 92981 38025
1882 15
94606 70036 35274 1039 48184 23765 87432 46901 40602 31639 56135 79300 8210 7095 1115
966 17
15370 65968 52294 74347 74040 54415 64648 68523 6750 40690 99123 53320 59592 20379 42312 18952 61905
3567 14
65409 50614 28138 74960 73439 91459 27945 88823 45592 22866 69577 9541 50484 39803
1576 13
40993 86007 44415 57088 45379 7599 70786 21622 85661 30901 99402 8049 27624
7929 11
5463 59298 6734 68480 79091 52659 25580 18692 9012 87043 62717
9752 10
27738 51247 5944 27133 43989 55576 97353 19038 7306 3775
1458 12
69893 35673 25034 18413 20711 26866 96190 84185 82976 57706 82004 9039
706 17
20841 1804 28375 10130 68665 9322 15331 96598 13147 10091 33992 20981 21956 90300 2800 27067 2442
9721 12
63097 39234 99848 89404 6866 7679 49319 19384 14542 96239 25780 2693
61 16
26401 30734 81777 91434 10448 74641 91850 17897 38128 4280 83635 78493 26630 270 99911 22628
495 11
98669 63009 12937 35848 37875 14463 62285 78162 5337 91286 35150
7558 16
50669 15771 15352 10365 65987 16721 4395 39203 55276 31456 76618 77763 29185 44963 83924 60484
2609 11
3199 87964 27499 6541 73286 1128 61940 63097 68840 50274 8162
9620 11
33179 65426 12849 13867 5576 50977 21016 17094 78351 65988 88604
8364 16
41327 81998 88838 12066 96410 57450 27425 4091 83689 61859 72560 11546 97319 24009 60410 97865
8004 11
57645 26705 76844 30115 15385 49145 43691 79871 62655 39350 75943
7895 10
98500 8357 44540 29032 58547 46408 89038 92025 93913 22741
2700 10
98285 35481 12918 6160 25033 84961 6407 99999 4844 62129
9824 10
90862 16142 98153 65308 98422 23036 43651 57414 15896 66959
4683 16
62452 49002 21394 30037 49822 16911 24724 79882 41177 48274 97246 88973 4400 93348 35695 71382
4800 12
65980 77170 15895 50681 84462 41980 3727 57019 86257 73807 9921 59510
4833 11
18668 20326 88713 79037 3880 19784 76269 67325 3846 73029 21745
5974 11
64753 49233 75206 27183 98932 21201 84033 81565 99226 71643 38978
1598 19
81280 34493 79514 10902 11831 64519 51557 13254 57788 30557 56326 9729 17390 93254 38745 38763 11607 3331 76495
1561 18
5669 37006 71237 27889 9880 92091 16710 90433 18027 37612 58267 53032 30326 38789 16984 92126 87458 25619
3966 15
939 95149 99125 60619 69537 54761 74493 23171 62225 49803 51394 57430 16019 25622 11189
7511 14
59683 71537 33910 16503 60278 76480 8434 7833 86698 75046 31358 77109 56141 61640
7901 19
29644 57998 72008 80845 88594 16893 51089 29395 2992 18318 46423 26579 58602 88339 83308 99186 57830 10970 83517
8975 15
2706 82501 35642 84051 63980 76905 39516 73332 76019 43384 92961 51053 69346 76395 88997
9524 16
7908 65628 3388 9486 66411 16967 39320 24288 1466 99830 60147 44681 65932 73040 83217 3758
8582 14
56004 41460 73331 60342 36499 83989 26310 78272 36362 90971 49047 91550 31680 95124
1055 15
19891 94770 74646 44346 48511 28720 57989 80197 19411 55998 89499 82162 86678 82915 5300
7541 18
20145 11479 83095 83579 38348 39512 9812 13215 36106 67202 90316 19940 93685 5324 36777 52966 86275 89555
3597 20
44464 59146 40462 90138 15572 37962 55285 73670 12667 43268 82493 26650 30212 76133 11413 84345 10118 95110 90342 43181
4255 20
81866 82795 67242 49819 64636 96564 4701 30433 86205 36939 72649 56287 43634 80831 86341 77860 26711 99761 86820 63616
6538 10
14933 70242 14029 46525 78623 11118 8287 63790 44112 80291
1560 16
86410 15046 41689 61302 61019 8093 48773 8391 58576 9908 56873 23287 54948 12591 70299 11810
3077 10
82176 78358 22929 82678 78346 38512 99417 18497 43951 79813
7411 10
26406 55583 2570 1625 95591 23573 20950 6138 44795 28926
4937 16
32368 42958 99772 14118 13013 17568 82694 67566 69022 679 10949 51326 40547 54222 8708 33444
7478 13
26481 88588 59972 47714 96005 49601 63201 75711 60512 71775 93328 80097 15090
9543 10
33083 16737 61793 16300 82555 66348 79223 2995 44427 52330
7389 18
73191 96539 55750 7893 52922 6141 28797 65733 50251 43180 24479 23459 88532 8061 18996 19237 57523 77292
621 12
43914 26690 78237 12449 70418 43214 34869 42478 44732 60228 97480 71051
4675 12
84202 80042 26293 28410 81589 73490 36137 97422 21239 70252 77775 86055
357 16
56416 29489 25803 19929 10222 44175 80180 92139 65813 13082 68392 61351 93205 9152 41663 33060
5294 20
98765 77661 28350 42723 87435 22139 35912 48322 78899 22848 16698 99504 93883 14456 24523 78911 80627 93228 95852 48438
